Using pre-set license
Built from '2022.3/staging' branch; Version is '2022.3.41f1 (0f988161febf) revision 1022081'; Using compiler version '192829333'; Build Type 'Release'
OS: 'Windows 10  (10.0.19045) 64bit Education' Language: 'en' Physical Memory: 65470 MB
BatchMode: 1, IsHumanControllingUs: 0, StartBugReporterOnCrash: 0, Is64bit: 1, IsPro: 1

COMMAND LINE ARGUMENTS:
C:\Program Files\Unity\Hub\Editor\2022.3.41f1\Editor\Unity.exe
-adb2
-batchMode
-noUpm
-name
AssetImportWorker9
-projectPath
C:/Users/Austin/Documents/GitHub/DungeonDefense/Dungeon Defense
-logFile
Logs/AssetImportWorker9.log
-srvPort
65271
Successfully changed project path to: C:/Users/Austin/Documents/GitHub/DungeonDefense/Dungeon Defense
C:/Users/Austin/Documents/GitHub/DungeonDefense/Dungeon Defense
[UnityMemory] Configuration Parameters - Can be set up in boot.config
    "memorysetup-bucket-allocator-granularity=16"
    "memorysetup-bucket-allocator-bucket-count=8"
    "memorysetup-bucket-allocator-block-size=33554432"
    "memorysetup-bucket-allocator-block-count=8"
    "memorysetup-main-allocator-block-size=16777216"
    "memorysetup-thread-allocator-block-size=16777216"
    "memorysetup-gfx-main-allocator-block-size=16777216"
    "memorysetup-gfx-thread-allocator-block-size=16777216"
    "memorysetup-cache-allocator-block-size=4194304"
    "memorysetup-typetree-allocator-block-size=2097152"
    "memorysetup-profiler-bucket-allocator-granularity=16"
    "memorysetup-profiler-bucket-allocator-bucket-count=8"
    "memorysetup-profiler-bucket-allocator-block-size=33554432"
    "memorysetup-profiler-bucket-allocator-block-count=8"
    "memorysetup-profiler-allocator-block-size=16777216"
    "memorysetup-profiler-editor-allocator-block-size=1048576"
    "memorysetup-temp-allocator-size-main=16777216"
    "memorysetup-job-temp-allocator-block-size=2097152"
    "memorysetup-job-temp-allocator-block-size-background=1048576"
    "memorysetup-job-temp-allocator-reduction-small-platforms=262144"
    "memorysetup-allocator-temp-initial-block-size-main=262144"
    "memorysetup-allocator-temp-initial-block-size-worker=262144"
    "memorysetup-temp-allocator-size-background-worker=32768"
    "memorysetup-temp-allocator-size-job-worker=262144"
    "memorysetup-temp-allocator-size-preload-manager=33554432"
    "memorysetup-temp-allocator-size-nav-mesh-worker=65536"
    "memorysetup-temp-allocator-size-audio-worker=65536"
    "memorysetup-temp-allocator-size-cloud-worker=32768"
    "memorysetup-temp-allocator-size-gi-baking-worker=262144"
    "memorysetup-temp-allocator-size-gfx=262144"
Player connection [30332]  Target information:

Player connection [30332]  * "[IP] 192.168.1.11 [Port] 0 [Flags] 2 [Guid] 1547813362 [EditorId] 1547813362 [Version] 1048832 [Id] WindowsEditor(7,Aroshia-Desktop) [Debug] 1 [PackageName] WindowsEditor [ProjectName] Editor" 

Player connection [30332]  * "[IP] 192.168.153.1 [Port] 0 [Flags] 2 [Guid] 1547813362 [EditorId] 1547813362 [Version] 1048832 [Id] WindowsEditor(7,Aroshia-Desktop) [Debug] 1 [PackageName] WindowsEditor [ProjectName] Editor" 

Player connection [30332]  * "[IP] 192.168.10.1 [Port] 0 [Flags] 2 [Guid] 1547813362 [EditorId] 1547813362 [Version] 1048832 [Id] WindowsEditor(7,Aroshia-Desktop) [Debug] 1 [PackageName] WindowsEditor [ProjectName] Editor" 

Player connection [30332]  * "[IP] 169.254.188.30 [Port] 0 [Flags] 2 [Guid] 1547813362 [EditorId] 1547813362 [Version] 1048832 [Id] WindowsEditor(7,Aroshia-Desktop) [Debug] 1 [PackageName] WindowsEditor [ProjectName] Editor" 

Player connection [30332] Host joined multi-casting on [225.0.0.222:54997]...
Player connection [30332] Host joined alternative multi-casting on [225.0.0.222:34997]...
[PhysX] Initialized MultithreadedTaskDispatcher with 8 workers.
Refreshing native plugins compatible for Editor in 16.14 ms, found 4 plugins.
Preloading 0 native plugins for Editor in 0.00 ms.
Initialize engine version: 2022.3.41f1 (0f988161febf)
[Subsystems] Discovering subsystems at path C:/Program Files/Unity/Hub/Editor/2022.3.41f1/Editor/Data/Resources/UnitySubsystems
[Subsystems] Discovering subsystems at path C:/Users/Austin/Documents/GitHub/DungeonDefense/Dungeon Defense/Assets
GfxDevice: creating device client; threaded=0; jobified=0
Direct3D:
    Version:  Direct3D 11.0 [level 11.1]
    Renderer: NVIDIA GeForce RTX 2070 SUPER (ID=0x1e84)
    Vendor:   NVIDIA
    VRAM:     7989 MB
    Driver:   32.0.15.7688
Initialize mono
Mono path[0] = 'C:/Program Files/Unity/Hub/Editor/2022.3.41f1/Editor/Data/Managed'
Mono path[1] = 'C:/Program Files/Unity/Hub/Editor/2022.3.41f1/Editor/Data/MonoBleedingEdge/lib/mono/unityjit-win32'
Mono config path = 'C:/Program Files/Unity/Hub/Editor/2022.3.41f1/Editor/Data/MonoBleedingEdge/etc'
Using monoOptions --debugger-agent=transport=dt_socket,embedding=1,server=y,suspend=n,address=127.0.0.1:56204
Begin MonoManager ReloadAssembly
Registering precompiled unity dll's ...
Register platform support module: C:/Program Files/Unity/Hub/Editor/2022.3.41f1/Editor/Data/PlaybackEngines/WebGLSupport/UnityEditor.WebGL.Extensions.dll
Register platform support module: C:/Program Files/Unity/Hub/Editor/2022.3.41f1/Editor/Data/PlaybackEngines/WindowsStandaloneSupport/UnityEditor.WindowsStandalone.Extensions.dll
Register platform support module: C:/Program Files/Unity/Hub/Editor/2022.3.41f1/Editor/Data/PlaybackEngines/MetroSupport/UnityEditor.UWP.Extensions.dll
Registered in 0.017020 seconds.
- Loaded All Assemblies, in  0.377 seconds
Native extension for UWP target not found
Native extension for WindowsStandalone target not found
Native extension for WebGL target not found
Mono: successfully reloaded assembly
- Finished resetting the current domain, in  0.306 seconds
Domain Reload Profiling: 680ms
	BeginReloadAssembly (106ms)
		ExecutionOrderSort (0ms)
		DisableScriptedObjects (0ms)
		BackupInstance (0ms)
		ReleaseScriptingObjects (0ms)
		CreateAndSetChildDomain (1ms)
	RebuildCommonClasses (31ms)
	RebuildNativeTypeToScriptingClass (10ms)
	initialDomainReloadingComplete (69ms)
	LoadAllAssembliesAndSetupDomain (158ms)
		LoadAssemblies (104ms)
		RebuildTransferFunctionScriptingTraits (0ms)
		AnalyzeDomain (155ms)
			TypeCache.Refresh (154ms)
				TypeCache.ScanAssembly (137ms)
			ScanForSourceGeneratedMonoScriptInfo (0ms)
			ResolveRequiredComponents (0ms)
	FinalizeReload (307ms)
		ReleaseScriptCaches (0ms)
		RebuildScriptCaches (0ms)
		SetupLoadedEditorAssemblies (245ms)
			LogAssemblyErrors (0ms)
			InitializePlatformSupportModulesInManaged (23ms)
			SetLoadedEditorAssemblies (6ms)
			RefreshPlugins (0ms)
			BeforeProcessingInitializeOnLoad (2ms)
			ProcessInitializeOnLoadAttributes (171ms)
			ProcessInitializeOnLoadMethodAttributes (43ms)
			AfterProcessingInitializeOnLoad (0ms)
			EditorAssembliesLoaded (0ms)
		ExecutionOrderSort2 (0ms)
		AwakeInstancesAfterBackupRestoration (0ms)
========================================================================
Worker process is ready to serve import requests
Caller must complete domain reload
Begin MonoManager ReloadAssembly
- Loaded All Assemblies, in  0.814 seconds
Native extension for UWP target not found
Native extension for WindowsStandalone target not found
Native extension for WebGL target not found
Package Manager log level set to [2]
[Package Manager] Server::EnsureServerProcessIsRunning -- launch failed, reason: Unity was launched with the -noUpm command-line argument
[Package Manager] UpmClient::Send -- Unable to send message (not connected to UPM process).
[Package Manager] Cannot connect to Unity Package Manager local server
Mono: successfully reloaded assembly
- Finished resetting the current domain, in  0.667 seconds
Domain Reload Profiling: 1476ms
	BeginReloadAssembly (184ms)
		ExecutionOrderSort (0ms)
		DisableScriptedObjects (5ms)
		BackupInstance (0ms)
		ReleaseScriptingObjects (0ms)
		CreateAndSetChildDomain (24ms)
	RebuildCommonClasses (45ms)
	RebuildNativeTypeToScriptingClass (15ms)
	initialDomainReloadingComplete (50ms)
	LoadAllAssembliesAndSetupDomain (515ms)
		LoadAssemblies (380ms)
		RebuildTransferFunctionScriptingTraits (0ms)
		AnalyzeDomain (247ms)
			TypeCache.Refresh (211ms)
				TypeCache.ScanAssembly (193ms)
			ScanForSourceGeneratedMonoScriptInfo (27ms)
			ResolveRequiredComponents (7ms)
	FinalizeReload (667ms)
		ReleaseScriptCaches (0ms)
		RebuildScriptCaches (0ms)
		SetupLoadedEditorAssemblies (494ms)
			LogAssemblyErrors (0ms)
			InitializePlatformSupportModulesInManaged (11ms)
			SetLoadedEditorAssemblies (3ms)
			RefreshPlugins (0ms)
			BeforeProcessingInitializeOnLoad (82ms)
			ProcessInitializeOnLoadAttributes (351ms)
			ProcessInitializeOnLoadMethodAttributes (36ms)
			AfterProcessingInitializeOnLoad (11ms)
			EditorAssembliesLoaded (0ms)
		ExecutionOrderSort2 (0ms)
		AwakeInstancesAfterBackupRestoration (7ms)
Launched and connected shader compiler UnityShaderCompiler.exe after 0.06 seconds
Refreshing native plugins compatible for Editor in 27.67 ms, found 4 plugins.
Preloading 0 native plugins for Editor in 0.00 ms.
Unloading 4443 Unused Serialized files (Serialized files now loaded: 0)
Unloading 45 unused Assets / (103.7 KB). Loaded Objects now: 4939.
Memory consumption went from 170.3 MB to 170.2 MB.
Total: 5.312100 ms (FindLiveObjects: 0.564400 ms CreateObjectMapping: 0.565900 ms MarkObjects: 4.089300 ms  DeleteObjects: 0.091100 ms)

AssetImportParameters requested are different than current active one (requested -> active):
  custom:container-demuxer-ogg: 62fdf1f143b41e24485cea50d1cbac27 -> 
  custom:video-decoder-ogg-theora: a1e56fd34408186e4bbccfd4996cb3dc -> 
  custom:framework-win-MediaFoundation: 216162199b28c13a410421893ffa2e32 -> 
  custom:CustomObjectIndexerAttribute: 9a22284fe3817be447336de3de66b15e -> 
  custom:container-demuxer-webm: 4f35f7cbe854078d1ac9338744f61a02 -> 
  custom:container-muxer-webm: aa71ff27fc2769a1b78a27578f13a17b -> 
  custom:video-decoder-webm-vp8: 9c59270c3fd7afecdb556c50c9e8de78 -> 
  custom:SearchIndexIgnoredProperties: e643bd26f0fe6173181afceb89e7c659 -> 
  custom:AudioImporter_EditorPlatform: d09bf68614088b80899f8185d706f6e7 -> 
  custom:video-encoder-webm-vp8: eb34c28f22e8b96e1ab97ce403110664 -> 
  custom:audio-decoder-ogg-vorbis: bf7c407c2cedff20999df2af8eb42d56 -> 
  custom:audio-encoder-webm-vorbis: bf7c407c2cedff20999df2af8eb42d56 -> 
========================================================================
Received Import Request.
  Time since last request: 454093.058534 seconds.
  path: Assets/_Assets/kenney_ui-pack/PNG/Green/Default/button_round_depth_gradient.png
  artifactKey: Guid(c4e88c1ce50a0e446bc998af5aec7173) Importer(815301076,1909f56bfc062723c751e8b465ee728b)
Start importing Assets/_Assets/kenney_ui-pack/PNG/Green/Default/button_round_depth_gradient.png using Guid(c4e88c1ce50a0e446bc998af5aec7173) Importer(815301076,1909f56bfc062723c751e8b465ee728b) [PhysX] Initialized MultithreadedTaskDispatcher with 8 workers.
[PhysX] Initialized MultithreadedTaskDispatcher with 8 workers.
 -> (artifact id: 'cc9096323b63ecdf1952a2328fb22c2e') in 0.167382 seconds
Number of updated asset objects reloaded before import = 0
Number of asset objects unloaded after import = 3
========================================================================
Received Import Request.
  Time since last request: 0.000738 seconds.
  path: Assets/_Assets/kenney_ui-pack/PNG/Yellow/Default/button_round_depth_flat.png
  artifactKey: Guid(c285566d7d8fcff478bc7f91aa04b81d) Importer(815301076,1909f56bfc062723c751e8b465ee728b)
Start importing Assets/_Assets/kenney_ui-pack/PNG/Yellow/Default/button_round_depth_flat.png using Guid(c285566d7d8fcff478bc7f91aa04b81d) Importer(815301076,1909f56bfc062723c751e8b465ee728b) [PhysX] Initialized MultithreadedTaskDispatcher with 8 workers.
[PhysX] Initialized MultithreadedTaskDispatcher with 8 workers.
 -> (artifact id: '07a1e2eeb77f07510b72be4df5e106f1') in 0.009283 seconds
Number of updated asset objects reloaded before import = 0
Number of asset objects unloaded after import = 3
========================================================================
Received Import Request.
  Time since last request: 0.002959 seconds.
  path: Assets/_Assets/kenney_ui-pack/PNG/Green/Double/button_round_depth_flat.png
  artifactKey: Guid(908c2421daee79b4ea04941255f054df) Importer(815301076,1909f56bfc062723c751e8b465ee728b)
Start importing Assets/_Assets/kenney_ui-pack/PNG/Green/Double/button_round_depth_flat.png using Guid(908c2421daee79b4ea04941255f054df) Importer(815301076,1909f56bfc062723c751e8b465ee728b) [PhysX] Initialized MultithreadedTaskDispatcher with 8 workers.
[PhysX] Initialized MultithreadedTaskDispatcher with 8 workers.
 -> (artifact id: '445ae1bf09bee197418070aab27a2635') in 0.015319 seconds
Number of updated asset objects reloaded before import = 0
Number of asset objects unloaded after import = 3
========================================================================
Received Import Request.
  Time since last request: 0.000017 seconds.
  path: Assets/_Assets/kenney_ui-pack/PNG/Green/Default/button_round_depth_flat.png
  artifactKey: Guid(9b0bd86f1d0b3db41a9502c2778556b5) Importer(815301076,1909f56bfc062723c751e8b465ee728b)
Start importing Assets/_Assets/kenney_ui-pack/PNG/Green/Default/button_round_depth_flat.png using Guid(9b0bd86f1d0b3db41a9502c2778556b5) Importer(815301076,1909f56bfc062723c751e8b465ee728b) [PhysX] Initialized MultithreadedTaskDispatcher with 8 workers.
[PhysX] Initialized MultithreadedTaskDispatcher with 8 workers.
 -> (artifact id: '1babc998a9adaa2cb62a16a1d15a687b') in 0.011418 seconds
Number of updated asset objects reloaded before import = 0
Number of asset objects unloaded after import = 3
========================================================================
Received Import Request.
  Time since last request: 0.000019 seconds.
  path: Assets/_Assets/kenney_ui-pack/PNG/Yellow/Double/button_round_flat.png
  artifactKey: Guid(4744881f9eebe7e4a81d77661eb8a7d5) Importer(815301076,1909f56bfc062723c751e8b465ee728b)
Start importing Assets/_Assets/kenney_ui-pack/PNG/Yellow/Double/button_round_flat.png using Guid(4744881f9eebe7e4a81d77661eb8a7d5) Importer(815301076,1909f56bfc062723c751e8b465ee728b) [PhysX] Initialized MultithreadedTaskDispatcher with 8 workers.
[PhysX] Initialized MultithreadedTaskDispatcher with 8 workers.
 -> (artifact id: 'e6cf31166ac7665de99081217240f37a') in 0.012626 seconds
Number of updated asset objects reloaded before import = 0
Number of asset objects unloaded after import = 3
========================================================================
Received Import Request.
  Time since last request: 0.000015 seconds.
  path: Assets/_Assets/kenney_ui-pack/PNG/Blue/Default/button_round_depth_gloss.png
  artifactKey: Guid(338d7905e6dd80a4186bd3906d7ff28c) Importer(815301076,1909f56bfc062723c751e8b465ee728b)
Start importing Assets/_Assets/kenney_ui-pack/PNG/Blue/Default/button_round_depth_gloss.png using Guid(338d7905e6dd80a4186bd3906d7ff28c) Importer(815301076,1909f56bfc062723c751e8b465ee728b) [PhysX] Initialized MultithreadedTaskDispatcher with 8 workers.
[PhysX] Initialized MultithreadedTaskDispatcher with 8 workers.
 -> (artifact id: '74eff74251ddd25d8e6e70f6655df5a2') in 0.008958 seconds
Number of updated asset objects reloaded before import = 0
Number of asset objects unloaded after import = 3
========================================================================
Received Import Request.
  Time since last request: 0.738371 seconds.
  path: Assets/_Assets/kenney_ui-pack/PNG/Grey/Double/button_round_gloss.png
  artifactKey: Guid(1db6e60d33666224f8f3e4a420d600a5) Importer(815301076,1909f56bfc062723c751e8b465ee728b)
Start importing Assets/_Assets/kenney_ui-pack/PNG/Grey/Double/button_round_gloss.png using Guid(1db6e60d33666224f8f3e4a420d600a5) Importer(815301076,1909f56bfc062723c751e8b465ee728b) [PhysX] Initialized MultithreadedTaskDispatcher with 8 workers.
[PhysX] Initialized MultithreadedTaskDispatcher with 8 workers.
 -> (artifact id: '97e4578094235bb11d955a1770a9eac1') in 0.008617 seconds
Number of updated asset objects reloaded before import = 0
Number of asset objects unloaded after import = 3
========================================================================
Received Import Request.
  Time since last request: 0.000015 seconds.
  path: Assets/_Assets/kenney_ui-pack/PNG/Yellow/Default/button_round_gloss.png
  artifactKey: Guid(47d4ae59ad0ad844ab3f2aa4c6a72ded) Importer(815301076,1909f56bfc062723c751e8b465ee728b)
Start importing Assets/_Assets/kenney_ui-pack/PNG/Yellow/Default/button_round_gloss.png using Guid(47d4ae59ad0ad844ab3f2aa4c6a72ded) Importer(815301076,1909f56bfc062723c751e8b465ee728b) [PhysX] Initialized MultithreadedTaskDispatcher with 8 workers.
[PhysX] Initialized MultithreadedTaskDispatcher with 8 workers.
 -> (artifact id: '2ce44fb9235c149d4f6d555cbe38b514') in 0.010649 seconds
Number of updated asset objects reloaded before import = 0
Number of asset objects unloaded after import = 3
========================================================================
Received Import Request.
  Time since last request: 0.000082 seconds.
  path: Assets/_Assets/kenney_ui-pack/PNG/Grey/Default/button_round_gradient.png
  artifactKey: Guid(a89a348a10ef26e41b6ba3f443bbbbae) Importer(815301076,1909f56bfc062723c751e8b465ee728b)
Start importing Assets/_Assets/kenney_ui-pack/PNG/Grey/Default/button_round_gradient.png using Guid(a89a348a10ef26e41b6ba3f443bbbbae) Importer(815301076,1909f56bfc062723c751e8b465ee728b) [PhysX] Initialized MultithreadedTaskDispatcher with 8 workers.
[PhysX] Initialized MultithreadedTaskDispatcher with 8 workers.
 -> (artifact id: '9da139f27bbde28a14b0b63258253544') in 0.010661 seconds
Number of updated asset objects reloaded before import = 0
Number of asset objects unloaded after import = 3
========================================================================
Received Import Request.
  Time since last request: 0.000018 seconds.
  path: Assets/_Assets/kenney_ui-pack/PNG/Green/Double/button_round_gradient.png
  artifactKey: Guid(d8d59c85e0450c44c8680ff7571772d2) Importer(815301076,1909f56bfc062723c751e8b465ee728b)
Start importing Assets/_Assets/kenney_ui-pack/PNG/Green/Double/button_round_gradient.png using Guid(d8d59c85e0450c44c8680ff7571772d2) Importer(815301076,1909f56bfc062723c751e8b465ee728b) [PhysX] Initialized MultithreadedTaskDispatcher with 8 workers.
[PhysX] Initialized MultithreadedTaskDispatcher with 8 workers.
 -> (artifact id: '2bf609110a30571b0b80e3d94f171ced') in 0.014640 seconds
Number of updated asset objects reloaded before import = 0
Number of asset objects unloaded after import = 3
========================================================================
Received Import Request.
  Time since last request: 0.000024 seconds.
  path: Assets/_Assets/kenney_ui-pack/PNG/Green/Double/button_round_gloss.png
  artifactKey: Guid(8ee32cbdb65a5ad4593e27572aa2dd78) Importer(815301076,1909f56bfc062723c751e8b465ee728b)
Start importing Assets/_Assets/kenney_ui-pack/PNG/Green/Double/button_round_gloss.png using Guid(8ee32cbdb65a5ad4593e27572aa2dd78) Importer(815301076,1909f56bfc062723c751e8b465ee728b) [PhysX] Initialized MultithreadedTaskDispatcher with 8 workers.
[PhysX] Initialized MultithreadedTaskDispatcher with 8 workers.
 -> (artifact id: '0c257edf1dd9467758d9c004f9d0ecab') in 0.009303 seconds
Number of updated asset objects reloaded before import = 0
Number of asset objects unloaded after import = 3
========================================================================
Received Import Request.
  Time since last request: 0.000327 seconds.
  path: Assets/_Assets/kenney_ui-pack/PNG/Blue/Double/button_round_gradient.png
  artifactKey: Guid(231cc097e11bd3d44a833db961bcb32f) Importer(815301076,1909f56bfc062723c751e8b465ee728b)
Start importing Assets/_Assets/kenney_ui-pack/PNG/Blue/Double/button_round_gradient.png using Guid(231cc097e11bd3d44a833db961bcb32f) Importer(815301076,1909f56bfc062723c751e8b465ee728b) [PhysX] Initialized MultithreadedTaskDispatcher with 8 workers.
[PhysX] Initialized MultithreadedTaskDispatcher with 8 workers.
 -> (artifact id: 'd1974f526a61633ff907f17a96fc1cdc') in 0.010896 seconds
Number of updated asset objects reloaded before import = 0
Number of asset objects unloaded after import = 3
========================================================================
Received Import Request.
  Time since last request: 0.000014 seconds.
  path: Assets/_Assets/kenney_ui-pack/PNG/Grey/Double/button_round_line.png
  artifactKey: Guid(7949657904b870c44890e2cb81befe3b) Importer(815301076,1909f56bfc062723c751e8b465ee728b)
Start importing Assets/_Assets/kenney_ui-pack/PNG/Grey/Double/button_round_line.png using Guid(7949657904b870c44890e2cb81befe3b) Importer(815301076,1909f56bfc062723c751e8b465ee728b) [PhysX] Initialized MultithreadedTaskDispatcher with 8 workers.
[PhysX] Initialized MultithreadedTaskDispatcher with 8 workers.
 -> (artifact id: 'f574f4e48eb8bdb01577ab9e29d44324') in 0.018625 seconds
Number of updated asset objects reloaded before import = 0
Number of asset objects unloaded after import = 3
========================================================================
Received Import Request.
  Time since last request: 0.000016 seconds.
  path: Assets/_Assets/kenney_ui-pack/PNG/Yellow/Default/button_round_line.png
  artifactKey: Guid(7127f15fafb6d3f40ad17f7734053411) Importer(815301076,1909f56bfc062723c751e8b465ee728b)
Start importing Assets/_Assets/kenney_ui-pack/PNG/Yellow/Default/button_round_line.png using Guid(7127f15fafb6d3f40ad17f7734053411) Importer(815301076,1909f56bfc062723c751e8b465ee728b) [PhysX] Initialized MultithreadedTaskDispatcher with 8 workers.
[PhysX] Initialized MultithreadedTaskDispatcher with 8 workers.
 -> (artifact id: '0d3ebf983fc170b7f0a463ae73ad326c') in 0.010362 seconds
Number of updated asset objects reloaded before import = 0
Number of asset objects unloaded after import = 3
========================================================================
Received Import Request.
  Time since last request: 0.000015 seconds.
  path: Assets/_Assets/kenney_ui-pack/PNG/Blue/Double/button_round_line.png
  artifactKey: Guid(ecf47b84ed7220946965a56c0ec6bf12) Importer(815301076,1909f56bfc062723c751e8b465ee728b)
Start importing Assets/_Assets/kenney_ui-pack/PNG/Blue/Double/button_round_line.png using Guid(ecf47b84ed7220946965a56c0ec6bf12) Importer(815301076,1909f56bfc062723c751e8b465ee728b) [PhysX] Initialized MultithreadedTaskDispatcher with 8 workers.
[PhysX] Initialized MultithreadedTaskDispatcher with 8 workers.
 -> (artifact id: 'cad39401a7df93a0a03d562857ad28b1') in 0.009588 seconds
Number of updated asset objects reloaded before import = 0
Number of asset objects unloaded after import = 3
========================================================================
Received Import Request.
  Time since last request: 0.000012 seconds.
  path: Assets/_Assets/kenney_ui-pack/PNG/Grey/Double/button_square_border.png
  artifactKey: Guid(e7f01085909cfc641aa50578205f0ac1) Importer(815301076,1909f56bfc062723c751e8b465ee728b)
Start importing Assets/_Assets/kenney_ui-pack/PNG/Grey/Double/button_square_border.png using Guid(e7f01085909cfc641aa50578205f0ac1) Importer(815301076,1909f56bfc062723c751e8b465ee728b) [PhysX] Initialized MultithreadedTaskDispatcher with 8 workers.
[PhysX] Initialized MultithreadedTaskDispatcher with 8 workers.
 -> (artifact id: 'a4600ac7492772af41dd8a8d2f4a62ac') in 0.007997 seconds
Number of updated asset objects reloaded before import = 0
Number of asset objects unloaded after import = 3
========================================================================
Received Import Request.
  Time since last request: 0.000013 seconds.
  path: Assets/_Assets/kenney_ui-pack/PNG/Green/Double/button_square_depth_border.png
  artifactKey: Guid(f658e79a0071a6245bcb08d9cd40bf4c) Importer(815301076,1909f56bfc062723c751e8b465ee728b)
Start importing Assets/_Assets/kenney_ui-pack/PNG/Green/Double/button_square_depth_border.png using Guid(f658e79a0071a6245bcb08d9cd40bf4c) Importer(815301076,1909f56bfc062723c751e8b465ee728b) [PhysX] Initialized MultithreadedTaskDispatcher with 8 workers.
[PhysX] Initialized MultithreadedTaskDispatcher with 8 workers.
 -> (artifact id: '9962324b8b1e6478ab5f193ee3bc06ab') in 0.010638 seconds
Number of updated asset objects reloaded before import = 0
Number of asset objects unloaded after import = 3
========================================================================
Received Import Request.
  Time since last request: 0.000013 seconds.
  path: Assets/_Assets/kenney_ui-pack/PNG/Red/Default/button_square_depth_border.png
  artifactKey: Guid(108822896b66b9f44a93fda67264e46c) Importer(815301076,1909f56bfc062723c751e8b465ee728b)
Start importing Assets/_Assets/kenney_ui-pack/PNG/Red/Default/button_square_depth_border.png using Guid(108822896b66b9f44a93fda67264e46c) Importer(815301076,1909f56bfc062723c751e8b465ee728b) [PhysX] Initialized MultithreadedTaskDispatcher with 8 workers.
[PhysX] Initialized MultithreadedTaskDispatcher with 8 workers.
 -> (artifact id: 'a9c9f5f94431ae5f95ef940ed960f806') in 0.008629 seconds
Number of updated asset objects reloaded before import = 0
Number of asset objects unloaded after import = 3
========================================================================
Received Import Request.
  Time since last request: 0.000016 seconds.
  path: Assets/_Assets/kenney_ui-pack/PNG/Blue/Default/button_square_border.png
  artifactKey: Guid(425a24c12ca87b14caf5599ccad39373) Importer(815301076,1909f56bfc062723c751e8b465ee728b)
Start importing Assets/_Assets/kenney_ui-pack/PNG/Blue/Default/button_square_border.png using Guid(425a24c12ca87b14caf5599ccad39373) Importer(815301076,1909f56bfc062723c751e8b465ee728b) [PhysX] Initialized MultithreadedTaskDispatcher with 8 workers.
[PhysX] Initialized MultithreadedTaskDispatcher with 8 workers.
 -> (artifact id: 'ce4631b31017057ace9251e570250ab2') in 0.010842 seconds
Number of updated asset objects reloaded before import = 0
Number of asset objects unloaded after import = 3
========================================================================
Received Import Request.
  Time since last request: 0.000015 seconds.
  path: Assets/_Assets/kenney_ui-pack/PNG/Blue/Double/button_square_border.png
  artifactKey: Guid(ce3d6f77378e6d943977490f3673aa78) Importer(815301076,1909f56bfc062723c751e8b465ee728b)
Start importing Assets/_Assets/kenney_ui-pack/PNG/Blue/Double/button_square_border.png using Guid(ce3d6f77378e6d943977490f3673aa78) Importer(815301076,1909f56bfc062723c751e8b465ee728b) [PhysX] Initialized MultithreadedTaskDispatcher with 8 workers.
[PhysX] Initialized MultithreadedTaskDispatcher with 8 workers.
 -> (artifact id: '3999a77bce05c2c0c7c41c9877bb2d93') in 0.009004 seconds
Number of updated asset objects reloaded before import = 0
Number of asset objects unloaded after import = 3
========================================================================
Received Import Request.
  Time since last request: 0.397560 seconds.
  path: Assets/_Assets/kenney_ui-pack/PNG/Grey/Default/button_square_depth_flat.png
  artifactKey: Guid(5032383f7129b5a448ef8545c55aeb41) Importer(815301076,1909f56bfc062723c751e8b465ee728b)
Start importing Assets/_Assets/kenney_ui-pack/PNG/Grey/Default/button_square_depth_flat.png using Guid(5032383f7129b5a448ef8545c55aeb41) Importer(815301076,1909f56bfc062723c751e8b465ee728b) [PhysX] Initialized MultithreadedTaskDispatcher with 8 workers.
[PhysX] Initialized MultithreadedTaskDispatcher with 8 workers.
 -> (artifact id: 'a4f69e7ac4334ef7a578b06e62a7bdea') in 0.007889 seconds
Number of updated asset objects reloaded before import = 0
Number of asset objects unloaded after import = 3
========================================================================
Received Import Request.
  Time since last request: 0.000016 seconds.
  path: Assets/_Assets/kenney_ui-pack/PNG/Blue/Default/button_square_depth_flat.png
  artifactKey: Guid(79b0826364537804ea289d739bbc7f95) Importer(815301076,1909f56bfc062723c751e8b465ee728b)
Start importing Assets/_Assets/kenney_ui-pack/PNG/Blue/Default/button_square_depth_flat.png using Guid(79b0826364537804ea289d739bbc7f95) Importer(815301076,1909f56bfc062723c751e8b465ee728b) [PhysX] Initialized MultithreadedTaskDispatcher with 8 workers.
[PhysX] Initialized MultithreadedTaskDispatcher with 8 workers.
 -> (artifact id: '0661b3073e3ef29c94e695006fef135e') in 0.011119 seconds
Number of updated asset objects reloaded before import = 0
Number of asset objects unloaded after import = 3
========================================================================
Received Import Request.
  Time since last request: 0.000017 seconds.
  path: Assets/_Assets/kenney_ui-pack/PNG/Grey/Default/button_square_depth_gloss.png
  artifactKey: Guid(391a71203ba83e74b8dfd3cf1375a3b8) Importer(815301076,1909f56bfc062723c751e8b465ee728b)
Start importing Assets/_Assets/kenney_ui-pack/PNG/Grey/Default/button_square_depth_gloss.png using Guid(391a71203ba83e74b8dfd3cf1375a3b8) Importer(815301076,1909f56bfc062723c751e8b465ee728b) [PhysX] Initialized MultithreadedTaskDispatcher with 8 workers.
[PhysX] Initialized MultithreadedTaskDispatcher with 8 workers.
 -> (artifact id: 'd30651aa531c3ff6d086f7a1833f86a0') in 0.009422 seconds
Number of updated asset objects reloaded before import = 0
Number of asset objects unloaded after import = 3
========================================================================
Received Import Request.
  Time since last request: 0.000028 seconds.
  path: Assets/_Assets/kenney_ui-pack/PNG/Blue/Default/button_square_depth_gloss.png
  artifactKey: Guid(502656a7cc23741409abf4cbe9bcd83d) Importer(815301076,1909f56bfc062723c751e8b465ee728b)
Start importing Assets/_Assets/kenney_ui-pack/PNG/Blue/Default/button_square_depth_gloss.png using Guid(502656a7cc23741409abf4cbe9bcd83d) Importer(815301076,1909f56bfc062723c751e8b465ee728b) [PhysX] Initialized MultithreadedTaskDispatcher with 8 workers.
[PhysX] Initialized MultithreadedTaskDispatcher with 8 workers.
 -> (artifact id: '70205e5b7adc5e02ea3ebc8d914a1f01') in 0.008136 seconds
Number of updated asset objects reloaded before import = 0
Number of asset objects unloaded after import = 3
========================================================================
Received Import Request.
  Time since last request: 0.036912 seconds.
  path: Assets/_Assets/kenney_ui-pack/PNG/Yellow/Default/button_square_depth_gradient.png
  artifactKey: Guid(e9d1f339e4b9a4e40b9c5b11ee88c051) Importer(815301076,1909f56bfc062723c751e8b465ee728b)
Start importing Assets/_Assets/kenney_ui-pack/PNG/Yellow/Default/button_square_depth_gradient.png using Guid(e9d1f339e4b9a4e40b9c5b11ee88c051) Importer(815301076,1909f56bfc062723c751e8b465ee728b) [PhysX] Initialized MultithreadedTaskDispatcher with 8 workers.
[PhysX] Initialized MultithreadedTaskDispatcher with 8 workers.
 -> (artifact id: '0b8e1da1a4347057a10f7b6c028aa327') in 0.007714 seconds
Number of updated asset objects reloaded before import = 0
Number of asset objects unloaded after import = 3
========================================================================
Received Import Request.
  Time since last request: 0.000015 seconds.
  path: Assets/_Assets/kenney_ui-pack/PNG/Extra/Default/button_square_depth_line.png
  artifactKey: Guid(d32fa865c5bb3b04eae9d7fb83134647) Importer(815301076,1909f56bfc062723c751e8b465ee728b)
Start importing Assets/_Assets/kenney_ui-pack/PNG/Extra/Default/button_square_depth_line.png using Guid(d32fa865c5bb3b04eae9d7fb83134647) Importer(815301076,1909f56bfc062723c751e8b465ee728b) [PhysX] Initialized MultithreadedTaskDispatcher with 8 workers.
[PhysX] Initialized MultithreadedTaskDispatcher with 8 workers.
 -> (artifact id: 'cf5b6b6ff013698eb661e9860a21950c') in 0.008680 seconds
Number of updated asset objects reloaded before import = 0
Number of asset objects unloaded after import = 3
========================================================================
Received Import Request.
  Time since last request: 0.000018 seconds.
  path: Assets/_Assets/kenney_ui-pack/PNG/Green/Default/button_square_depth_gradient.png
  artifactKey: Guid(6a567eb6f20544d498b31b542b2a8d8b) Importer(815301076,1909f56bfc062723c751e8b465ee728b)
Start importing Assets/_Assets/kenney_ui-pack/PNG/Green/Default/button_square_depth_gradient.png using Guid(6a567eb6f20544d498b31b542b2a8d8b) Importer(815301076,1909f56bfc062723c751e8b465ee728b) [PhysX] Initialized MultithreadedTaskDispatcher with 8 workers.
[PhysX] Initialized MultithreadedTaskDispatcher with 8 workers.
 -> (artifact id: '70be8d9fd8d60063fe5500cd229ea515') in 0.009515 seconds
Number of updated asset objects reloaded before import = 0
Number of asset objects unloaded after import = 3
========================================================================
Received Import Request.
  Time since last request: 0.000017 seconds.
  path: Assets/_Assets/kenney_ui-pack/PNG/Red/Default/button_square_depth_gradient.png
  artifactKey: Guid(fb9f2304b70e2a2448947bf12b9730d6) Importer(815301076,1909f56bfc062723c751e8b465ee728b)
Start importing Assets/_Assets/kenney_ui-pack/PNG/Red/Default/button_square_depth_gradient.png using Guid(fb9f2304b70e2a2448947bf12b9730d6) Importer(815301076,1909f56bfc062723c751e8b465ee728b) [PhysX] Initialized MultithreadedTaskDispatcher with 8 workers.
[PhysX] Initialized MultithreadedTaskDispatcher with 8 workers.
 -> (artifact id: 'a2b0e581d337d0156c8e2022e393c476') in 0.012264 seconds
Number of updated asset objects reloaded before import = 0
Number of asset objects unloaded after import = 3
========================================================================
Received Import Request.
  Time since last request: 0.000018 seconds.
  path: Assets/_Assets/kenney_ui-pack/PNG/Yellow/Double/button_square_depth_line.png
  artifactKey: Guid(0d07262ae5b02854d870fc852d9ccaf3) Importer(815301076,1909f56bfc062723c751e8b465ee728b)
Start importing Assets/_Assets/kenney_ui-pack/PNG/Yellow/Double/button_square_depth_line.png using Guid(0d07262ae5b02854d870fc852d9ccaf3) Importer(815301076,1909f56bfc062723c751e8b465ee728b) [PhysX] Initialized MultithreadedTaskDispatcher with 8 workers.
[PhysX] Initialized MultithreadedTaskDispatcher with 8 workers.
 -> (artifact id: '2720d7d89b65c081b3eed4686070eb20') in 0.010909 seconds
Number of updated asset objects reloaded before import = 0
Number of asset objects unloaded after import = 3
========================================================================
Received Import Request.
  Time since last request: 0.012820 seconds.
  path: Assets/_Assets/kenney_ui-pack/PNG/Yellow/Default/button_square_depth_line.png
  artifactKey: Guid(601fb7defa6f61b4d9df711f9e7a43a6) Importer(815301076,1909f56bfc062723c751e8b465ee728b)
Start importing Assets/_Assets/kenney_ui-pack/PNG/Yellow/Default/button_square_depth_line.png using Guid(601fb7defa6f61b4d9df711f9e7a43a6) Importer(815301076,1909f56bfc062723c751e8b465ee728b) [PhysX] Initialized MultithreadedTaskDispatcher with 8 workers.
[PhysX] Initialized MultithreadedTaskDispatcher with 8 workers.
 -> (artifact id: '55853a2d0cf48c18aeebc74cb56d0d03') in 0.008749 seconds
Number of updated asset objects reloaded before import = 0
Number of asset objects unloaded after import = 3
========================================================================
Received Import Request.
  Time since last request: 0.000020 seconds.
  path: Assets/_Assets/kenney_ui-pack/PNG/Green/Double/button_square_flat.png
  artifactKey: Guid(50adccff7f9a8164187495543a3e5bc5) Importer(815301076,1909f56bfc062723c751e8b465ee728b)
Start importing Assets/_Assets/kenney_ui-pack/PNG/Green/Double/button_square_flat.png using Guid(50adccff7f9a8164187495543a3e5bc5) Importer(815301076,1909f56bfc062723c751e8b465ee728b) [PhysX] Initialized MultithreadedTaskDispatcher with 8 workers.
[PhysX] Initialized MultithreadedTaskDispatcher with 8 workers.
 -> (artifact id: '3b0d7c6850575a157d690e1e9b9996d7') in 0.016495 seconds
Number of updated asset objects reloaded before import = 0
Number of asset objects unloaded after import = 3
========================================================================
Received Import Request.
  Time since last request: 0.000020 seconds.
  path: Assets/_Assets/kenney_ui-pack/PNG/Red/Default/button_square_flat.png
  artifactKey: Guid(be03943753929ff408ef38896c4cae42) Importer(815301076,1909f56bfc062723c751e8b465ee728b)
Start importing Assets/_Assets/kenney_ui-pack/PNG/Red/Default/button_square_flat.png using Guid(be03943753929ff408ef38896c4cae42) Importer(815301076,1909f56bfc062723c751e8b465ee728b) [PhysX] Initialized MultithreadedTaskDispatcher with 8 workers.
[PhysX] Initialized MultithreadedTaskDispatcher with 8 workers.
 -> (artifact id: 'fb64e863712ddeda8b023974557b8840') in 0.012891 seconds
Number of updated asset objects reloaded before import = 0
Number of asset objects unloaded after import = 3
========================================================================
Received Import Request.
  Time since last request: 0.000016 seconds.
  path: Assets/_Assets/kenney_ui-pack/PNG/Red/Double/button_square_flat.png
  artifactKey: Guid(7457ece576375f24b98ef9b400854442) Importer(815301076,1909f56bfc062723c751e8b465ee728b)
Start importing Assets/_Assets/kenney_ui-pack/PNG/Red/Double/button_square_flat.png using Guid(7457ece576375f24b98ef9b400854442) Importer(815301076,1909f56bfc062723c751e8b465ee728b) [PhysX] Initialized MultithreadedTaskDispatcher with 8 workers.
[PhysX] Initialized MultithreadedTaskDispatcher with 8 workers.
 -> (artifact id: '96b7f938ca67869fd173d30b16b4c854') in 0.013953 seconds
Number of updated asset objects reloaded before import = 0
Number of asset objects unloaded after import = 3
========================================================================
Received Import Request.
  Time since last request: 1.772804 seconds.
  path: Assets/_Assets/kenney_ui-pack/PNG/Grey/Default/button_square_gloss.png
  artifactKey: Guid(158ea21c49313744e9df8dd33b1d105f) Importer(815301076,1909f56bfc062723c751e8b465ee728b)
Start importing Assets/_Assets/kenney_ui-pack/PNG/Grey/Default/button_square_gloss.png using Guid(158ea21c49313744e9df8dd33b1d105f) Importer(815301076,1909f56bfc062723c751e8b465ee728b) [PhysX] Initialized MultithreadedTaskDispatcher with 8 workers.
[PhysX] Initialized MultithreadedTaskDispatcher with 8 workers.
 -> (artifact id: 'aaf244a197a423ca20fc8504638dfc68') in 0.007520 seconds
Number of updated asset objects reloaded before import = 0
Number of asset objects unloaded after import = 3
========================================================================
Received Import Request.
  Time since last request: 0.000013 seconds.
  path: Assets/_Assets/kenney_ui-pack/PNG/Grey/Default/button_square_gradient.png
  artifactKey: Guid(4f32176af61603642b2510b6f81b09fa) Importer(815301076,1909f56bfc062723c751e8b465ee728b)
Start importing Assets/_Assets/kenney_ui-pack/PNG/Grey/Default/button_square_gradient.png using Guid(4f32176af61603642b2510b6f81b09fa) Importer(815301076,1909f56bfc062723c751e8b465ee728b) [PhysX] Initialized MultithreadedTaskDispatcher with 8 workers.
[PhysX] Initialized MultithreadedTaskDispatcher with 8 workers.
 -> (artifact id: 'e5b1863d747c0fcc796adfffe59022a8') in 0.007744 seconds
Number of updated asset objects reloaded before import = 0
Number of asset objects unloaded after import = 3
========================================================================
Received Import Request.
  Time since last request: 0.000016 seconds.
  path: Assets/_Assets/kenney_ui-pack/PNG/Red/Default/button_square_gradient.png
  artifactKey: Guid(c6e7c45620a0de249a5b12c3275cdec6) Importer(815301076,1909f56bfc062723c751e8b465ee728b)
Start importing Assets/_Assets/kenney_ui-pack/PNG/Red/Default/button_square_gradient.png using Guid(c6e7c45620a0de249a5b12c3275cdec6) Importer(815301076,1909f56bfc062723c751e8b465ee728b) [PhysX] Initialized MultithreadedTaskDispatcher with 8 workers.
[PhysX] Initialized MultithreadedTaskDispatcher with 8 workers.
 -> (artifact id: '08028e76eb8002902f2c48ea9c29eb9c') in 0.009154 seconds
Number of updated asset objects reloaded before import = 0
Number of asset objects unloaded after import = 3
========================================================================
Received Import Request.
  Time since last request: 0.000014 seconds.
  path: Assets/_Assets/kenney_ui-pack/PNG/Yellow/Default/button_square_gradient.png
  artifactKey: Guid(15255b75564953a41a17f9ed08538a30) Importer(815301076,1909f56bfc062723c751e8b465ee728b)
Start importing Assets/_Assets/kenney_ui-pack/PNG/Yellow/Default/button_square_gradient.png using Guid(15255b75564953a41a17f9ed08538a30) Importer(815301076,1909f56bfc062723c751e8b465ee728b) [PhysX] Initialized MultithreadedTaskDispatcher with 8 workers.
[PhysX] Initialized MultithreadedTaskDispatcher with 8 workers.
 -> (artifact id: '258f55db3e5629901d64af67ecb435df') in 0.010089 seconds
Number of updated asset objects reloaded before import = 0
Number of asset objects unloaded after import = 3
========================================================================
Received Import Request.
  Time since last request: 0.940182 seconds.
  path: Assets/_Assets/kenney_ui-pack/PNG/Blue/Default/button_square_line.png
  artifactKey: Guid(72d199d7b75e7284bab71f189db02c14) Importer(815301076,1909f56bfc062723c751e8b465ee728b)
Start importing Assets/_Assets/kenney_ui-pack/PNG/Blue/Default/button_square_line.png using Guid(72d199d7b75e7284bab71f189db02c14) Importer(815301076,1909f56bfc062723c751e8b465ee728b) [PhysX] Initialized MultithreadedTaskDispatcher with 8 workers.
[PhysX] Initialized MultithreadedTaskDispatcher with 8 workers.
 -> (artifact id: '71a66abd7541153c093095b598f827b3') in 0.007474 seconds
Number of updated asset objects reloaded before import = 0
Number of asset objects unloaded after import = 3
========================================================================
Received Import Request.
  Time since last request: 0.000016 seconds.
  path: Assets/_Assets/kenney_ui-pack/PNG/Red/Default/button_square_line.png
  artifactKey: Guid(a6d1ded8dbfc41a4ebb87db2de76b54c) Importer(815301076,1909f56bfc062723c751e8b465ee728b)
Start importing Assets/_Assets/kenney_ui-pack/PNG/Red/Default/button_square_line.png using Guid(a6d1ded8dbfc41a4ebb87db2de76b54c) Importer(815301076,1909f56bfc062723c751e8b465ee728b) [PhysX] Initialized MultithreadedTaskDispatcher with 8 workers.
[PhysX] Initialized MultithreadedTaskDispatcher with 8 workers.
 -> (artifact id: '786384e9cd62e0a9cef9afc55e710cf5') in 0.009185 seconds
Number of updated asset objects reloaded before import = 0
Number of asset objects unloaded after import = 3
========================================================================
Received Import Request.
  Time since last request: 0.000016 seconds.
  path: Assets/_Assets/kenney_ui-pack/PNG/Yellow/Default/button_square_line.png
  artifactKey: Guid(3546e7a77ec62594f9737c8e2814f0a5) Importer(815301076,1909f56bfc062723c751e8b465ee728b)
Start importing Assets/_Assets/kenney_ui-pack/PNG/Yellow/Default/button_square_line.png using Guid(3546e7a77ec62594f9737c8e2814f0a5) Importer(815301076,1909f56bfc062723c751e8b465ee728b) [PhysX] Initialized MultithreadedTaskDispatcher with 8 workers.
[PhysX] Initialized MultithreadedTaskDispatcher with 8 workers.
 -> (artifact id: '1c6f5173635399b49330a50392004950') in 0.008715 seconds
Number of updated asset objects reloaded before import = 0
Number of asset objects unloaded after import = 3
========================================================================
Received Import Request.
  Time since last request: 1.393058 seconds.
  path: Assets/_Assets/kenney_ui-pack/PNG/Blue/Double/check_round_color.png
  artifactKey: Guid(5bd6a995d18804b48a518c7b51dfbeb6) Importer(815301076,1909f56bfc062723c751e8b465ee728b)
Start importing Assets/_Assets/kenney_ui-pack/PNG/Blue/Double/check_round_color.png using Guid(5bd6a995d18804b48a518c7b51dfbeb6) Importer(815301076,1909f56bfc062723c751e8b465ee728b) [PhysX] Initialized MultithreadedTaskDispatcher with 8 workers.
[PhysX] Initialized MultithreadedTaskDispatcher with 8 workers.
 -> (artifact id: 'eca1cc0facb67ea035782ec525f53308') in 0.007185 seconds
Number of updated asset objects reloaded before import = 0
Number of asset objects unloaded after import = 3
========================================================================
Received Import Request.
  Time since last request: 0.000013 seconds.
  path: Assets/_Assets/kenney_ui-pack/PNG/Yellow/Default/check_round_color.png
  artifactKey: Guid(8b3825108022381489af64db84aaa992) Importer(815301076,1909f56bfc062723c751e8b465ee728b)
Start importing Assets/_Assets/kenney_ui-pack/PNG/Yellow/Default/check_round_color.png using Guid(8b3825108022381489af64db84aaa992) Importer(815301076,1909f56bfc062723c751e8b465ee728b) [PhysX] Initialized MultithreadedTaskDispatcher with 8 workers.
[PhysX] Initialized MultithreadedTaskDispatcher with 8 workers.
 -> (artifact id: '69da9952338f02075c5921019bddf3cc') in 0.009962 seconds
Number of updated asset objects reloaded before import = 0
Number of asset objects unloaded after import = 3
========================================================================
Received Import Request.
  Time since last request: 0.000015 seconds.
  path: Assets/_Assets/kenney_ui-pack/PNG/Green/Default/check_round_grey.png
  artifactKey: Guid(2d1d8a6ea1230f84cb696766bd0ce3b9) Importer(815301076,1909f56bfc062723c751e8b465ee728b)
Start importing Assets/_Assets/kenney_ui-pack/PNG/Green/Default/check_round_grey.png using Guid(2d1d8a6ea1230f84cb696766bd0ce3b9) Importer(815301076,1909f56bfc062723c751e8b465ee728b) [PhysX] Initialized MultithreadedTaskDispatcher with 8 workers.
[PhysX] Initialized MultithreadedTaskDispatcher with 8 workers.
 -> (artifact id: '7d3870d8d05e27a0be55786d03eabfff') in 0.010349 seconds
Number of updated asset objects reloaded before import = 0
Number of asset objects unloaded after import = 3
========================================================================
Received Import Request.
  Time since last request: 0.000015 seconds.
  path: Assets/_Assets/kenney_ui-pack/PNG/Grey/Default/check_round_grey.png
  artifactKey: Guid(72c8c2766f504874d908604089c6e5e2) Importer(815301076,1909f56bfc062723c751e8b465ee728b)
Start importing Assets/_Assets/kenney_ui-pack/PNG/Grey/Default/check_round_grey.png using Guid(72c8c2766f504874d908604089c6e5e2) Importer(815301076,1909f56bfc062723c751e8b465ee728b) [PhysX] Initialized MultithreadedTaskDispatcher with 8 workers.
[PhysX] Initialized MultithreadedTaskDispatcher with 8 workers.
 -> (artifact id: 'a96f0139d35ac4c7e0b6391fa5e8f017') in 0.013427 seconds
Number of updated asset objects reloaded before import = 0
Number of asset objects unloaded after import = 3
========================================================================
Received Import Request.
  Time since last request: 0.000017 seconds.
  path: Assets/_Assets/kenney_ui-pack/PNG/Green/Double/check_round_color.png
  artifactKey: Guid(4b3e616b657f9444a9c75ee536854eb0) Importer(815301076,1909f56bfc062723c751e8b465ee728b)
Start importing Assets/_Assets/kenney_ui-pack/PNG/Green/Double/check_round_color.png using Guid(4b3e616b657f9444a9c75ee536854eb0) Importer(815301076,1909f56bfc062723c751e8b465ee728b) [PhysX] Initialized MultithreadedTaskDispatcher with 8 workers.
[PhysX] Initialized MultithreadedTaskDispatcher with 8 workers.
 -> (artifact id: '1b0c49451e20c03d4a62fd8661eb065e') in 0.014278 seconds
Number of updated asset objects reloaded before import = 0
Number of asset objects unloaded after import = 3
========================================================================
Received Import Request.
  Time since last request: 0.083037 seconds.
  path: Assets/_Assets/kenney_ui-pack/PNG/Blue/Default/check_round_grey_circle.png
  artifactKey: Guid(1db7dfeeae4a5a4459235b141e3317ad) Importer(815301076,1909f56bfc062723c751e8b465ee728b)
Start importing Assets/_Assets/kenney_ui-pack/PNG/Blue/Default/check_round_grey_circle.png using Guid(1db7dfeeae4a5a4459235b141e3317ad) Importer(815301076,1909f56bfc062723c751e8b465ee728b) [PhysX] Initialized MultithreadedTaskDispatcher with 8 workers.
[PhysX] Initialized MultithreadedTaskDispatcher with 8 workers.
 -> (artifact id: '071a8778d8edd8a4a2d488afdaa07012') in 0.010570 seconds
Number of updated asset objects reloaded before import = 0
Number of asset objects unloaded after import = 3
========================================================================
Received Import Request.
  Time since last request: 0.000014 seconds.
  path: Assets/_Assets/kenney_ui-pack/PNG/Yellow/Default/check_round_grey_circle.png
  artifactKey: Guid(f4ef46afe86e2564889630cccc3db996) Importer(815301076,1909f56bfc062723c751e8b465ee728b)
Start importing Assets/_Assets/kenney_ui-pack/PNG/Yellow/Default/check_round_grey_circle.png using Guid(f4ef46afe86e2564889630cccc3db996) Importer(815301076,1909f56bfc062723c751e8b465ee728b) [PhysX] Initialized MultithreadedTaskDispatcher with 8 workers.
[PhysX] Initialized MultithreadedTaskDispatcher with 8 workers.
 -> (artifact id: 'b62f72f3aa9dde30d0c194e98c153700') in 0.015821 seconds
Number of updated asset objects reloaded before import = 0
Number of asset objects unloaded after import = 3
========================================================================
Received Import Request.
  Time since last request: 0.000016 seconds.
  path: Assets/_Assets/kenney_ui-pack/PNG/Red/Double/check_round_round_circle.png
  artifactKey: Guid(de3a2b6c2d8b2ba49be29aaf295e8958) Importer(815301076,1909f56bfc062723c751e8b465ee728b)
Start importing Assets/_Assets/kenney_ui-pack/PNG/Red/Double/check_round_round_circle.png using Guid(de3a2b6c2d8b2ba49be29aaf295e8958) Importer(815301076,1909f56bfc062723c751e8b465ee728b) [PhysX] Initialized MultithreadedTaskDispatcher with 8 workers.
[PhysX] Initialized MultithreadedTaskDispatcher with 8 workers.
 -> (artifact id: 'd18b8e0ff967dc80865048c7cfba0bcd') in 0.015304 seconds
Number of updated asset objects reloaded before import = 0
Number of asset objects unloaded after import = 3
========================================================================
Received Import Request.
  Time since last request: 0.000014 seconds.
  path: Assets/_Assets/kenney_ui-pack/PNG/Red/Double/check_round_grey_circle.png
  artifactKey: Guid(f4aeaadadf2451c4bbc90236b9197559) Importer(815301076,1909f56bfc062723c751e8b465ee728b)
Start importing Assets/_Assets/kenney_ui-pack/PNG/Red/Double/check_round_grey_circle.png using Guid(f4aeaadadf2451c4bbc90236b9197559) Importer(815301076,1909f56bfc062723c751e8b465ee728b) [PhysX] Initialized MultithreadedTaskDispatcher with 8 workers.
[PhysX] Initialized MultithreadedTaskDispatcher with 8 workers.
 -> (artifact id: '05b5b976a86af86ef112d38da6d0675b') in 0.014191 seconds
Number of updated asset objects reloaded before import = 0
Number of asset objects unloaded after import = 3
========================================================================
Received Import Request.
  Time since last request: 1.269869 seconds.
  path: Assets/_Assets/kenney_ui-pack/PNG/Grey/Double/check_square_color.png
  artifactKey: Guid(984f646cb29387648a31939d448d8970) Importer(815301076,1909f56bfc062723c751e8b465ee728b)
Start importing Assets/_Assets/kenney_ui-pack/PNG/Grey/Double/check_square_color.png using Guid(984f646cb29387648a31939d448d8970) Importer(815301076,1909f56bfc062723c751e8b465ee728b) [PhysX] Initialized MultithreadedTaskDispatcher with 8 workers.
[PhysX] Initialized MultithreadedTaskDispatcher with 8 workers.
 -> (artifact id: '4a6ee1a2578ab399bf3ed3f4437c2ffd') in 0.006833 seconds
Number of updated asset objects reloaded before import = 0
Number of asset objects unloaded after import = 3
========================================================================
Received Import Request.
  Time since last request: 0.000028 seconds.
  path: Assets/_Assets/kenney_ui-pack/PNG/Blue/Double/check_square_color.png
  artifactKey: Guid(dfe3d0f1dc0c4864781a5509df62c84a) Importer(815301076,1909f56bfc062723c751e8b465ee728b)
Start importing Assets/_Assets/kenney_ui-pack/PNG/Blue/Double/check_square_color.png using Guid(dfe3d0f1dc0c4864781a5509df62c84a) Importer(815301076,1909f56bfc062723c751e8b465ee728b) [PhysX] Initialized MultithreadedTaskDispatcher with 8 workers.
[PhysX] Initialized MultithreadedTaskDispatcher with 8 workers.
 -> (artifact id: '88df2470f1c0291816c944d1ff32d7a4') in 0.007710 seconds
Number of updated asset objects reloaded before import = 0
Number of asset objects unloaded after import = 3
========================================================================
Received Import Request.
  Time since last request: 0.000015 seconds.
  path: Assets/_Assets/kenney_ui-pack/PNG/Green/Default/check_square_color_checkmark.png
  artifactKey: Guid(27ff038d5f680ee49a250324bf2c0bdf) Importer(815301076,1909f56bfc062723c751e8b465ee728b)
Start importing Assets/_Assets/kenney_ui-pack/PNG/Green/Default/check_square_color_checkmark.png using Guid(27ff038d5f680ee49a250324bf2c0bdf) Importer(815301076,1909f56bfc062723c751e8b465ee728b) [PhysX] Initialized MultithreadedTaskDispatcher with 8 workers.
[PhysX] Initialized MultithreadedTaskDispatcher with 8 workers.
 -> (artifact id: 'c1219cef0f2d219abfb2ec95c894700b') in 0.010763 seconds
Number of updated asset objects reloaded before import = 0
Number of asset objects unloaded after import = 3
========================================================================
Received Import Request.
  Time since last request: 0.000015 seconds.
  path: Assets/_Assets/kenney_ui-pack/PNG/Blue/Default/check_square_color.png
  artifactKey: Guid(fffa918a7551fe74789af52ac3e2a05b) Importer(815301076,1909f56bfc062723c751e8b465ee728b)
Start importing Assets/_Assets/kenney_ui-pack/PNG/Blue/Default/check_square_color.png using Guid(fffa918a7551fe74789af52ac3e2a05b) Importer(815301076,1909f56bfc062723c751e8b465ee728b) [PhysX] Initialized MultithreadedTaskDispatcher with 8 workers.
[PhysX] Initialized MultithreadedTaskDispatcher with 8 workers.
 -> (artifact id: '5b5b43f2dcc7e265aab771daa5b8c841') in 0.008371 seconds
Number of updated asset objects reloaded before import = 0
Number of asset objects unloaded after import = 3
Editor requested this worker to shutdown with reason: Scaling down because of idle timeout
TcpMessagingSession - receive error: operation aborted. errorcode: 995, details: The I/O operation has been aborted because of either a thread exit or an application request.
AssetImportWorker is now disconnected from the server
Process exiting
Exiting without the bug reporter. Application will terminate with return code 0