Using pre-set license
Built from '2022.3/staging' branch; Version is '2022.3.41f1 (0f988161febf) revision 1022081'; Using compiler version '192829333'; Build Type 'Release'
OS: 'Windows 11  (10.0.26100) 64bit Core' Language: 'en' Physical Memory: 16163 MB
BatchMode: 1, IsHumanControllingUs: 0, StartBugReporterOnCrash: 0, Is64bit: 1, IsPro: 1

COMMAND LINE ARGUMENTS:
C:\Program Files\Unity\Hub\Editor\2022.3.41f1\Editor\Unity.exe
-adb2
-batchMode
-noUpm
-name
AssetImportWorker10
-projectPath
C:/Users/Austin Horn/Documents/GitHub/DungeonDefense/Dungeon Defense
-logFile
Logs/AssetImportWorker10.log
-srvPort
49413
Successfully changed project path to: C:/Users/Austin Horn/Documents/GitHub/DungeonDefense/Dungeon Defense
C:/Users/Austin Horn/Documents/GitHub/DungeonDefense/Dungeon Defense
[UnityMemory] Configuration Parameters - Can be set up in boot.config
    "memorysetup-bucket-allocator-granularity=16"
    "memorysetup-bucket-allocator-bucket-count=8"
    "memorysetup-bucket-allocator-block-size=33554432"
    "memorysetup-bucket-allocator-block-count=8"
    "memorysetup-main-allocator-block-size=16777216"
    "memorysetup-thread-allocator-block-size=16777216"
    "memorysetup-gfx-main-allocator-block-size=16777216"
    "memorysetup-gfx-thread-allocator-block-size=16777216"
    "memorysetup-cache-allocator-block-size=4194304"
    "memorysetup-typetree-allocator-block-size=2097152"
    "memorysetup-profiler-bucket-allocator-granularity=16"
    "memorysetup-profiler-bucket-allocator-bucket-count=8"
    "memorysetup-profiler-bucket-allocator-block-size=33554432"
    "memorysetup-profiler-bucket-allocator-block-count=8"
    "memorysetup-profiler-allocator-block-size=16777216"
    "memorysetup-profiler-editor-allocator-block-size=1048576"
    "memorysetup-temp-allocator-size-main=16777216"
    "memorysetup-job-temp-allocator-block-size=2097152"
    "memorysetup-job-temp-allocator-block-size-background=1048576"
    "memorysetup-job-temp-allocator-reduction-small-platforms=262144"
    "memorysetup-allocator-temp-initial-block-size-main=262144"
    "memorysetup-allocator-temp-initial-block-size-worker=262144"
    "memorysetup-temp-allocator-size-background-worker=32768"
    "memorysetup-temp-allocator-size-job-worker=262144"
    "memorysetup-temp-allocator-size-preload-manager=33554432"
    "memorysetup-temp-allocator-size-nav-mesh-worker=65536"
    "memorysetup-temp-allocator-size-audio-worker=65536"
    "memorysetup-temp-allocator-size-cloud-worker=32768"
    "memorysetup-temp-allocator-size-gi-baking-worker=262144"
    "memorysetup-temp-allocator-size-gfx=262144"
Player connection [37992]  Target information:

Player connection [37992]  * "[IP] 192.168.4.95 [Port] 0 [Flags] 2 [Guid] 914432855 [EditorId] 914432855 [Version] 1048832 [Id] WindowsEditor(7,LAPTOP-B5653K2S) [Debug] 1 [PackageName] WindowsEditor [ProjectName] Editor" 

Player connection [37992] Host joined multi-casting on [225.0.0.222:54997]...
Player connection [37992] Host joined alternative multi-casting on [225.0.0.222:34997]...
[PhysX] Initialized MultithreadedTaskDispatcher with 16 workers.
Refreshing native plugins compatible for Editor in 6.19 ms, found 3 plugins.
Preloading 0 native plugins for Editor in 0.00 ms.
Initialize engine version: 2022.3.41f1 (0f988161febf)
[Subsystems] Discovering subsystems at path C:/Program Files/Unity/Hub/Editor/2022.3.41f1/Editor/Data/Resources/UnitySubsystems
[Subsystems] Discovering subsystems at path C:/Users/Austin Horn/Documents/GitHub/DungeonDefense/Dungeon Defense/Assets
GfxDevice: creating device client; threaded=0; jobified=0
Direct3D:
    Version:  Direct3D 11.0 [level 11.1]
    Renderer: NVIDIA GeForce RTX 3060 Laptop GPU (ID=0x2520)
    Vendor:   NVIDIA
    VRAM:     5996 MB
    Driver:   32.0.15.7283
Initialize mono
Mono path[0] = 'C:/Program Files/Unity/Hub/Editor/2022.3.41f1/Editor/Data/Managed'
Mono path[1] = 'C:/Program Files/Unity/Hub/Editor/2022.3.41f1/Editor/Data/MonoBleedingEdge/lib/mono/unityjit-win32'
Mono config path = 'C:/Program Files/Unity/Hub/Editor/2022.3.41f1/Editor/Data/MonoBleedingEdge/etc'
Using monoOptions --debugger-agent=transport=dt_socket,embedding=1,server=y,suspend=n,address=127.0.0.1:56308
Begin MonoManager ReloadAssembly
Registering precompiled unity dll's ...
Register platform support module: C:/Program Files/Unity/Hub/Editor/2022.3.41f1/Editor/Data/PlaybackEngines/WebGLSupport/UnityEditor.WebGL.Extensions.dll
Register platform support module: C:/Program Files/Unity/Hub/Editor/2022.3.41f1/Editor/Data/PlaybackEngines/WindowsStandaloneSupport/UnityEditor.WindowsStandalone.Extensions.dll
Register platform support module: C:/Program Files/Unity/Hub/Editor/2022.3.41f1/Editor/Data/PlaybackEngines/MetroSupport/UnityEditor.UWP.Extensions.dll
Registered in 0.007136 seconds.
- Loaded All Assemblies, in  0.274 seconds
Native extension for UWP target not found
Native extension for WindowsStandalone target not found
Native extension for WebGL target not found
Mono: successfully reloaded assembly
- Finished resetting the current domain, in  0.194 seconds
Domain Reload Profiling: 467ms
	BeginReloadAssembly (77ms)
		ExecutionOrderSort (0ms)
		DisableScriptedObjects (0ms)
		BackupInstance (0ms)
		ReleaseScriptingObjects (0ms)
		CreateAndSetChildDomain (1ms)
	RebuildCommonClasses (26ms)
	RebuildNativeTypeToScriptingClass (8ms)
	initialDomainReloadingComplete (50ms)
	LoadAllAssembliesAndSetupDomain (112ms)
		LoadAssemblies (76ms)
		RebuildTransferFunctionScriptingTraits (0ms)
		AnalyzeDomain (110ms)
			TypeCache.Refresh (108ms)
				TypeCache.ScanAssembly (96ms)
			ScanForSourceGeneratedMonoScriptInfo (0ms)
			ResolveRequiredComponents (0ms)
	FinalizeReload (194ms)
		ReleaseScriptCaches (0ms)
		RebuildScriptCaches (0ms)
		SetupLoadedEditorAssemblies (159ms)
			LogAssemblyErrors (0ms)
			InitializePlatformSupportModulesInManaged (8ms)
			SetLoadedEditorAssemblies (4ms)
			RefreshPlugins (0ms)
			BeforeProcessingInitializeOnLoad (2ms)
			ProcessInitializeOnLoadAttributes (110ms)
			ProcessInitializeOnLoadMethodAttributes (35ms)
			AfterProcessingInitializeOnLoad (0ms)
			EditorAssembliesLoaded (0ms)
		ExecutionOrderSort2 (0ms)
		AwakeInstancesAfterBackupRestoration (0ms)
========================================================================
Worker process is ready to serve import requests
Caller must complete domain reload
Begin MonoManager ReloadAssembly
- Loaded All Assemblies, in  0.448 seconds
Native extension for UWP target not found
Native extension for WindowsStandalone target not found
Native extension for WebGL target not found
Package Manager log level set to [2]
[Package Manager] Server::EnsureServerProcessIsRunning -- launch failed, reason: Unity was launched with the -noUpm command-line argument
[Package Manager] UpmClient::Send -- Unable to send message (not connected to UPM process).
[Package Manager] Cannot connect to Unity Package Manager local server
Mono: successfully reloaded assembly
- Finished resetting the current domain, in  0.433 seconds
Domain Reload Profiling: 880ms
	BeginReloadAssembly (104ms)
		ExecutionOrderSort (0ms)
		DisableScriptedObjects (4ms)
		BackupInstance (0ms)
		ReleaseScriptingObjects (0ms)
		CreateAndSetChildDomain (16ms)
	RebuildCommonClasses (24ms)
	RebuildNativeTypeToScriptingClass (8ms)
	initialDomainReloadingComplete (28ms)
	LoadAllAssembliesAndSetupDomain (282ms)
		LoadAssemblies (207ms)
		RebuildTransferFunctionScriptingTraits (0ms)
		AnalyzeDomain (134ms)
			TypeCache.Refresh (118ms)
				TypeCache.ScanAssembly (105ms)
			ScanForSourceGeneratedMonoScriptInfo (11ms)
			ResolveRequiredComponents (4ms)
	FinalizeReload (434ms)
		ReleaseScriptCaches (0ms)
		RebuildScriptCaches (0ms)
		SetupLoadedEditorAssemblies (331ms)
			LogAssemblyErrors (0ms)
			InitializePlatformSupportModulesInManaged (6ms)
			SetLoadedEditorAssemblies (2ms)
			RefreshPlugins (0ms)
			BeforeProcessingInitializeOnLoad (44ms)
			ProcessInitializeOnLoadAttributes (258ms)
			ProcessInitializeOnLoadMethodAttributes (16ms)
			AfterProcessingInitializeOnLoad (4ms)
			EditorAssembliesLoaded (0ms)
		ExecutionOrderSort2 (0ms)
		AwakeInstancesAfterBackupRestoration (5ms)
Launched and connected shader compiler UnityShaderCompiler.exe after 0.04 seconds
Refreshing native plugins compatible for Editor in 3.75 ms, found 3 plugins.
Preloading 0 native plugins for Editor in 0.00 ms.
Unloading 3137 Unused Serialized files (Serialized files now loaded: 0)
Unloading 19 unused Assets / (54.6 KB). Loaded Objects now: 3604.
Memory consumption went from 126.0 MB to 125.9 MB.
Total: 4.172600 ms (FindLiveObjects: 0.338000 ms CreateObjectMapping: 0.122000 ms MarkObjects: 3.603100 ms  DeleteObjects: 0.107900 ms)

AssetImportParameters requested are different than current active one (requested -> active):
  custom:container-demuxer-ogg: 62fdf1f143b41e24485cea50d1cbac27 -> 
  custom:video-decoder-ogg-theora: a1e56fd34408186e4bbccfd4996cb3dc -> 
  custom:framework-win-MediaFoundation: 216162199b28c13a410421893ffa2e32 -> 
  custom:CustomObjectIndexerAttribute: 9a22284fe3817be447336de3de66b15e -> 
  custom:container-demuxer-webm: 4f35f7cbe854078d1ac9338744f61a02 -> 
  custom:container-muxer-webm: aa71ff27fc2769a1b78a27578f13a17b -> 
  custom:video-decoder-webm-vp8: 9c59270c3fd7afecdb556c50c9e8de78 -> 
  custom:SearchIndexIgnoredProperties: e643bd26f0fe6173181afceb89e7c659 -> 
  custom:AudioImporter_EditorPlatform: d09bf68614088b80899f8185d706f6e7 -> 
  custom:video-encoder-webm-vp8: eb34c28f22e8b96e1ab97ce403110664 -> 
  custom:audio-decoder-ogg-vorbis: bf7c407c2cedff20999df2af8eb42d56 -> 
  custom:audio-encoder-webm-vorbis: bf7c407c2cedff20999df2af8eb42d56 -> 
========================================================================
Received Import Request.
  Time since last request: 388902.770567 seconds.
  path: Assets/_Assets/KayKit Dungeon Pack 1.0/Models/fbx/sword_common.fbx
  artifactKey: Guid(4f05745b64c806944b5b9c5fbbde9350) Importer(815301076,1909f56bfc062723c751e8b465ee728b)
Start importing Assets/_Assets/KayKit Dungeon Pack 1.0/Models/fbx/sword_common.fbx using Guid(4f05745b64c806944b5b9c5fbbde9350) Importer(815301076,1909f56bfc062723c751e8b465ee728b) [PhysX] Initialized MultithreadedTaskDispatcher with 16 workers.
[PhysX] Initialized MultithreadedTaskDispatcher with 16 workers.
[PhysX] Initialized MultithreadedTaskDispatcher with 16 workers.
[PhysX] Initialized MultithreadedTaskDispatcher with 16 workers.
[PhysX] Initialized MultithreadedTaskDispatcher with 16 workers.
[PhysX] Initialized MultithreadedTaskDispatcher with 16 workers.
 -> (artifact id: '7a95136be0196091a73f27fed95a4834') in 0.121501 seconds
Number of updated asset objects reloaded before import = 0
Number of asset objects unloaded after import = 10
========================================================================
Received Import Request.
  Time since last request: 0.635438 seconds.
  path: Assets/_Assets/KayKit Dungeon Pack 1.0/Models/fbx/tableLarge.fbx
  artifactKey: Guid(6f11be44fd0e3fb48b1a865325b5820f) Importer(815301076,1909f56bfc062723c751e8b465ee728b)
Start importing Assets/_Assets/KayKit Dungeon Pack 1.0/Models/fbx/tableLarge.fbx using Guid(6f11be44fd0e3fb48b1a865325b5820f) Importer(815301076,1909f56bfc062723c751e8b465ee728b) [PhysX] Initialized MultithreadedTaskDispatcher with 16 workers.
[PhysX] Initialized MultithreadedTaskDispatcher with 16 workers.
[PhysX] Initialized MultithreadedTaskDispatcher with 16 workers.
[PhysX] Initialized MultithreadedTaskDispatcher with 16 workers.
 -> (artifact id: '09809392d26307d61aaa06f8d6c3de0a') in 0.026157 seconds
Number of updated asset objects reloaded before import = 0
Number of asset objects unloaded after import = 8
========================================================================
Received Import Request.
  Time since last request: 0.056286 seconds.
  path: Assets/_Assets/KayKit Dungeon Pack 1.0/Models/fbx/tileBrickA_large.fbx
  artifactKey: Guid(a50b39662e2bb0c4d8f9dfbce3aee308) Importer(815301076,1909f56bfc062723c751e8b465ee728b)
Start importing Assets/_Assets/KayKit Dungeon Pack 1.0/Models/fbx/tileBrickA_large.fbx using Guid(a50b39662e2bb0c4d8f9dfbce3aee308) Importer(815301076,1909f56bfc062723c751e8b465ee728b) [PhysX] Initialized MultithreadedTaskDispatcher with 16 workers.
[PhysX] Initialized MultithreadedTaskDispatcher with 16 workers.
[PhysX] Initialized MultithreadedTaskDispatcher with 16 workers.
[PhysX] Initialized MultithreadedTaskDispatcher with 16 workers.
[PhysX] Initialized MultithreadedTaskDispatcher with 16 workers.
 -> (artifact id: '9c4b848225fe9918c8ac9da568fec17d') in 0.015217 seconds
Number of updated asset objects reloaded before import = 0
Number of asset objects unloaded after import = 9
========================================================================
Received Import Request.
  Time since last request: 1.373732 seconds.
  path: Assets/_Assets/KayKit Dungeon Pack 1.0/Models/fbx/tileBrickB_large.fbx
  artifactKey: Guid(4ca55d9fe40a16545b4afb8db94ee46a) Importer(815301076,1909f56bfc062723c751e8b465ee728b)
Start importing Assets/_Assets/KayKit Dungeon Pack 1.0/Models/fbx/tileBrickB_large.fbx using Guid(4ca55d9fe40a16545b4afb8db94ee46a) Importer(815301076,1909f56bfc062723c751e8b465ee728b) [PhysX] Initialized MultithreadedTaskDispatcher with 16 workers.
[PhysX] Initialized MultithreadedTaskDispatcher with 16 workers.
[PhysX] Initialized MultithreadedTaskDispatcher with 16 workers.
[PhysX] Initialized MultithreadedTaskDispatcher with 16 workers.
 -> (artifact id: '39eb76b255dbd9b02dead0ed1fced7b5') in 0.012427 seconds
Number of updated asset objects reloaded before import = 0
Number of asset objects unloaded after import = 8
========================================================================
Received Import Request.
  Time since last request: 5.690296 seconds.
  path: Assets/_Assets/KayKit Dungeon Pack 1.0/Models/fbx/tileBrickB_medium.fbx
  artifactKey: Guid(ec4fcf25428b61841b26bbdf950257ad) Importer(815301076,1909f56bfc062723c751e8b465ee728b)
Start importing Assets/_Assets/KayKit Dungeon Pack 1.0/Models/fbx/tileBrickB_medium.fbx using Guid(ec4fcf25428b61841b26bbdf950257ad) Importer(815301076,1909f56bfc062723c751e8b465ee728b) [PhysX] Initialized MultithreadedTaskDispatcher with 16 workers.
[PhysX] Initialized MultithreadedTaskDispatcher with 16 workers.
[PhysX] Initialized MultithreadedTaskDispatcher with 16 workers.
[PhysX] Initialized MultithreadedTaskDispatcher with 16 workers.
 -> (artifact id: 'b914630517ad6491f1a5274e6cdf28a7') in 0.018377 seconds
Number of updated asset objects reloaded before import = 0
Number of asset objects unloaded after import = 8
========================================================================
Received Import Request.
  Time since last request: 22.156338 seconds.
  path: Assets/_Assets/KayKit Dungeon Pack 1.0/Models/fbx/tileSpikes_large.fbx
  artifactKey: Guid(d680c7ba27d4b5d46943766673821f82) Importer(815301076,1909f56bfc062723c751e8b465ee728b)
Start importing Assets/_Assets/KayKit Dungeon Pack 1.0/Models/fbx/tileSpikes_large.fbx using Guid(d680c7ba27d4b5d46943766673821f82) Importer(815301076,1909f56bfc062723c751e8b465ee728b) [PhysX] Initialized MultithreadedTaskDispatcher with 16 workers.
[PhysX] Initialized MultithreadedTaskDispatcher with 16 workers.
[PhysX] Initialized MultithreadedTaskDispatcher with 16 workers.
[PhysX] Initialized MultithreadedTaskDispatcher with 16 workers.
[PhysX] Initialized MultithreadedTaskDispatcher with 16 workers.
[PhysX] Initialized MultithreadedTaskDispatcher with 16 workers.
 -> (artifact id: '45b7b7f4452720648c2c50d632098361') in 0.040023 seconds
Number of updated asset objects reloaded before import = 0
Number of asset objects unloaded after import = 10
========================================================================
Received Import Request.
  Time since last request: 0.029356 seconds.
  path: Assets/_Assets/KayKit Dungeon Pack 1.0/Models/fbx/torchWall.fbx
  artifactKey: Guid(8199fc62329e7b248a2b69d8c68f9c55) Importer(815301076,1909f56bfc062723c751e8b465ee728b)
Start importing Assets/_Assets/KayKit Dungeon Pack 1.0/Models/fbx/torchWall.fbx using Guid(8199fc62329e7b248a2b69d8c68f9c55) Importer(815301076,1909f56bfc062723c751e8b465ee728b) [PhysX] Initialized MultithreadedTaskDispatcher with 16 workers.
[PhysX] Initialized MultithreadedTaskDispatcher with 16 workers.
[PhysX] Initialized MultithreadedTaskDispatcher with 16 workers.
[PhysX] Initialized MultithreadedTaskDispatcher with 16 workers.
[PhysX] Initialized MultithreadedTaskDispatcher with 16 workers.
[PhysX] Initialized MultithreadedTaskDispatcher with 16 workers.
[PhysX] Initialized MultithreadedTaskDispatcher with 16 workers.
 -> (artifact id: '4e03eb04a02c08828344dcc56b5eb0e3') in 0.044761 seconds
Number of updated asset objects reloaded before import = 0
Number of asset objects unloaded after import = 11
========================================================================
Received Import Request.
  Time since last request: 0.077188 seconds.
  path: Assets/_Assets/KayKit Dungeon Pack 1.0/Models/fbx/wall_broken.fbx
  artifactKey: Guid(7e46e144af540e147bd1636cbbc76c6c) Importer(815301076,1909f56bfc062723c751e8b465ee728b)
Start importing Assets/_Assets/KayKit Dungeon Pack 1.0/Models/fbx/wall_broken.fbx using Guid(7e46e144af540e147bd1636cbbc76c6c) Importer(815301076,1909f56bfc062723c751e8b465ee728b) [PhysX] Initialized MultithreadedTaskDispatcher with 16 workers.
[PhysX] Initialized MultithreadedTaskDispatcher with 16 workers.
[PhysX] Initialized MultithreadedTaskDispatcher with 16 workers.
[PhysX] Initialized MultithreadedTaskDispatcher with 16 workers.
[PhysX] Initialized MultithreadedTaskDispatcher with 16 workers.
 -> (artifact id: 'a8bbdba066a875b075da1cceab93f417') in 0.023166 seconds
Number of updated asset objects reloaded before import = 0
Number of asset objects unloaded after import = 9
========================================================================
Received Import Request.
  Time since last request: 71.134827 seconds.
  path: Assets/_Assets/KayKit Dungeon Pack 1.0/Models/fbx/wall_end.fbx
  artifactKey: Guid(8ca070ba95a31674c829dc22b719a142) Importer(815301076,1909f56bfc062723c751e8b465ee728b)
Start importing Assets/_Assets/KayKit Dungeon Pack 1.0/Models/fbx/wall_end.fbx using Guid(8ca070ba95a31674c829dc22b719a142) Importer(815301076,1909f56bfc062723c751e8b465ee728b) [PhysX] Initialized MultithreadedTaskDispatcher with 16 workers.
[PhysX] Initialized MultithreadedTaskDispatcher with 16 workers.
[PhysX] Initialized MultithreadedTaskDispatcher with 16 workers.
[PhysX] Initialized MultithreadedTaskDispatcher with 16 workers.
[PhysX] Initialized MultithreadedTaskDispatcher with 16 workers.
 -> (artifact id: '5449a804c27c993034f869f3b93d9c18') in 0.026024 seconds
Number of updated asset objects reloaded before import = 0
Number of asset objects unloaded after import = 9
========================================================================
Received Import Request.
  Time since last request: 0.000013 seconds.
  path: Assets/_Assets/KayKit Dungeon Pack 1.0/Models/fbx/wall_gate.fbx
  artifactKey: Guid(51dd584e2ba92b94d89bb9ae09168be8) Importer(815301076,1909f56bfc062723c751e8b465ee728b)
Start importing Assets/_Assets/KayKit Dungeon Pack 1.0/Models/fbx/wall_gate.fbx using Guid(51dd584e2ba92b94d89bb9ae09168be8) Importer(815301076,1909f56bfc062723c751e8b465ee728b) [PhysX] Initialized MultithreadedTaskDispatcher with 16 workers.
[PhysX] Initialized MultithreadedTaskDispatcher with 16 workers.
[PhysX] Initialized MultithreadedTaskDispatcher with 16 workers.
[PhysX] Initialized MultithreadedTaskDispatcher with 16 workers.
[PhysX] Initialized MultithreadedTaskDispatcher with 16 workers.
[PhysX] Initialized MultithreadedTaskDispatcher with 16 workers.
 -> (artifact id: 'e86e063dd60036d8d30423a4be8ec033') in 0.030657 seconds
Number of updated asset objects reloaded before import = 0
Number of asset objects unloaded after import = 10
========================================================================
Received Import Request.
  Time since last request: 9.558248 seconds.
  path: Assets/_Assets/KayKit Dungeon Pack 1.0/Models/fbx/wall_gateCorner.fbx
  artifactKey: Guid(bcd076de12d74a04d82a1b93b88cad57) Importer(815301076,1909f56bfc062723c751e8b465ee728b)
Start importing Assets/_Assets/KayKit Dungeon Pack 1.0/Models/fbx/wall_gateCorner.fbx using Guid(bcd076de12d74a04d82a1b93b88cad57) Importer(815301076,1909f56bfc062723c751e8b465ee728b) [PhysX] Initialized MultithreadedTaskDispatcher with 16 workers.
[PhysX] Initialized MultithreadedTaskDispatcher with 16 workers.
[PhysX] Initialized MultithreadedTaskDispatcher with 16 workers.
[PhysX] Initialized MultithreadedTaskDispatcher with 16 workers.
[PhysX] Initialized MultithreadedTaskDispatcher with 16 workers.
[PhysX] Initialized MultithreadedTaskDispatcher with 16 workers.
 -> (artifact id: 'ad622e7fed6cd6340a53cce67f6c34cd') in 0.025525 seconds
Number of updated asset objects reloaded before import = 0
Number of asset objects unloaded after import = 10
========================================================================
Received Import Request.
  Time since last request: 0.000016 seconds.
  path: Assets/_Assets/KayKit Dungeon Pack 1.0/Models/fbx/wall_window.fbx
  artifactKey: Guid(d902e29aefe825449b53658d65768faa) Importer(815301076,1909f56bfc062723c751e8b465ee728b)
Start importing Assets/_Assets/KayKit Dungeon Pack 1.0/Models/fbx/wall_window.fbx using Guid(d902e29aefe825449b53658d65768faa) Importer(815301076,1909f56bfc062723c751e8b465ee728b) [PhysX] Initialized MultithreadedTaskDispatcher with 16 workers.
[PhysX] Initialized MultithreadedTaskDispatcher with 16 workers.
[PhysX] Initialized MultithreadedTaskDispatcher with 16 workers.
[PhysX] Initialized MultithreadedTaskDispatcher with 16 workers.
[PhysX] Initialized MultithreadedTaskDispatcher with 16 workers.
 -> (artifact id: '833016ed40ce0fbb96971e8471e0ce11') in 0.034951 seconds
Number of updated asset objects reloaded before import = 0
Number of asset objects unloaded after import = 9
========================================================================
Received Import Request.
  Time since last request: 0.049585 seconds.
  path: Assets/_Assets/KayKit Dungeon Pack 1.0/Models/fbx/wall_windowGate.fbx
  artifactKey: Guid(508426c39afe4524e89e85df67d11e77) Importer(815301076,1909f56bfc062723c751e8b465ee728b)
Start importing Assets/_Assets/KayKit Dungeon Pack 1.0/Models/fbx/wall_windowGate.fbx using Guid(508426c39afe4524e89e85df67d11e77) Importer(815301076,1909f56bfc062723c751e8b465ee728b) [PhysX] Initialized MultithreadedTaskDispatcher with 16 workers.
[PhysX] Initialized MultithreadedTaskDispatcher with 16 workers.
[PhysX] Initialized MultithreadedTaskDispatcher with 16 workers.
[PhysX] Initialized MultithreadedTaskDispatcher with 16 workers.
[PhysX] Initialized MultithreadedTaskDispatcher with 16 workers.
[PhysX] Initialized MultithreadedTaskDispatcher with 16 workers.
 -> (artifact id: 'd63ca5e9efc6d6521ac52ba073b935b6') in 0.030787 seconds
Number of updated asset objects reloaded before import = 0
Number of asset objects unloaded after import = 10
========================================================================
Received Import Request.
  Time since last request: 31.104384 seconds.
  path: Assets/_Assets/KayKit Dungeon Pack 1.0/Models/fbx/wallDecorationB.fbx
  artifactKey: Guid(4b8651bf84734ab48b64e396e9892784) Importer(815301076,1909f56bfc062723c751e8b465ee728b)
Start importing Assets/_Assets/KayKit Dungeon Pack 1.0/Models/fbx/wallDecorationB.fbx using Guid(4b8651bf84734ab48b64e396e9892784) Importer(815301076,1909f56bfc062723c751e8b465ee728b) [PhysX] Initialized MultithreadedTaskDispatcher with 16 workers.
[PhysX] Initialized MultithreadedTaskDispatcher with 16 workers.
[PhysX] Initialized MultithreadedTaskDispatcher with 16 workers.
[PhysX] Initialized MultithreadedTaskDispatcher with 16 workers.
[PhysX] Initialized MultithreadedTaskDispatcher with 16 workers.
 -> (artifact id: '08bc2948df7e683cae7a56e2ab7b59ae') in 0.023200 seconds
Number of updated asset objects reloaded before import = 0
Number of asset objects unloaded after import = 9
========================================================================
Received Import Request.
  Time since last request: 0.000013 seconds.
  path: Assets/_Assets/KayKit Dungeon Pack 1.0/Models/fbx/wallSingle.fbx
  artifactKey: Guid(0327c05112c32034a9e353d478bef07f) Importer(815301076,1909f56bfc062723c751e8b465ee728b)
Start importing Assets/_Assets/KayKit Dungeon Pack 1.0/Models/fbx/wallSingle.fbx using Guid(0327c05112c32034a9e353d478bef07f) Importer(815301076,1909f56bfc062723c751e8b465ee728b) [PhysX] Initialized MultithreadedTaskDispatcher with 16 workers.
[PhysX] Initialized MultithreadedTaskDispatcher with 16 workers.
[PhysX] Initialized MultithreadedTaskDispatcher with 16 workers.
[PhysX] Initialized MultithreadedTaskDispatcher with 16 workers.
[PhysX] Initialized MultithreadedTaskDispatcher with 16 workers.
 -> (artifact id: 'b31f8cb7a1b50773d9b2272e01283445') in 0.034010 seconds
Number of updated asset objects reloaded before import = 0
Number of asset objects unloaded after import = 9
========================================================================
Received Import Request.
  Time since last request: 0.494261 seconds.
  path: Assets/_Assets/KayKit Dungeon Pack 1.0/Models/fbx/wallSingle_broken.fbx
  artifactKey: Guid(9d73fedd90167fc4db8170b617d5d508) Importer(815301076,1909f56bfc062723c751e8b465ee728b)
Start importing Assets/_Assets/KayKit Dungeon Pack 1.0/Models/fbx/wallSingle_broken.fbx using Guid(9d73fedd90167fc4db8170b617d5d508) Importer(815301076,1909f56bfc062723c751e8b465ee728b) [PhysX] Initialized MultithreadedTaskDispatcher with 16 workers.
[PhysX] Initialized MultithreadedTaskDispatcher with 16 workers.
[PhysX] Initialized MultithreadedTaskDispatcher with 16 workers.
[PhysX] Initialized MultithreadedTaskDispatcher with 16 workers.
[PhysX] Initialized MultithreadedTaskDispatcher with 16 workers.
 -> (artifact id: '7ddadbfe60663e94a1c77cd32549fb76') in 0.023490 seconds
Number of updated asset objects reloaded before import = 0
Number of asset objects unloaded after import = 9
========================================================================
Received Import Request.
  Time since last request: 0.000018 seconds.
  path: Assets/_Assets/KayKit Dungeon Pack 1.0/Models/fbx/wallSingle_decorationA.fbx
  artifactKey: Guid(39b2f17463ae8bf4695d0472f3479385) Importer(815301076,1909f56bfc062723c751e8b465ee728b)
Start importing Assets/_Assets/KayKit Dungeon Pack 1.0/Models/fbx/wallSingle_decorationA.fbx using Guid(39b2f17463ae8bf4695d0472f3479385) Importer(815301076,1909f56bfc062723c751e8b465ee728b) [PhysX] Initialized MultithreadedTaskDispatcher with 16 workers.
[PhysX] Initialized MultithreadedTaskDispatcher with 16 workers.
[PhysX] Initialized MultithreadedTaskDispatcher with 16 workers.
[PhysX] Initialized MultithreadedTaskDispatcher with 16 workers.
[PhysX] Initialized MultithreadedTaskDispatcher with 16 workers.
 -> (artifact id: '7121b999032a0daaeeda90f0da667dff') in 0.026437 seconds
Number of updated asset objects reloaded before import = 0
Number of asset objects unloaded after import = 9
========================================================================
Received Import Request.
  Time since last request: 12.091528 seconds.
  path: Assets/_Assets/KayKit Dungeon Pack 1.0/Models/fbx/wallSingle_decorationB.fbx
  artifactKey: Guid(7aa2d667a1c39194a88717b1f1dd541f) Importer(815301076,1909f56bfc062723c751e8b465ee728b)
Start importing Assets/_Assets/KayKit Dungeon Pack 1.0/Models/fbx/wallSingle_decorationB.fbx using Guid(7aa2d667a1c39194a88717b1f1dd541f) Importer(815301076,1909f56bfc062723c751e8b465ee728b) [PhysX] Initialized MultithreadedTaskDispatcher with 16 workers.
[PhysX] Initialized MultithreadedTaskDispatcher with 16 workers.
[PhysX] Initialized MultithreadedTaskDispatcher with 16 workers.
[PhysX] Initialized MultithreadedTaskDispatcher with 16 workers.
[PhysX] Initialized MultithreadedTaskDispatcher with 16 workers.
 -> (artifact id: 'fe78699d4b8b1a89c5b2db157cfbf6f7') in 0.027010 seconds
Number of updated asset objects reloaded before import = 0
Number of asset objects unloaded after import = 9
========================================================================
Received Import Request.
  Time since last request: 0.364569 seconds.
  path: Assets/_Assets/KayKit Dungeon Pack 1.0/Models/fbx/wallSingle_window.fbx
  artifactKey: Guid(999316a5e81726246adbec6e1bf83033) Importer(815301076,1909f56bfc062723c751e8b465ee728b)
Start importing Assets/_Assets/KayKit Dungeon Pack 1.0/Models/fbx/wallSingle_window.fbx using Guid(999316a5e81726246adbec6e1bf83033) Importer(815301076,1909f56bfc062723c751e8b465ee728b) [PhysX] Initialized MultithreadedTaskDispatcher with 16 workers.
[PhysX] Initialized MultithreadedTaskDispatcher with 16 workers.
[PhysX] Initialized MultithreadedTaskDispatcher with 16 workers.
[PhysX] Initialized MultithreadedTaskDispatcher with 16 workers.
[PhysX] Initialized MultithreadedTaskDispatcher with 16 workers.
 -> (artifact id: '72cf1b482b9470aa92a45c384459a909') in 0.027400 seconds
Number of updated asset objects reloaded before import = 0
Number of asset objects unloaded after import = 9
========================================================================
Received Import Request.
  Time since last request: 0.000019 seconds.
  path: Assets/_Assets/KayKit Dungeon Pack 1.0/Models/fbx/wallSplit.fbx
  artifactKey: Guid(f488f534054069f44af4cbbcb80f5871) Importer(815301076,1909f56bfc062723c751e8b465ee728b)
Start importing Assets/_Assets/KayKit Dungeon Pack 1.0/Models/fbx/wallSplit.fbx using Guid(f488f534054069f44af4cbbcb80f5871) Importer(815301076,1909f56bfc062723c751e8b465ee728b) [PhysX] Initialized MultithreadedTaskDispatcher with 16 workers.
[PhysX] Initialized MultithreadedTaskDispatcher with 16 workers.
[PhysX] Initialized MultithreadedTaskDispatcher with 16 workers.
[PhysX] Initialized MultithreadedTaskDispatcher with 16 workers.
[PhysX] Initialized MultithreadedTaskDispatcher with 16 workers.
 -> (artifact id: '69aa5747ba9a48761fd39bd9098eec54') in 0.033408 seconds
Number of updated asset objects reloaded before import = 0
Number of asset objects unloaded after import = 9
========================================================================
Received Import Request.
  Time since last request: 0.322288 seconds.
  path: Assets/_Assets/KayKit Dungeon Pack 1.0/Models/fbx/weaponRack.fbx
  artifactKey: Guid(910fd95f05e977e4f970b2a8268e0705) Importer(815301076,1909f56bfc062723c751e8b465ee728b)
Start importing Assets/_Assets/KayKit Dungeon Pack 1.0/Models/fbx/weaponRack.fbx using Guid(910fd95f05e977e4f970b2a8268e0705) Importer(815301076,1909f56bfc062723c751e8b465ee728b) [PhysX] Initialized MultithreadedTaskDispatcher with 16 workers.
[PhysX] Initialized MultithreadedTaskDispatcher with 16 workers.
[PhysX] Initialized MultithreadedTaskDispatcher with 16 workers.
[PhysX] Initialized MultithreadedTaskDispatcher with 16 workers.
 -> (artifact id: 'daee696ce23c02f1df8d775f455de095') in 0.014262 seconds
Number of updated asset objects reloaded before import = 0
Number of asset objects unloaded after import = 8
========================================================================
Received Import Request.
  Time since last request: 112.654085 seconds.
  path: Assets/_Prefabs/Coin.prefab
  artifactKey: Guid(4c2ae3334b1665e4ca99daed07b49be0) Importer(815301076,1909f56bfc062723c751e8b465ee728b)
Start importing Assets/_Prefabs/Coin.prefab using Guid(4c2ae3334b1665e4ca99daed07b49be0) Importer(815301076,1909f56bfc062723c751e8b465ee728b) [PhysX] Initialized MultithreadedTaskDispatcher with 16 workers.
[PhysX] Initialized MultithreadedTaskDispatcher with 16 workers.
 -> (artifact id: '2685ef21225fc7b9d4d0f0c85e52697d') in 0.007609 seconds
Number of updated asset objects reloaded before import = 0
Number of asset objects unloaded after import = 16
========================================================================
Received Import Request.
  Time since last request: 47.032278 seconds.
  path: Assets/_Prefabs/_Interactables/Door.prefab
  artifactKey: Guid(af072103752d7c54bbf938d5c3cb70a6) Importer(815301076,1909f56bfc062723c751e8b465ee728b)
Start importing Assets/_Prefabs/_Interactables/Door.prefab using Guid(af072103752d7c54bbf938d5c3cb70a6) Importer(815301076,1909f56bfc062723c751e8b465ee728b) [PhysX] Initialized MultithreadedTaskDispatcher with 16 workers.
[PhysX] Initialized MultithreadedTaskDispatcher with 16 workers.
 -> (artifact id: '22c8128551a50822378d838890579b7d') in 0.008018 seconds
Number of updated asset objects reloaded before import = 0
Number of asset objects unloaded after import = 17
========================================================================
Received Import Request.
  Time since last request: 398.161268 seconds.
  path: Assets/_Prefabs/_Walls/Wall_DoorClosed.prefab
  artifactKey: Guid(a49cdecf546443841a1eb9ab96e286c1) Importer(815301076,1909f56bfc062723c751e8b465ee728b)
Start importing Assets/_Prefabs/_Walls/Wall_DoorClosed.prefab using Guid(a49cdecf546443841a1eb9ab96e286c1) Importer(815301076,1909f56bfc062723c751e8b465ee728b) [PhysX] Initialized MultithreadedTaskDispatcher with 16 workers.
[PhysX] Initialized MultithreadedTaskDispatcher with 16 workers.
 -> (artifact id: '4358ed46c8723197c8e9e623fb91c83f') in 0.011139 seconds
Number of updated asset objects reloaded before import = 0
Number of asset objects unloaded after import = 40
========================================================================
Received Import Request.
  Time since last request: 63.629774 seconds.
  path: Assets/_Prefabs/_Decor/Torch_wall.prefab
  artifactKey: Guid(f4875255ad8d70f458c64e552ee0bfda) Importer(815301076,1909f56bfc062723c751e8b465ee728b)
Start importing Assets/_Prefabs/_Decor/Torch_wall.prefab using Guid(f4875255ad8d70f458c64e552ee0bfda) Importer(815301076,1909f56bfc062723c751e8b465ee728b) [PhysX] Initialized MultithreadedTaskDispatcher with 16 workers.
[PhysX] Initialized MultithreadedTaskDispatcher with 16 workers.
 -> (artifact id: 'bbc251421a5cf5f7f48a22172cb40641') in 0.008486 seconds
Number of updated asset objects reloaded before import = 0
Number of asset objects unloaded after import = 19
========================================================================
Received Import Request.
  Time since last request: 77.117183 seconds.
  path: Assets/_Prefabs/_Walls/Wall.prefab
  artifactKey: Guid(94c787ce81f6481469b75d0c68546e10) Importer(815301076,1909f56bfc062723c751e8b465ee728b)
Start importing Assets/_Prefabs/_Walls/Wall.prefab using Guid(94c787ce81f6481469b75d0c68546e10) Importer(815301076,1909f56bfc062723c751e8b465ee728b) [PhysX] Initialized MultithreadedTaskDispatcher with 16 workers.
[PhysX] Initialized MultithreadedTaskDispatcher with 16 workers.
 -> (artifact id: '2226d81bb6cfdc2d0460d05d88b7dc58') in 0.007921 seconds
Number of updated asset objects reloaded before import = 0
Number of asset objects unloaded after import = 17
========================================================================
Received Import Request.
  Time since last request: 33.432222 seconds.
  path: Assets/_Prefabs/_Walls/Wall_End.prefab
  artifactKey: Guid(eef664bec39134a479a943f2d35032bd) Importer(815301076,1909f56bfc062723c751e8b465ee728b)
Start importing Assets/_Prefabs/_Walls/Wall_End.prefab using Guid(eef664bec39134a479a943f2d35032bd) Importer(815301076,1909f56bfc062723c751e8b465ee728b) [PhysX] Initialized MultithreadedTaskDispatcher with 16 workers.
[PhysX] Initialized MultithreadedTaskDispatcher with 16 workers.
 -> (artifact id: 'd0ba16b3dfc2d79dcc66edf0e84e65a3') in 0.007052 seconds
Number of updated asset objects reloaded before import = 0
Number of asset objects unloaded after import = 17
========================================================================
Received Import Request.
  Time since last request: 42.212453 seconds.
  path: Assets/_Prefabs/_Walls/Wall_WindowGate.prefab
  artifactKey: Guid(d6b035a7774bad548ad557f40e613918) Importer(815301076,1909f56bfc062723c751e8b465ee728b)
Start importing Assets/_Prefabs/_Walls/Wall_WindowGate.prefab using Guid(d6b035a7774bad548ad557f40e613918) Importer(815301076,1909f56bfc062723c751e8b465ee728b) [PhysX] Initialized MultithreadedTaskDispatcher with 16 workers.
[PhysX] Initialized MultithreadedTaskDispatcher with 16 workers.
 -> (artifact id: 'f5b1b41ab2cad6826356b6738d2359cc') in 0.007408 seconds
Number of updated asset objects reloaded before import = 0
Number of asset objects unloaded after import = 18
========================================================================
Received Import Request.
  Time since last request: 33.444705 seconds.
  path: Assets/_Prefabs/_Walls/Wall_Corner.prefab
  artifactKey: Guid(c4e44741136ca294eb45fcc55333f893) Importer(815301076,1909f56bfc062723c751e8b465ee728b)
Start importing Assets/_Prefabs/_Walls/Wall_Corner.prefab using Guid(c4e44741136ca294eb45fcc55333f893) Importer(815301076,1909f56bfc062723c751e8b465ee728b) [PhysX] Initialized MultithreadedTaskDispatcher with 16 workers.
[PhysX] Initialized MultithreadedTaskDispatcher with 16 workers.
 -> (artifact id: '69a704c022508f40940eec6793a707ca') in 0.007321 seconds
Number of updated asset objects reloaded before import = 0
Number of asset objects unloaded after import = 17
========================================================================
Received Import Request.
  Time since last request: 54.432716 seconds.
  path: Assets/_Prefabs/_Walls/Wall_Split.prefab
  artifactKey: Guid(d581da0d371ed6448bf1f2fc7ec7a130) Importer(815301076,1909f56bfc062723c751e8b465ee728b)
Start importing Assets/_Prefabs/_Walls/Wall_Split.prefab using Guid(d581da0d371ed6448bf1f2fc7ec7a130) Importer(815301076,1909f56bfc062723c751e8b465ee728b) [PhysX] Initialized MultithreadedTaskDispatcher with 16 workers.
[PhysX] Initialized MultithreadedTaskDispatcher with 16 workers.
 -> (artifact id: '73c1d281b5568bbbc492abd559f337cb') in 0.007014 seconds
Number of updated asset objects reloaded before import = 0
Number of asset objects unloaded after import = 17
========================================================================
Received Import Request.
  Time since last request: 398.436878 seconds.
  path: Assets/_Prefabs/_Floors/Floor_smallBrick.prefab
  artifactKey: Guid(7d0675a940743c645aa625d9da9ce678) Importer(815301076,1909f56bfc062723c751e8b465ee728b)
Start importing Assets/_Prefabs/_Floors/Floor_smallBrick.prefab using Guid(7d0675a940743c645aa625d9da9ce678) Importer(815301076,1909f56bfc062723c751e8b465ee728b) [PhysX] Initialized MultithreadedTaskDispatcher with 16 workers.
[PhysX] Initialized MultithreadedTaskDispatcher with 16 workers.
 -> (artifact id: '950d78742cf97852eb6d501c4d822416') in 0.010190 seconds
Number of updated asset objects reloaded before import = 0
Number of asset objects unloaded after import = 17
========================================================================
Received Import Request.
  Time since last request: 3.609888 seconds.
  path: Assets/_Prefabs/_Floors/Floor_small.prefab
  artifactKey: Guid(4b208776500f3434da1445059fa40562) Importer(815301076,1909f56bfc062723c751e8b465ee728b)
Start importing Assets/_Prefabs/_Floors/Floor_small.prefab using Guid(4b208776500f3434da1445059fa40562) Importer(815301076,1909f56bfc062723c751e8b465ee728b) [PhysX] Initialized MultithreadedTaskDispatcher with 16 workers.
[PhysX] Initialized MultithreadedTaskDispatcher with 16 workers.
 -> (artifact id: 'a9b178dc3191de873f58c6f05234f316') in 0.006414 seconds
Number of updated asset objects reloaded before import = 0
Number of asset objects unloaded after import = 16
========================================================================
Received Import Request.
  Time since last request: 4.213492 seconds.
  path: Assets/_Prefabs/_Floors/Floor_medBrick.prefab
  artifactKey: Guid(43192206776ed434db54e26ee0fdecd8) Importer(815301076,1909f56bfc062723c751e8b465ee728b)
Start importing Assets/_Prefabs/_Floors/Floor_medBrick.prefab using Guid(43192206776ed434db54e26ee0fdecd8) Importer(815301076,1909f56bfc062723c751e8b465ee728b) [PhysX] Initialized MultithreadedTaskDispatcher with 16 workers.
[PhysX] Initialized MultithreadedTaskDispatcher with 16 workers.
 -> (artifact id: '826008868dfaf92309046ea2d3b62c00') in 0.006920 seconds
Number of updated asset objects reloaded before import = 0
Number of asset objects unloaded after import = 17
========================================================================
Received Import Request.
  Time since last request: 3.874472 seconds.
  path: Assets/_Prefabs/_Floors/Floor_med.prefab
  artifactKey: Guid(9f7c07773d5c1d44e96e22084311f0e9) Importer(815301076,1909f56bfc062723c751e8b465ee728b)
Start importing Assets/_Prefabs/_Floors/Floor_med.prefab using Guid(9f7c07773d5c1d44e96e22084311f0e9) Importer(815301076,1909f56bfc062723c751e8b465ee728b) [PhysX] Initialized MultithreadedTaskDispatcher with 16 workers.
[PhysX] Initialized MultithreadedTaskDispatcher with 16 workers.
 -> (artifact id: '2f277d07cf712e526b34a0bb7e3e3704') in 0.006164 seconds
Number of updated asset objects reloaded before import = 0
Number of asset objects unloaded after import = 16
========================================================================
Received Import Request.
  Time since last request: 133.533627 seconds.
  path: Assets/_Assets/KayKit Spooktober Seasonal Pack 1.1/Models/fbx/candleBundle.fbx
  artifactKey: Guid(65dc3f75d3a6d5443a8d362a38bba00c) Importer(815301076,1909f56bfc062723c751e8b465ee728b)
Start importing Assets/_Assets/KayKit Spooktober Seasonal Pack 1.1/Models/fbx/candleBundle.fbx using Guid(65dc3f75d3a6d5443a8d362a38bba00c) Importer(815301076,1909f56bfc062723c751e8b465ee728b) [PhysX] Initialized MultithreadedTaskDispatcher with 16 workers.
[PhysX] Initialized MultithreadedTaskDispatcher with 16 workers.
[PhysX] Initialized MultithreadedTaskDispatcher with 16 workers.
[PhysX] Initialized MultithreadedTaskDispatcher with 16 workers.
[PhysX] Initialized MultithreadedTaskDispatcher with 16 workers.
[PhysX] Initialized MultithreadedTaskDispatcher with 16 workers.
 -> (artifact id: '19bca0f3ab44dc4cc6d02cdc896bff33') in 0.026295 seconds
Number of updated asset objects reloaded before import = 0
Number of asset objects unloaded after import = 10
========================================================================
Received Import Request.
  Time since last request: 0.000023 seconds.
  path: Assets/_Assets/KayKit Spooktober Seasonal Pack 1.1/Models/fbx/coffinB_top.fbx
  artifactKey: Guid(24b36cf0c7b1ee047ab8d975fe8579da) Importer(815301076,1909f56bfc062723c751e8b465ee728b)
Start importing Assets/_Assets/KayKit Spooktober Seasonal Pack 1.1/Models/fbx/coffinB_top.fbx using Guid(24b36cf0c7b1ee047ab8d975fe8579da) Importer(815301076,1909f56bfc062723c751e8b465ee728b) [PhysX] Initialized MultithreadedTaskDispatcher with 16 workers.
[PhysX] Initialized MultithreadedTaskDispatcher with 16 workers.
[PhysX] Initialized MultithreadedTaskDispatcher with 16 workers.
[PhysX] Initialized MultithreadedTaskDispatcher with 16 workers.
[PhysX] Initialized MultithreadedTaskDispatcher with 16 workers.
[PhysX] Initialized MultithreadedTaskDispatcher with 16 workers.
 -> (artifact id: '7255c4c3075ef0ca9033c9b044a4a01f') in 0.042284 seconds
Number of updated asset objects reloaded before import = 0
Number of asset objects unloaded after import = 10
========================================================================
Received Import Request.
  Time since last request: 0.000016 seconds.
  path: Assets/_Assets/KayKit Spooktober Seasonal Pack 1.1/Models/fbx/coffinB_bottom.fbx
  artifactKey: Guid(668077f7b52418c4798d53b6d615897b) Importer(815301076,1909f56bfc062723c751e8b465ee728b)
Start importing Assets/_Assets/KayKit Spooktober Seasonal Pack 1.1/Models/fbx/coffinB_bottom.fbx using Guid(668077f7b52418c4798d53b6d615897b) Importer(815301076,1909f56bfc062723c751e8b465ee728b) [PhysX] Initialized MultithreadedTaskDispatcher with 16 workers.
[PhysX] Initialized MultithreadedTaskDispatcher with 16 workers.
[PhysX] Initialized MultithreadedTaskDispatcher with 16 workers.
[PhysX] Initialized MultithreadedTaskDispatcher with 16 workers.
[PhysX] Initialized MultithreadedTaskDispatcher with 16 workers.
[PhysX] Initialized MultithreadedTaskDispatcher with 16 workers.
 -> (artifact id: '13426e199d67296253f488e866ef10bc') in 0.028192 seconds
Number of updated asset objects reloaded before import = 0
Number of asset objects unloaded after import = 10
========================================================================
Received Import Request.
  Time since last request: 0.000014 seconds.
  path: Assets/_Assets/KayKit Spooktober Seasonal Pack 1.1/Models/fbx/candyB.fbx
  artifactKey: Guid(03553bbadc3d9a746a8071ba6fd9bc46) Importer(815301076,1909f56bfc062723c751e8b465ee728b)
Start importing Assets/_Assets/KayKit Spooktober Seasonal Pack 1.1/Models/fbx/candyB.fbx using Guid(03553bbadc3d9a746a8071ba6fd9bc46) Importer(815301076,1909f56bfc062723c751e8b465ee728b) [PhysX] Initialized MultithreadedTaskDispatcher with 16 workers.
[PhysX] Initialized MultithreadedTaskDispatcher with 16 workers.
[PhysX] Initialized MultithreadedTaskDispatcher with 16 workers.
[PhysX] Initialized MultithreadedTaskDispatcher with 16 workers.
[PhysX] Initialized MultithreadedTaskDispatcher with 16 workers.
 -> (artifact id: '8e836ee98f7dec09640f0305b63a5876') in 0.021030 seconds
Number of updated asset objects reloaded before import = 0
Number of asset objects unloaded after import = 9
========================================================================
Received Import Request.
  Time since last request: 0.000018 seconds.
  path: Assets/_Assets/KayKit Spooktober Seasonal Pack 1.1/Models/fbx/cauldron.fbx
  artifactKey: Guid(0fb4f551e788cb9459c6e8b53ee7aba2) Importer(815301076,1909f56bfc062723c751e8b465ee728b)
Start importing Assets/_Assets/KayKit Spooktober Seasonal Pack 1.1/Models/fbx/cauldron.fbx using Guid(0fb4f551e788cb9459c6e8b53ee7aba2) Importer(815301076,1909f56bfc062723c751e8b465ee728b) [PhysX] Initialized MultithreadedTaskDispatcher with 16 workers.
[PhysX] Initialized MultithreadedTaskDispatcher with 16 workers.
[PhysX] Initialized MultithreadedTaskDispatcher with 16 workers.
[PhysX] Initialized MultithreadedTaskDispatcher with 16 workers.
[PhysX] Initialized MultithreadedTaskDispatcher with 16 workers.
[PhysX] Initialized MultithreadedTaskDispatcher with 16 workers.
[PhysX] Initialized MultithreadedTaskDispatcher with 16 workers.
 -> (artifact id: '2f206cf32010309bd2812674978e1897') in 0.022384 seconds
Number of updated asset objects reloaded before import = 0
Number of asset objects unloaded after import = 11
========================================================================
Received Import Request.
  Time since last request: 0.000024 seconds.
  path: Assets/_Assets/KayKit Spooktober Seasonal Pack 1.1/Models/fbx/candyBag.fbx
  artifactKey: Guid(135557adc852a7e41b4945d4d4e87867) Importer(815301076,1909f56bfc062723c751e8b465ee728b)
Start importing Assets/_Assets/KayKit Spooktober Seasonal Pack 1.1/Models/fbx/candyBag.fbx using Guid(135557adc852a7e41b4945d4d4e87867) Importer(815301076,1909f56bfc062723c751e8b465ee728b) [PhysX] Initialized MultithreadedTaskDispatcher with 16 workers.
[PhysX] Initialized MultithreadedTaskDispatcher with 16 workers.
[PhysX] Initialized MultithreadedTaskDispatcher with 16 workers.
[PhysX] Initialized MultithreadedTaskDispatcher with 16 workers.
[PhysX] Initialized MultithreadedTaskDispatcher with 16 workers.
[PhysX] Initialized MultithreadedTaskDispatcher with 16 workers.
[PhysX] Initialized MultithreadedTaskDispatcher with 16 workers.
[PhysX] Initialized MultithreadedTaskDispatcher with 16 workers.
[PhysX] Initialized MultithreadedTaskDispatcher with 16 workers.
 -> (artifact id: 'e7bfd003ca12e437168086c3737c28ba') in 0.027995 seconds
Number of updated asset objects reloaded before import = 0
Number of asset objects unloaded after import = 13
========================================================================
Received Import Request.
  Time since last request: 0.000016 seconds.
  path: Assets/_Assets/KayKit Spooktober Seasonal Pack 1.1/Models/fbx/detail_graveyard.fbx
  artifactKey: Guid(3bf8f0b43a6457d4eaf0a8de2e8684bb) Importer(815301076,1909f56bfc062723c751e8b465ee728b)
Start importing Assets/_Assets/KayKit Spooktober Seasonal Pack 1.1/Models/fbx/detail_graveyard.fbx using Guid(3bf8f0b43a6457d4eaf0a8de2e8684bb) Importer(815301076,1909f56bfc062723c751e8b465ee728b) [PhysX] Initialized MultithreadedTaskDispatcher with 16 workers.
[PhysX] Initialized MultithreadedTaskDispatcher with 16 workers.
[PhysX] Initialized MultithreadedTaskDispatcher with 16 workers.
[PhysX] Initialized MultithreadedTaskDispatcher with 16 workers.
 -> (artifact id: 'd8d54234097e8ddb81167c88cd20c260') in 0.013244 seconds
Number of updated asset objects reloaded before import = 0
Number of asset objects unloaded after import = 8
========================================================================
Received Import Request.
  Time since last request: 0.000022 seconds.
  path: Assets/_Assets/KayKit Spooktober Seasonal Pack 1.1/Models/fbx/candyD.fbx
  artifactKey: Guid(aa661eb957e8f1a4386a43b2204425dd) Importer(815301076,1909f56bfc062723c751e8b465ee728b)
Start importing Assets/_Assets/KayKit Spooktober Seasonal Pack 1.1/Models/fbx/candyD.fbx using Guid(aa661eb957e8f1a4386a43b2204425dd) Importer(815301076,1909f56bfc062723c751e8b465ee728b) [PhysX] Initialized MultithreadedTaskDispatcher with 16 workers.
[PhysX] Initialized MultithreadedTaskDispatcher with 16 workers.
[PhysX] Initialized MultithreadedTaskDispatcher with 16 workers.
[PhysX] Initialized MultithreadedTaskDispatcher with 16 workers.
 -> (artifact id: 'b5adb06629367cb8c54efb1dfbed6da9') in 0.013475 seconds
Number of updated asset objects reloaded before import = 0
Number of asset objects unloaded after import = 8
========================================================================
Received Import Request.
  Time since last request: 3.427210 seconds.
  path: Assets/_Assets/KayKit Spooktober Seasonal Pack 1.1/Models/fbx/fenceCorner.fbx
  artifactKey: Guid(c44764cc480346e46bb160c5edbae24f) Importer(815301076,1909f56bfc062723c751e8b465ee728b)
Start importing Assets/_Assets/KayKit Spooktober Seasonal Pack 1.1/Models/fbx/fenceCorner.fbx using Guid(c44764cc480346e46bb160c5edbae24f) Importer(815301076,1909f56bfc062723c751e8b465ee728b) [PhysX] Initialized MultithreadedTaskDispatcher with 16 workers.
[PhysX] Initialized MultithreadedTaskDispatcher with 16 workers.
[PhysX] Initialized MultithreadedTaskDispatcher with 16 workers.
[PhysX] Initialized MultithreadedTaskDispatcher with 16 workers.
[PhysX] Initialized MultithreadedTaskDispatcher with 16 workers.
 -> (artifact id: '6e079d5a95912250ce185055891587da') in 0.017501 seconds
Number of updated asset objects reloaded before import = 0
Number of asset objects unloaded after import = 9
========================================================================
Received Import Request.
  Time since last request: 0.054771 seconds.
  path: Assets/_Assets/KayKit Spooktober Seasonal Pack 1.1/Models/fbx/fenceDouble.fbx
  artifactKey: Guid(890534103cc096a42ae49306d667717b) Importer(815301076,1909f56bfc062723c751e8b465ee728b)
Start importing Assets/_Assets/KayKit Spooktober Seasonal Pack 1.1/Models/fbx/fenceDouble.fbx using Guid(890534103cc096a42ae49306d667717b) Importer(815301076,1909f56bfc062723c751e8b465ee728b) [PhysX] Initialized MultithreadedTaskDispatcher with 16 workers.
[PhysX] Initialized MultithreadedTaskDispatcher with 16 workers.
[PhysX] Initialized MultithreadedTaskDispatcher with 16 workers.
[PhysX] Initialized MultithreadedTaskDispatcher with 16 workers.
[PhysX] Initialized MultithreadedTaskDispatcher with 16 workers.
 -> (artifact id: 'f1d74b6c0c18971d0e3ff638525c0277') in 0.022804 seconds
Number of updated asset objects reloaded before import = 0
Number of asset objects unloaded after import = 9
========================================================================
Received Import Request.
  Time since last request: 0.135118 seconds.
  path: Assets/_Assets/KayKit Spooktober Seasonal Pack 1.1/Models/fbx/jackolantern_small.fbx
  artifactKey: Guid(3d537be9ece55a64b9078ba627a5190e) Importer(815301076,1909f56bfc062723c751e8b465ee728b)
Start importing Assets/_Assets/KayKit Spooktober Seasonal Pack 1.1/Models/fbx/jackolantern_small.fbx using Guid(3d537be9ece55a64b9078ba627a5190e) Importer(815301076,1909f56bfc062723c751e8b465ee728b) [PhysX] Initialized MultithreadedTaskDispatcher with 16 workers.
[PhysX] Initialized MultithreadedTaskDispatcher with 16 workers.
[PhysX] Initialized MultithreadedTaskDispatcher with 16 workers.
[PhysX] Initialized MultithreadedTaskDispatcher with 16 workers.
 -> (artifact id: 'bda86a73bdaac38d5a5519a431d7bf76') in 0.014261 seconds
Number of updated asset objects reloaded before import = 0
Number of asset objects unloaded after import = 8
========================================================================
Received Import Request.
  Time since last request: 0.818015 seconds.
  path: Assets/_Assets/KayKit Spooktober Seasonal Pack 1.1/Models/fbx/lollipopB.fbx
  artifactKey: Guid(9d3a76b9fd84b1648824717a284a1b2f) Importer(815301076,1909f56bfc062723c751e8b465ee728b)
Start importing Assets/_Assets/KayKit Spooktober Seasonal Pack 1.1/Models/fbx/lollipopB.fbx using Guid(9d3a76b9fd84b1648824717a284a1b2f) Importer(815301076,1909f56bfc062723c751e8b465ee728b) [PhysX] Initialized MultithreadedTaskDispatcher with 16 workers.
[PhysX] Initialized MultithreadedTaskDispatcher with 16 workers.
[PhysX] Initialized MultithreadedTaskDispatcher with 16 workers.
[PhysX] Initialized MultithreadedTaskDispatcher with 16 workers.
[PhysX] Initialized MultithreadedTaskDispatcher with 16 workers.
[PhysX] Initialized MultithreadedTaskDispatcher with 16 workers.
 -> (artifact id: 'ee92a93ab0f00a2ede505eef80bcc82e') in 0.034762 seconds
Number of updated asset objects reloaded before import = 0
Number of asset objects unloaded after import = 10
========================================================================
Received Import Request.
  Time since last request: 1.323830 seconds.
  path: Assets/_Assets/KayKit Spooktober Seasonal Pack 1.1/Models/fbx/pumpkinLarge.fbx
  artifactKey: Guid(1513d955b807b5046aa95f8982e70cd7) Importer(815301076,1909f56bfc062723c751e8b465ee728b)
Start importing Assets/_Assets/KayKit Spooktober Seasonal Pack 1.1/Models/fbx/pumpkinLarge.fbx using Guid(1513d955b807b5046aa95f8982e70cd7) Importer(815301076,1909f56bfc062723c751e8b465ee728b) [PhysX] Initialized MultithreadedTaskDispatcher with 16 workers.
[PhysX] Initialized MultithreadedTaskDispatcher with 16 workers.
[PhysX] Initialized MultithreadedTaskDispatcher with 16 workers.
[PhysX] Initialized MultithreadedTaskDispatcher with 16 workers.
[PhysX] Initialized MultithreadedTaskDispatcher with 16 workers.
 -> (artifact id: '4f025abd92761828c1af0debbea33c31') in 0.023313 seconds
Number of updated asset objects reloaded before import = 0
Number of asset objects unloaded after import = 9
========================================================================
Received Import Request.
  Time since last request: 1.704703 seconds.
  path: Assets/_Assets/KayKit Spooktober Seasonal Pack 1.1/Models/fbx/tile2x2_graveyard.fbx
  artifactKey: Guid(3873ced3ae376e143aa2176ba904d3e9) Importer(815301076,1909f56bfc062723c751e8b465ee728b)
Start importing Assets/_Assets/KayKit Spooktober Seasonal Pack 1.1/Models/fbx/tile2x2_graveyard.fbx using Guid(3873ced3ae376e143aa2176ba904d3e9) Importer(815301076,1909f56bfc062723c751e8b465ee728b) [PhysX] Initialized MultithreadedTaskDispatcher with 16 workers.
[PhysX] Initialized MultithreadedTaskDispatcher with 16 workers.
[PhysX] Initialized MultithreadedTaskDispatcher with 16 workers.
[PhysX] Initialized MultithreadedTaskDispatcher with 16 workers.
[PhysX] Initialized MultithreadedTaskDispatcher with 16 workers.
 -> (artifact id: '5d609defd16eba2fbcd4f070e75eb0cd') in 0.029061 seconds
Number of updated asset objects reloaded before import = 0
Number of asset objects unloaded after import = 9
========================================================================
Received Import Request.
  Time since last request: 0.097550 seconds.
  path: Assets/_Assets/KayKit Spooktober Seasonal Pack 1.1/Models/fbx/tileLow_graveyard.fbx
  artifactKey: Guid(64f304a721b73174c9b38c9e7f69f881) Importer(815301076,1909f56bfc062723c751e8b465ee728b)
Start importing Assets/_Assets/KayKit Spooktober Seasonal Pack 1.1/Models/fbx/tileLow_graveyard.fbx using Guid(64f304a721b73174c9b38c9e7f69f881) Importer(815301076,1909f56bfc062723c751e8b465ee728b) [PhysX] Initialized MultithreadedTaskDispatcher with 16 workers.
[PhysX] Initialized MultithreadedTaskDispatcher with 16 workers.
[PhysX] Initialized MultithreadedTaskDispatcher with 16 workers.
[PhysX] Initialized MultithreadedTaskDispatcher with 16 workers.
[PhysX] Initialized MultithreadedTaskDispatcher with 16 workers.
 -> (artifact id: '964a2f49870e3a8ae2013ed203b3d580') in 0.029535 seconds
Number of updated asset objects reloaded before import = 0
Number of asset objects unloaded after import = 9
========================================================================
Received Import Request.
  Time since last request: 0.697956 seconds.
  path: Assets/_Assets/KayKit Spooktober Seasonal Pack 1.1/Models/fbx/tileSlopeLowMedium_graveyard.fbx
  artifactKey: Guid(c03d01cc1128f564dbb38e5b698689bb) Importer(815301076,1909f56bfc062723c751e8b465ee728b)
Start importing Assets/_Assets/KayKit Spooktober Seasonal Pack 1.1/Models/fbx/tileSlopeLowMedium_graveyard.fbx using Guid(c03d01cc1128f564dbb38e5b698689bb) Importer(815301076,1909f56bfc062723c751e8b465ee728b) [PhysX] Initialized MultithreadedTaskDispatcher with 16 workers.
[PhysX] Initialized MultithreadedTaskDispatcher with 16 workers.
[PhysX] Initialized MultithreadedTaskDispatcher with 16 workers.
[PhysX] Initialized MultithreadedTaskDispatcher with 16 workers.
[PhysX] Initialized MultithreadedTaskDispatcher with 16 workers.
 -> (artifact id: '0d1db6d610db06c33c3f303b9fbc8ec5') in 0.021943 seconds
Number of updated asset objects reloaded before import = 0
Number of asset objects unloaded after import = 9
Editor requested this worker to shutdown with reason: Scaling down because of idle timeout
TcpMessagingSession - receive error: operation aborted. errorcode: 995, details: The I/O operation has been aborted because of either a thread exit or an application request.
AssetImportWorker is now disconnected from the server
Process exiting
Exiting without the bug reporter. Application will terminate with return code 0