Using pre-set license
Built from '2022.3/staging' branch; Version is '2022.3.41f1 (0f988161febf) revision 1022081'; Using compiler version '192829333'; Build Type 'Release'
OS: 'Windows 10  (10.0.19045) 64bit Education' Language: 'en' Physical Memory: 65470 MB
BatchMode: 1, IsHumanControllingUs: 0, StartBugReporterOnCrash: 0, Is64bit: 1, IsPro: 1

COMMAND LINE ARGUMENTS:
C:\Program Files\Unity\Hub\Editor\2022.3.41f1\Editor\Unity.exe
-adb2
-batchMode
-noUpm
-name
AssetImportWorker1
-projectPath
C:/Users/Austin/Documents/GitHub/DungeonDefense/Dungeon Defense
-logFile
Logs/AssetImportWorker1.log
-srvPort
57664
Successfully changed project path to: C:/Users/Austin/Documents/GitHub/DungeonDefense/Dungeon Defense
C:/Users/Austin/Documents/GitHub/DungeonDefense/Dungeon Defense
[UnityMemory] Configuration Parameters - Can be set up in boot.config
    "memorysetup-bucket-allocator-granularity=16"
    "memorysetup-bucket-allocator-bucket-count=8"
    "memorysetup-bucket-allocator-block-size=33554432"
    "memorysetup-bucket-allocator-block-count=8"
    "memorysetup-main-allocator-block-size=16777216"
    "memorysetup-thread-allocator-block-size=16777216"
    "memorysetup-gfx-main-allocator-block-size=16777216"
    "memorysetup-gfx-thread-allocator-block-size=16777216"
    "memorysetup-cache-allocator-block-size=4194304"
    "memorysetup-typetree-allocator-block-size=2097152"
    "memorysetup-profiler-bucket-allocator-granularity=16"
    "memorysetup-profiler-bucket-allocator-bucket-count=8"
    "memorysetup-profiler-bucket-allocator-block-size=33554432"
    "memorysetup-profiler-bucket-allocator-block-count=8"
    "memorysetup-profiler-allocator-block-size=16777216"
    "memorysetup-profiler-editor-allocator-block-size=1048576"
    "memorysetup-temp-allocator-size-main=16777216"
    "memorysetup-job-temp-allocator-block-size=2097152"
    "memorysetup-job-temp-allocator-block-size-background=1048576"
    "memorysetup-job-temp-allocator-reduction-small-platforms=262144"
    "memorysetup-allocator-temp-initial-block-size-main=262144"
    "memorysetup-allocator-temp-initial-block-size-worker=262144"
    "memorysetup-temp-allocator-size-background-worker=32768"
    "memorysetup-temp-allocator-size-job-worker=262144"
    "memorysetup-temp-allocator-size-preload-manager=33554432"
    "memorysetup-temp-allocator-size-nav-mesh-worker=65536"
    "memorysetup-temp-allocator-size-audio-worker=65536"
    "memorysetup-temp-allocator-size-cloud-worker=32768"
    "memorysetup-temp-allocator-size-gi-baking-worker=262144"
    "memorysetup-temp-allocator-size-gfx=262144"
Player connection [904]  Target information:

Player connection [904]  * "[IP] 192.168.1.11 [Port] 0 [Flags] 2 [Guid] 1482121052 [EditorId] 1482121052 [Version] 1048832 [Id] WindowsEditor(7,Aroshia-Desktop) [Debug] 1 [PackageName] WindowsEditor [ProjectName] Editor" 

Player connection [904]  * "[IP] 192.168.153.1 [Port] 0 [Flags] 2 [Guid] 1482121052 [EditorId] 1482121052 [Version] 1048832 [Id] WindowsEditor(7,Aroshia-Desktop) [Debug] 1 [PackageName] WindowsEditor [ProjectName] Editor" 

Player connection [904]  * "[IP] 192.168.10.1 [Port] 0 [Flags] 2 [Guid] 1482121052 [EditorId] 1482121052 [Version] 1048832 [Id] WindowsEditor(7,Aroshia-Desktop) [Debug] 1 [PackageName] WindowsEditor [ProjectName] Editor" 

Player connection [904]  * "[IP] 169.254.188.30 [Port] 0 [Flags] 2 [Guid] 1482121052 [EditorId] 1482121052 [Version] 1048832 [Id] WindowsEditor(7,Aroshia-Desktop) [Debug] 1 [PackageName] WindowsEditor [ProjectName] Editor" 

Player connection [904] Host joined multi-casting on [225.0.0.222:54997]...
Player connection [904] Host joined alternative multi-casting on [225.0.0.222:34997]...
[PhysX] Initialized MultithreadedTaskDispatcher with 8 workers.
Refreshing native plugins compatible for Editor in 14.92 ms, found 4 plugins.
Preloading 0 native plugins for Editor in 0.00 ms.
Initialize engine version: 2022.3.41f1 (0f988161febf)
[Subsystems] Discovering subsystems at path C:/Program Files/Unity/Hub/Editor/2022.3.41f1/Editor/Data/Resources/UnitySubsystems
[Subsystems] Discovering subsystems at path C:/Users/Austin/Documents/GitHub/DungeonDefense/Dungeon Defense/Assets
GfxDevice: creating device client; threaded=0; jobified=0
Direct3D:
    Version:  Direct3D 11.0 [level 11.1]
    Renderer: NVIDIA GeForce RTX 2070 SUPER (ID=0x1e84)
    Vendor:   NVIDIA
    VRAM:     7989 MB
    Driver:   32.0.15.7688
Initialize mono
Mono path[0] = 'C:/Program Files/Unity/Hub/Editor/2022.3.41f1/Editor/Data/Managed'
Mono path[1] = 'C:/Program Files/Unity/Hub/Editor/2022.3.41f1/Editor/Data/MonoBleedingEdge/lib/mono/unityjit-win32'
Mono config path = 'C:/Program Files/Unity/Hub/Editor/2022.3.41f1/Editor/Data/MonoBleedingEdge/etc'
Using monoOptions --debugger-agent=transport=dt_socket,embedding=1,server=y,suspend=n,address=127.0.0.1:56248
Begin MonoManager ReloadAssembly
Registering precompiled unity dll's ...
Register platform support module: C:/Program Files/Unity/Hub/Editor/2022.3.41f1/Editor/Data/PlaybackEngines/WebGLSupport/UnityEditor.WebGL.Extensions.dll
Register platform support module: C:/Program Files/Unity/Hub/Editor/2022.3.41f1/Editor/Data/PlaybackEngines/WindowsStandaloneSupport/UnityEditor.WindowsStandalone.Extensions.dll
Register platform support module: C:/Program Files/Unity/Hub/Editor/2022.3.41f1/Editor/Data/PlaybackEngines/MetroSupport/UnityEditor.UWP.Extensions.dll
Registered in 0.016876 seconds.
- Loaded All Assemblies, in  0.355 seconds
Native extension for UWP target not found
Native extension for WindowsStandalone target not found
Native extension for WebGL target not found
Mono: successfully reloaded assembly
- Finished resetting the current domain, in  0.250 seconds
Domain Reload Profiling: 603ms
	BeginReloadAssembly (106ms)
		ExecutionOrderSort (0ms)
		DisableScriptedObjects (0ms)
		BackupInstance (0ms)
		ReleaseScriptingObjects (0ms)
		CreateAndSetChildDomain (1ms)
	RebuildCommonClasses (32ms)
	RebuildNativeTypeToScriptingClass (10ms)
	initialDomainReloadingComplete (68ms)
	LoadAllAssembliesAndSetupDomain (136ms)
		LoadAssemblies (104ms)
		RebuildTransferFunctionScriptingTraits (0ms)
		AnalyzeDomain (134ms)
			TypeCache.Refresh (133ms)
				TypeCache.ScanAssembly (120ms)
			ScanForSourceGeneratedMonoScriptInfo (0ms)
			ResolveRequiredComponents (0ms)
	FinalizeReload (251ms)
		ReleaseScriptCaches (0ms)
		RebuildScriptCaches (0ms)
		SetupLoadedEditorAssemblies (207ms)
			LogAssemblyErrors (0ms)
			InitializePlatformSupportModulesInManaged (14ms)
			SetLoadedEditorAssemblies (5ms)
			RefreshPlugins (0ms)
			BeforeProcessingInitializeOnLoad (2ms)
			ProcessInitializeOnLoadAttributes (142ms)
			ProcessInitializeOnLoadMethodAttributes (44ms)
			AfterProcessingInitializeOnLoad (0ms)
			EditorAssembliesLoaded (0ms)
		ExecutionOrderSort2 (0ms)
		AwakeInstancesAfterBackupRestoration (0ms)
========================================================================
Worker process is ready to serve import requests
Caller must complete domain reload
Begin MonoManager ReloadAssembly
- Loaded All Assemblies, in  0.715 seconds
Native extension for UWP target not found
Native extension for WindowsStandalone target not found
Native extension for WebGL target not found
Package Manager log level set to [2]
[Package Manager] Server::EnsureServerProcessIsRunning -- launch failed, reason: Unity was launched with the -noUpm command-line argument
[Package Manager] UpmClient::Send -- Unable to send message (not connected to UPM process).
[Package Manager] Cannot connect to Unity Package Manager local server
Mono: successfully reloaded assembly
- Finished resetting the current domain, in  0.647 seconds
Domain Reload Profiling: 1357ms
	BeginReloadAssembly (145ms)
		ExecutionOrderSort (0ms)
		DisableScriptedObjects (5ms)
		BackupInstance (0ms)
		ReleaseScriptingObjects (0ms)
		CreateAndSetChildDomain (20ms)
	RebuildCommonClasses (44ms)
	RebuildNativeTypeToScriptingClass (10ms)
	initialDomainReloadingComplete (44ms)
	LoadAllAssembliesAndSetupDomain (466ms)
		LoadAssemblies (344ms)
		RebuildTransferFunctionScriptingTraits (0ms)
		AnalyzeDomain (209ms)
			TypeCache.Refresh (179ms)
				TypeCache.ScanAssembly (163ms)
			ScanForSourceGeneratedMonoScriptInfo (22ms)
			ResolveRequiredComponents (7ms)
	FinalizeReload (648ms)
		ReleaseScriptCaches (0ms)
		RebuildScriptCaches (0ms)
		SetupLoadedEditorAssemblies (502ms)
			LogAssemblyErrors (0ms)
			InitializePlatformSupportModulesInManaged (11ms)
			SetLoadedEditorAssemblies (3ms)
			RefreshPlugins (0ms)
			BeforeProcessingInitializeOnLoad (83ms)
			ProcessInitializeOnLoadAttributes (358ms)
			ProcessInitializeOnLoadMethodAttributes (35ms)
			AfterProcessingInitializeOnLoad (11ms)
			EditorAssembliesLoaded (0ms)
		ExecutionOrderSort2 (0ms)
		AwakeInstancesAfterBackupRestoration (7ms)
Launched and connected shader compiler UnityShaderCompiler.exe after 0.05 seconds
Refreshing native plugins compatible for Editor in 7.33 ms, found 4 plugins.
Preloading 0 native plugins for Editor in 0.00 ms.
Unloading 4443 Unused Serialized files (Serialized files now loaded: 0)
Unloading 45 unused Assets / (103.7 KB). Loaded Objects now: 4939.
Memory consumption went from 169.9 MB to 169.8 MB.
Total: 3.616100 ms (FindLiveObjects: 0.350400 ms CreateObjectMapping: 0.297900 ms MarkObjects: 2.897900 ms  DeleteObjects: 0.068500 ms)

AssetImportParameters requested are different than current active one (requested -> active):
  custom:container-demuxer-ogg: 62fdf1f143b41e24485cea50d1cbac27 -> 
  custom:video-decoder-ogg-theora: a1e56fd34408186e4bbccfd4996cb3dc -> 
  custom:framework-win-MediaFoundation: 216162199b28c13a410421893ffa2e32 -> 
  custom:CustomObjectIndexerAttribute: 9a22284fe3817be447336de3de66b15e -> 
  custom:container-demuxer-webm: 4f35f7cbe854078d1ac9338744f61a02 -> 
  custom:container-muxer-webm: aa71ff27fc2769a1b78a27578f13a17b -> 
  custom:video-decoder-webm-vp8: 9c59270c3fd7afecdb556c50c9e8de78 -> 
  custom:SearchIndexIgnoredProperties: e643bd26f0fe6173181afceb89e7c659 -> 
  custom:AudioImporter_EditorPlatform: d09bf68614088b80899f8185d706f6e7 -> 
  custom:video-encoder-webm-vp8: eb34c28f22e8b96e1ab97ce403110664 -> 
  custom:audio-decoder-ogg-vorbis: bf7c407c2cedff20999df2af8eb42d56 -> 
  custom:audio-encoder-webm-vorbis: bf7c407c2cedff20999df2af8eb42d56 -> 
========================================================================
Received Import Request.
  Time since last request: 435295.666990 seconds.
  path: Assets/_Prefabs/ThirdPersonCamera.prefab
  artifactKey: Guid(7fdd2e626396e1e4ca26b4143421c42b) Importer(815301076,1909f56bfc062723c751e8b465ee728b)
Start importing Assets/_Prefabs/ThirdPersonCamera.prefab using Guid(7fdd2e626396e1e4ca26b4143421c42b) Importer(815301076,1909f56bfc062723c751e8b465ee728b) [PhysX] Initialized MultithreadedTaskDispatcher with 8 workers.
 -> (artifact id: 'f635392387158645b6ebd642be46fde8') in 0.030932 seconds
Number of updated asset objects reloaded before import = 0
Number of asset objects unloaded after import = 30
========================================================================
Received Import Request.
  Time since last request: 0.000024 seconds.
  path: Assets/_Prefabs/NavMeshController.prefab
  artifactKey: Guid(37401170ab1e1984d8f428feae286cf1) Importer(815301076,1909f56bfc062723c751e8b465ee728b)
Start importing Assets/_Prefabs/NavMeshController.prefab using Guid(37401170ab1e1984d8f428feae286cf1) Importer(815301076,1909f56bfc062723c751e8b465ee728b) [PhysX] Initialized MultithreadedTaskDispatcher with 8 workers.
 -> (artifact id: '30d381c5c02c07994c44a8b6a0cce9aa') in 0.003444 seconds
Number of updated asset objects reloaded before import = 0
Number of asset objects unloaded after import = 7
========================================================================
Received Import Request.
  Time since last request: 0.000015 seconds.
  path: Assets/_Prefabs/SceneManager.prefab
  artifactKey: Guid(77f6a542c1fb70c4fa78cf9eb19c3f93) Importer(815301076,1909f56bfc062723c751e8b465ee728b)
Start importing Assets/_Prefabs/SceneManager.prefab using Guid(77f6a542c1fb70c4fa78cf9eb19c3f93) Importer(815301076,1909f56bfc062723c751e8b465ee728b) [PhysX] Initialized MultithreadedTaskDispatcher with 8 workers.
 -> (artifact id: '01cea3cee3ca5fec47a5db8796860ab3') in 0.001937 seconds
Number of updated asset objects reloaded before import = 0
Number of asset objects unloaded after import = 5
========================================================================
Received Import Request.
  Time since last request: 23.930039 seconds.
  path: Assets/_Prefabs/_Turret/TurretProjectile.prefab
  artifactKey: Guid(375e0eccfaf0c8d47872168fb5405068) Importer(815301076,1909f56bfc062723c751e8b465ee728b)
Start importing Assets/_Prefabs/_Turret/TurretProjectile.prefab using Guid(375e0eccfaf0c8d47872168fb5405068) Importer(815301076,1909f56bfc062723c751e8b465ee728b) [PhysX] Initialized MultithreadedTaskDispatcher with 8 workers.
[PhysX] Initialized MultithreadedTaskDispatcher with 8 workers.
 -> (artifact id: '26807c03608b2894e9b43f6bec8285ce') in 0.055928 seconds
Number of updated asset objects reloaded before import = 0
Number of asset objects unloaded after import = 7
========================================================================
Received Import Request.
  Time since last request: 125.052222 seconds.
  path: Assets/_Assets/KayKit Dungeon Pack 1.0/Models/fbx/StoneDark.mat
  artifactKey: Guid(76f05b3602ed03d469c565f0a88438d4) Importer(815301076,1909f56bfc062723c751e8b465ee728b)
Start importing Assets/_Assets/KayKit Dungeon Pack 1.0/Models/fbx/StoneDark.mat using Guid(76f05b3602ed03d469c565f0a88438d4) Importer(815301076,1909f56bfc062723c751e8b465ee728b) [PhysX] Initialized MultithreadedTaskDispatcher with 8 workers.
[PhysX] Initialized MultithreadedTaskDispatcher with 8 workers.
 -> (artifact id: '0587d961c3c027278677f5507dc80258') in 0.038445 seconds
Number of updated asset objects reloaded before import = 0
Number of asset objects unloaded after import = 1
========================================================================
Received Import Request.
  Time since last request: 0.000014 seconds.
  path: Assets/_Assets/KayKit Dungeon Pack 1.0/Models/fbx/tileBrickA_small.fbx
  artifactKey: Guid(d54b524cbd10b8f43b6f5de638923998) Importer(815301076,1909f56bfc062723c751e8b465ee728b)
Start importing Assets/_Assets/KayKit Dungeon Pack 1.0/Models/fbx/tileBrickA_small.fbx using Guid(d54b524cbd10b8f43b6f5de638923998) Importer(815301076,1909f56bfc062723c751e8b465ee728b) [PhysX] Initialized MultithreadedTaskDispatcher with 8 workers.
[PhysX] Initialized MultithreadedTaskDispatcher with 8 workers.
[PhysX] Initialized MultithreadedTaskDispatcher with 8 workers.
[PhysX] Initialized MultithreadedTaskDispatcher with 8 workers.
[PhysX] Initialized MultithreadedTaskDispatcher with 8 workers.
 -> (artifact id: '5b653ec482a7c0cc8b5ca60545422b50') in 0.029923 seconds
Number of updated asset objects reloaded before import = 0
Number of asset objects unloaded after import = 9
========================================================================
Received Import Request.
  Time since last request: 22.542004 seconds.
  path: Assets/_Assets/Free_Halloween_Kit_AssetQuest/Meshes/Pumpkin_Lantern_1.fbx
  artifactKey: Guid(f73b6c4189b155445ab126caaf476ab7) Importer(815301076,1909f56bfc062723c751e8b465ee728b)
Start importing Assets/_Assets/Free_Halloween_Kit_AssetQuest/Meshes/Pumpkin_Lantern_1.fbx using Guid(f73b6c4189b155445ab126caaf476ab7) Importer(815301076,1909f56bfc062723c751e8b465ee728b) [PhysX] Initialized MultithreadedTaskDispatcher with 8 workers.
[PhysX] Initialized MultithreadedTaskDispatcher with 8 workers.
[PhysX] Initialized MultithreadedTaskDispatcher with 8 workers.
[PhysX] Initialized MultithreadedTaskDispatcher with 8 workers.
 -> (artifact id: '3121d9ec8581bb1d931e11f4aa6724ed') in 0.019150 seconds
Number of updated asset objects reloaded before import = 0
Number of asset objects unloaded after import = 9
========================================================================
Received Import Request.
  Time since last request: 0.005515 seconds.
  path: Assets/_Assets/Free_Halloween_Kit_AssetQuest/Meshes/Shrub_1b.fbx
  artifactKey: Guid(3c30627f367fe174f92fe07f58565855) Importer(815301076,1909f56bfc062723c751e8b465ee728b)
Start importing Assets/_Assets/Free_Halloween_Kit_AssetQuest/Meshes/Shrub_1b.fbx using Guid(3c30627f367fe174f92fe07f58565855) Importer(815301076,1909f56bfc062723c751e8b465ee728b) [PhysX] Initialized MultithreadedTaskDispatcher with 8 workers.
[PhysX] Initialized MultithreadedTaskDispatcher with 8 workers.
[PhysX] Initialized MultithreadedTaskDispatcher with 8 workers.
[PhysX] Initialized MultithreadedTaskDispatcher with 8 workers.
 -> (artifact id: 'a8ba2e2f92ca07fd55fcd26f19221567') in 0.032588 seconds
Number of updated asset objects reloaded before import = 0
Number of asset objects unloaded after import = 8
========================================================================
Received Import Request.
  Time since last request: 0.000053 seconds.
  path: Assets/_Assets/Free_Halloween_Kit_AssetQuest/Meshes/Shrub_1c.fbx
  artifactKey: Guid(89d8735d0a2764047a33c8db0e036675) Importer(815301076,1909f56bfc062723c751e8b465ee728b)
Start importing Assets/_Assets/Free_Halloween_Kit_AssetQuest/Meshes/Shrub_1c.fbx using Guid(89d8735d0a2764047a33c8db0e036675) Importer(815301076,1909f56bfc062723c751e8b465ee728b) [PhysX] Initialized MultithreadedTaskDispatcher with 8 workers.
[PhysX] Initialized MultithreadedTaskDispatcher with 8 workers.
[PhysX] Initialized MultithreadedTaskDispatcher with 8 workers.
[PhysX] Initialized MultithreadedTaskDispatcher with 8 workers.
 -> (artifact id: '0d9740bfafb9eee5669103e0f53332ec') in 0.020335 seconds
Number of updated asset objects reloaded before import = 0
Number of asset objects unloaded after import = 8
========================================================================
Received Import Request.
  Time since last request: 0.000023 seconds.
  path: Assets/_Assets/Free_Halloween_Kit_AssetQuest/Meshes/Shrub_3b.fbx
  artifactKey: Guid(7d74cb35264b3a84888415e964752df8) Importer(815301076,1909f56bfc062723c751e8b465ee728b)
Start importing Assets/_Assets/Free_Halloween_Kit_AssetQuest/Meshes/Shrub_3b.fbx using Guid(7d74cb35264b3a84888415e964752df8) Importer(815301076,1909f56bfc062723c751e8b465ee728b) [PhysX] Initialized MultithreadedTaskDispatcher with 8 workers.
[PhysX] Initialized MultithreadedTaskDispatcher with 8 workers.
[PhysX] Initialized MultithreadedTaskDispatcher with 8 workers.
[PhysX] Initialized MultithreadedTaskDispatcher with 8 workers.
 -> (artifact id: 'cd01cce40a46ac12a89ceba9e4e7efc0') in 0.012946 seconds
Number of updated asset objects reloaded before import = 0
Number of asset objects unloaded after import = 8
========================================================================
Received Import Request.
  Time since last request: 0.000014 seconds.
  path: Assets/_Assets/Free_Halloween_Kit_AssetQuest/Meshes/Pumpkin_Lantern_3.fbx
  artifactKey: Guid(3deb03424f063204da0eb7d3e1585133) Importer(815301076,1909f56bfc062723c751e8b465ee728b)
Start importing Assets/_Assets/Free_Halloween_Kit_AssetQuest/Meshes/Pumpkin_Lantern_3.fbx using Guid(3deb03424f063204da0eb7d3e1585133) Importer(815301076,1909f56bfc062723c751e8b465ee728b) [PhysX] Initialized MultithreadedTaskDispatcher with 8 workers.
[PhysX] Initialized MultithreadedTaskDispatcher with 8 workers.
[PhysX] Initialized MultithreadedTaskDispatcher with 8 workers.
[PhysX] Initialized MultithreadedTaskDispatcher with 8 workers.
 -> (artifact id: '08fe7e87967ebc9192c4d95d09076cdd') in 0.015843 seconds
Number of updated asset objects reloaded before import = 0
Number of asset objects unloaded after import = 9
========================================================================
Received Import Request.
  Time since last request: 0.000016 seconds.
  path: Assets/_Assets/Free_Halloween_Kit_AssetQuest/Meshes/Shrub_3a.fbx
  artifactKey: Guid(f039278e9e8981d4f923015743c2322d) Importer(815301076,1909f56bfc062723c751e8b465ee728b)
Start importing Assets/_Assets/Free_Halloween_Kit_AssetQuest/Meshes/Shrub_3a.fbx using Guid(f039278e9e8981d4f923015743c2322d) Importer(815301076,1909f56bfc062723c751e8b465ee728b) [PhysX] Initialized MultithreadedTaskDispatcher with 8 workers.
[PhysX] Initialized MultithreadedTaskDispatcher with 8 workers.
[PhysX] Initialized MultithreadedTaskDispatcher with 8 workers.
[PhysX] Initialized MultithreadedTaskDispatcher with 8 workers.
 -> (artifact id: '760d7f78b69bcca289f4319499cd367a') in 0.017765 seconds
Number of updated asset objects reloaded before import = 0
Number of asset objects unloaded after import = 8
========================================================================
Received Import Request.
  Time since last request: 0.000018 seconds.
  path: Assets/_Assets/Free_Halloween_Kit_AssetQuest/Meshes/Pumpkin_Lantern_2.fbx
  artifactKey: Guid(039c5ff1d27e0d1489a8e9d38ae9fa58) Importer(815301076,1909f56bfc062723c751e8b465ee728b)
Start importing Assets/_Assets/Free_Halloween_Kit_AssetQuest/Meshes/Pumpkin_Lantern_2.fbx using Guid(039c5ff1d27e0d1489a8e9d38ae9fa58) Importer(815301076,1909f56bfc062723c751e8b465ee728b) [PhysX] Initialized MultithreadedTaskDispatcher with 8 workers.
[PhysX] Initialized MultithreadedTaskDispatcher with 8 workers.
[PhysX] Initialized MultithreadedTaskDispatcher with 8 workers.
[PhysX] Initialized MultithreadedTaskDispatcher with 8 workers.
 -> (artifact id: '54f4fdf2fcd05211851abeb476a4597b') in 0.028847 seconds
Number of updated asset objects reloaded before import = 0
Number of asset objects unloaded after import = 9
========================================================================
Received Import Request.
  Time since last request: 1.771790 seconds.
  path: Assets/_Assets/Free_Halloween_Kit_AssetQuest/Meshes/Stone_3.fbx
  artifactKey: Guid(251f0c3869aee9440b691d832f39e290) Importer(815301076,1909f56bfc062723c751e8b465ee728b)
Start importing Assets/_Assets/Free_Halloween_Kit_AssetQuest/Meshes/Stone_3.fbx using Guid(251f0c3869aee9440b691d832f39e290) Importer(815301076,1909f56bfc062723c751e8b465ee728b) [PhysX] Initialized MultithreadedTaskDispatcher with 8 workers.
[PhysX] Initialized MultithreadedTaskDispatcher with 8 workers.
[PhysX] Initialized MultithreadedTaskDispatcher with 8 workers.
[PhysX] Initialized MultithreadedTaskDispatcher with 8 workers.
 -> (artifact id: '538c90dd2ebc58260012cca13a7fc618') in 0.012809 seconds
Number of updated asset objects reloaded before import = 0
Number of asset objects unloaded after import = 9
========================================================================
Received Import Request.
  Time since last request: 0.000012 seconds.
  path: Assets/_Assets/Free_Halloween_Kit_AssetQuest/Meshes/Tree_1.fbx
  artifactKey: Guid(f74bc4dc51522e1449ac0ffa97f6e0b0) Importer(815301076,1909f56bfc062723c751e8b465ee728b)
Start importing Assets/_Assets/Free_Halloween_Kit_AssetQuest/Meshes/Tree_1.fbx using Guid(f74bc4dc51522e1449ac0ffa97f6e0b0) Importer(815301076,1909f56bfc062723c751e8b465ee728b) [PhysX] Initialized MultithreadedTaskDispatcher with 8 workers.
[PhysX] Initialized MultithreadedTaskDispatcher with 8 workers.
[PhysX] Initialized MultithreadedTaskDispatcher with 8 workers.
[PhysX] Initialized MultithreadedTaskDispatcher with 8 workers.
 -> (artifact id: '29ba8e4667ae6cc4096b3f8b898fbeae') in 0.012054 seconds
Number of updated asset objects reloaded before import = 0
Number of asset objects unloaded after import = 9
========================================================================
Received Import Request.
  Time since last request: 0.000016 seconds.
  path: Assets/_Assets/Free_Halloween_Kit_AssetQuest/Meshes/Tree_2.fbx
  artifactKey: Guid(01d81c0de9fbb4c46b045bbd1ddfabb2) Importer(815301076,1909f56bfc062723c751e8b465ee728b)
Start importing Assets/_Assets/Free_Halloween_Kit_AssetQuest/Meshes/Tree_2.fbx using Guid(01d81c0de9fbb4c46b045bbd1ddfabb2) Importer(815301076,1909f56bfc062723c751e8b465ee728b) [PhysX] Initialized MultithreadedTaskDispatcher with 8 workers.
[PhysX] Initialized MultithreadedTaskDispatcher with 8 workers.
[PhysX] Initialized MultithreadedTaskDispatcher with 8 workers.
[PhysX] Initialized MultithreadedTaskDispatcher with 8 workers.
 -> (artifact id: '9b90a7f43aef1205a4414ee3c9be9df8') in 0.014576 seconds
Number of updated asset objects reloaded before import = 0
Number of asset objects unloaded after import = 9
========================================================================
Received Import Request.
  Time since last request: 0.000014 seconds.
  path: Assets/_Assets/Free_Halloween_Kit_AssetQuest/Meshes/Stone_Slab.fbx
  artifactKey: Guid(d4ad25f4a7f998a408e4b44f1effb0bf) Importer(815301076,1909f56bfc062723c751e8b465ee728b)
Start importing Assets/_Assets/Free_Halloween_Kit_AssetQuest/Meshes/Stone_Slab.fbx using Guid(d4ad25f4a7f998a408e4b44f1effb0bf) Importer(815301076,1909f56bfc062723c751e8b465ee728b) [PhysX] Initialized MultithreadedTaskDispatcher with 8 workers.
[PhysX] Initialized MultithreadedTaskDispatcher with 8 workers.
[PhysX] Initialized MultithreadedTaskDispatcher with 8 workers.
[PhysX] Initialized MultithreadedTaskDispatcher with 8 workers.
 -> (artifact id: 'edc4f6520d32a91ab0c596aeed9dd6ee') in 0.013133 seconds
Number of updated asset objects reloaded before import = 0
Number of asset objects unloaded after import = 9
========================================================================
Received Import Request.
  Time since last request: 0.002760 seconds.
  path: Assets/_Assets/Free_Halloween_Kit_AssetQuest/Meshes/Urn.fbx
  artifactKey: Guid(84d23a5f7f7b4a44b9583b26fe5eb549) Importer(815301076,1909f56bfc062723c751e8b465ee728b)
Start importing Assets/_Assets/Free_Halloween_Kit_AssetQuest/Meshes/Urn.fbx using Guid(84d23a5f7f7b4a44b9583b26fe5eb549) Importer(815301076,1909f56bfc062723c751e8b465ee728b) [PhysX] Initialized MultithreadedTaskDispatcher with 8 workers.
[PhysX] Initialized MultithreadedTaskDispatcher with 8 workers.
[PhysX] Initialized MultithreadedTaskDispatcher with 8 workers.
[PhysX] Initialized MultithreadedTaskDispatcher with 8 workers.
[PhysX] Initialized MultithreadedTaskDispatcher with 8 workers.
[PhysX] Initialized MultithreadedTaskDispatcher with 8 workers.
 -> (artifact id: '9a97b83c9844d490ff10c1dbf003f4ec') in 0.022737 seconds
Number of updated asset objects reloaded before import = 0
Number of asset objects unloaded after import = 14
========================================================================
Received Import Request.
  Time since last request: 15.212040 seconds.
  path: Assets/_Assets/cobblestone_wall_texture/wall_cobblestone_1024px.png
  artifactKey: Guid(90890a756a5e0cb458ee06b9967a2c51) Importer(815301076,1909f56bfc062723c751e8b465ee728b)
Start importing Assets/_Assets/cobblestone_wall_texture/wall_cobblestone_1024px.png using Guid(90890a756a5e0cb458ee06b9967a2c51) Importer(815301076,1909f56bfc062723c751e8b465ee728b) [PhysX] Initialized MultithreadedTaskDispatcher with 8 workers.
[PhysX] Initialized MultithreadedTaskDispatcher with 8 workers.
 -> (artifact id: '97c126d4879106ba87b5abe7243f83c1') in 0.032573 seconds
Number of updated asset objects reloaded before import = 0
Number of asset objects unloaded after import = 3
========================================================================
Received Import Request.
  Time since last request: 0.000014 seconds.
  path: Assets/_Assets/cobblestone_wall_texture/Wall_cobblestone_cracks_1024px.png
  artifactKey: Guid(799d721cbda4ffa42accf1984b5953d9) Importer(815301076,1909f56bfc062723c751e8b465ee728b)
Start importing Assets/_Assets/cobblestone_wall_texture/Wall_cobblestone_cracks_1024px.png using Guid(799d721cbda4ffa42accf1984b5953d9) Importer(815301076,1909f56bfc062723c751e8b465ee728b) [PhysX] Initialized MultithreadedTaskDispatcher with 8 workers.
[PhysX] Initialized MultithreadedTaskDispatcher with 8 workers.
 -> (artifact id: 'f54614cdce5aade5137d10fdb7cc9d67') in 0.009718 seconds
Number of updated asset objects reloaded before import = 0
Number of asset objects unloaded after import = 3
========================================================================
Received Import Request.
  Time since last request: 8.359717 seconds.
  path: Assets/_Assets/KayKit Spooktober Seasonal Pack 1.1/KayKit Brand Resouces/KayKit_logo_red.png
  artifactKey: Guid(30abfe3f37757174ca4f292dc6d1277e) Importer(815301076,1909f56bfc062723c751e8b465ee728b)
Start importing Assets/_Assets/KayKit Spooktober Seasonal Pack 1.1/KayKit Brand Resouces/KayKit_logo_red.png using Guid(30abfe3f37757174ca4f292dc6d1277e) Importer(815301076,1909f56bfc062723c751e8b465ee728b) [PhysX] Initialized MultithreadedTaskDispatcher with 8 workers.
[PhysX] Initialized MultithreadedTaskDispatcher with 8 workers.
 -> (artifact id: '6231d81ef1ffcf342b77d0ffc9c2af47') in 0.007287 seconds
Number of updated asset objects reloaded before import = 0
Number of asset objects unloaded after import = 2
Editor requested this worker to shutdown with reason: Scaling down because of idle timeout
TcpMessagingSession - receive error: operation aborted. errorcode: 995, details: The I/O operation has been aborted because of either a thread exit or an application request.
AssetImportWorker is now disconnected from the server
Process exiting
Exiting without the bug reporter. Application will terminate with return code 0