Using pre-set license
Built from '2022.3/staging' branch; Version is '2022.3.41f1 (0f988161febf) revision 1022081'; Using compiler version '192829333'; Build Type 'Release'
OS: 'Windows 11  (10.0.26100) 64bit Core' Language: 'en' Physical Memory: 16163 MB
BatchMode: 1, IsHumanControllingUs: 0, StartBugReporterOnCrash: 0, Is64bit: 1, IsPro: 1

COMMAND LINE ARGUMENTS:
C:\Program Files\Unity\Hub\Editor\2022.3.41f1\Editor\Unity.exe
-adb2
-batchMode
-noUpm
-name
AssetImportWorker11
-projectPath
C:/Users/Austin Horn/Documents/GitHub/DungeonDefense/Dungeon Defense
-logFile
Logs/AssetImportWorker11.log
-srvPort
49413
Successfully changed project path to: C:/Users/Austin Horn/Documents/GitHub/DungeonDefense/Dungeon Defense
C:/Users/Austin Horn/Documents/GitHub/DungeonDefense/Dungeon Defense
[UnityMemory] Configuration Parameters - Can be set up in boot.config
    "memorysetup-bucket-allocator-granularity=16"
    "memorysetup-bucket-allocator-bucket-count=8"
    "memorysetup-bucket-allocator-block-size=33554432"
    "memorysetup-bucket-allocator-block-count=8"
    "memorysetup-main-allocator-block-size=16777216"
    "memorysetup-thread-allocator-block-size=16777216"
    "memorysetup-gfx-main-allocator-block-size=16777216"
    "memorysetup-gfx-thread-allocator-block-size=16777216"
    "memorysetup-cache-allocator-block-size=4194304"
    "memorysetup-typetree-allocator-block-size=2097152"
    "memorysetup-profiler-bucket-allocator-granularity=16"
    "memorysetup-profiler-bucket-allocator-bucket-count=8"
    "memorysetup-profiler-bucket-allocator-block-size=33554432"
    "memorysetup-profiler-bucket-allocator-block-count=8"
    "memorysetup-profiler-allocator-block-size=16777216"
    "memorysetup-profiler-editor-allocator-block-size=1048576"
    "memorysetup-temp-allocator-size-main=16777216"
    "memorysetup-job-temp-allocator-block-size=2097152"
    "memorysetup-job-temp-allocator-block-size-background=1048576"
    "memorysetup-job-temp-allocator-reduction-small-platforms=262144"
    "memorysetup-allocator-temp-initial-block-size-main=262144"
    "memorysetup-allocator-temp-initial-block-size-worker=262144"
    "memorysetup-temp-allocator-size-background-worker=32768"
    "memorysetup-temp-allocator-size-job-worker=262144"
    "memorysetup-temp-allocator-size-preload-manager=33554432"
    "memorysetup-temp-allocator-size-nav-mesh-worker=65536"
    "memorysetup-temp-allocator-size-audio-worker=65536"
    "memorysetup-temp-allocator-size-cloud-worker=32768"
    "memorysetup-temp-allocator-size-gi-baking-worker=262144"
    "memorysetup-temp-allocator-size-gfx=262144"
Player connection [29888]  Target information:

Player connection [29888]  * "[IP] 192.168.4.95 [Port] 0 [Flags] 2 [Guid] 488035034 [EditorId] 488035034 [Version] 1048832 [Id] WindowsEditor(7,LAPTOP-B5653K2S) [Debug] 1 [PackageName] WindowsEditor [ProjectName] Editor" 

Player connection [29888] Host joined multi-casting on [225.0.0.222:54997]...
Player connection [29888] Host joined alternative multi-casting on [225.0.0.222:34997]...
[PhysX] Initialized MultithreadedTaskDispatcher with 16 workers.
Refreshing native plugins compatible for Editor in 8.76 ms, found 3 plugins.
Preloading 0 native plugins for Editor in 0.00 ms.
Initialize engine version: 2022.3.41f1 (0f988161febf)
[Subsystems] Discovering subsystems at path C:/Program Files/Unity/Hub/Editor/2022.3.41f1/Editor/Data/Resources/UnitySubsystems
[Subsystems] Discovering subsystems at path C:/Users/Austin Horn/Documents/GitHub/DungeonDefense/Dungeon Defense/Assets
GfxDevice: creating device client; threaded=0; jobified=0
Direct3D:
    Version:  Direct3D 11.0 [level 11.1]
    Renderer: NVIDIA GeForce RTX 3060 Laptop GPU (ID=0x2520)
    Vendor:   NVIDIA
    VRAM:     5996 MB
    Driver:   32.0.15.7283
Initialize mono
Mono path[0] = 'C:/Program Files/Unity/Hub/Editor/2022.3.41f1/Editor/Data/Managed'
Mono path[1] = 'C:/Program Files/Unity/Hub/Editor/2022.3.41f1/Editor/Data/MonoBleedingEdge/lib/mono/unityjit-win32'
Mono config path = 'C:/Program Files/Unity/Hub/Editor/2022.3.41f1/Editor/Data/MonoBleedingEdge/etc'
Using monoOptions --debugger-agent=transport=dt_socket,embedding=1,server=y,suspend=n,address=127.0.0.1:56208
Begin MonoManager ReloadAssembly
Registering precompiled unity dll's ...
Register platform support module: C:/Program Files/Unity/Hub/Editor/2022.3.41f1/Editor/Data/PlaybackEngines/WebGLSupport/UnityEditor.WebGL.Extensions.dll
Register platform support module: C:/Program Files/Unity/Hub/Editor/2022.3.41f1/Editor/Data/PlaybackEngines/WindowsStandaloneSupport/UnityEditor.WindowsStandalone.Extensions.dll
Register platform support module: C:/Program Files/Unity/Hub/Editor/2022.3.41f1/Editor/Data/PlaybackEngines/MetroSupport/UnityEditor.UWP.Extensions.dll
Registered in 0.005926 seconds.
- Loaded All Assemblies, in  0.274 seconds
Native extension for UWP target not found
Native extension for WindowsStandalone target not found
Native extension for WebGL target not found
Mono: successfully reloaded assembly
- Finished resetting the current domain, in  0.205 seconds
Domain Reload Profiling: 478ms
	BeginReloadAssembly (83ms)
		ExecutionOrderSort (0ms)
		DisableScriptedObjects (0ms)
		BackupInstance (0ms)
		ReleaseScriptingObjects (0ms)
		CreateAndSetChildDomain (1ms)
	RebuildCommonClasses (29ms)
	RebuildNativeTypeToScriptingClass (8ms)
	initialDomainReloadingComplete (43ms)
	LoadAllAssembliesAndSetupDomain (109ms)
		LoadAssemblies (82ms)
		RebuildTransferFunctionScriptingTraits (0ms)
		AnalyzeDomain (107ms)
			TypeCache.Refresh (106ms)
				TypeCache.ScanAssembly (95ms)
			ScanForSourceGeneratedMonoScriptInfo (0ms)
			ResolveRequiredComponents (0ms)
	FinalizeReload (206ms)
		ReleaseScriptCaches (0ms)
		RebuildScriptCaches (0ms)
		SetupLoadedEditorAssemblies (171ms)
			LogAssemblyErrors (0ms)
			InitializePlatformSupportModulesInManaged (9ms)
			SetLoadedEditorAssemblies (5ms)
			RefreshPlugins (0ms)
			BeforeProcessingInitializeOnLoad (1ms)
			ProcessInitializeOnLoadAttributes (120ms)
			ProcessInitializeOnLoadMethodAttributes (35ms)
			AfterProcessingInitializeOnLoad (0ms)
			EditorAssembliesLoaded (0ms)
		ExecutionOrderSort2 (0ms)
		AwakeInstancesAfterBackupRestoration (0ms)
========================================================================
Worker process is ready to serve import requests
Caller must complete domain reload
Begin MonoManager ReloadAssembly
- Loaded All Assemblies, in  0.494 seconds
Native extension for UWP target not found
Native extension for WindowsStandalone target not found
Native extension for WebGL target not found
Package Manager log level set to [2]
[Package Manager] Server::EnsureServerProcessIsRunning -- launch failed, reason: Unity was launched with the -noUpm command-line argument
[Package Manager] UpmClient::Send -- Unable to send message (not connected to UPM process).
[Package Manager] Cannot connect to Unity Package Manager local server
Mono: successfully reloaded assembly
- Finished resetting the current domain, in  0.440 seconds
Domain Reload Profiling: 933ms
	BeginReloadAssembly (114ms)
		ExecutionOrderSort (0ms)
		DisableScriptedObjects (4ms)
		BackupInstance (0ms)
		ReleaseScriptingObjects (0ms)
		CreateAndSetChildDomain (18ms)
	RebuildCommonClasses (30ms)
	RebuildNativeTypeToScriptingClass (10ms)
	initialDomainReloadingComplete (31ms)
	LoadAllAssembliesAndSetupDomain (308ms)
		LoadAssemblies (236ms)
		RebuildTransferFunctionScriptingTraits (0ms)
		AnalyzeDomain (136ms)
			TypeCache.Refresh (118ms)
				TypeCache.ScanAssembly (106ms)
			ScanForSourceGeneratedMonoScriptInfo (11ms)
			ResolveRequiredComponents (4ms)
	FinalizeReload (441ms)
		ReleaseScriptCaches (0ms)
		RebuildScriptCaches (0ms)
		SetupLoadedEditorAssemblies (331ms)
			LogAssemblyErrors (0ms)
			InitializePlatformSupportModulesInManaged (6ms)
			SetLoadedEditorAssemblies (3ms)
			RefreshPlugins (0ms)
			BeforeProcessingInitializeOnLoad (45ms)
			ProcessInitializeOnLoadAttributes (258ms)
			ProcessInitializeOnLoadMethodAttributes (16ms)
			AfterProcessingInitializeOnLoad (4ms)
			EditorAssembliesLoaded (0ms)
		ExecutionOrderSort2 (0ms)
		AwakeInstancesAfterBackupRestoration (6ms)
Launched and connected shader compiler UnityShaderCompiler.exe after 0.04 seconds
Refreshing native plugins compatible for Editor in 3.95 ms, found 3 plugins.
Preloading 0 native plugins for Editor in 0.00 ms.
Unloading 3137 Unused Serialized files (Serialized files now loaded: 0)
Unloading 19 unused Assets / (54.9 KB). Loaded Objects now: 3604.
Memory consumption went from 126.1 MB to 126.0 MB.
Total: 3.783600 ms (FindLiveObjects: 0.294900 ms CreateObjectMapping: 0.142900 ms MarkObjects: 3.209300 ms  DeleteObjects: 0.134600 ms)

AssetImportParameters requested are different than current active one (requested -> active):
  custom:container-demuxer-ogg: 62fdf1f143b41e24485cea50d1cbac27 -> 
  custom:video-decoder-ogg-theora: a1e56fd34408186e4bbccfd4996cb3dc -> 
  custom:framework-win-MediaFoundation: 216162199b28c13a410421893ffa2e32 -> 
  custom:CustomObjectIndexerAttribute: 9a22284fe3817be447336de3de66b15e -> 
  custom:container-demuxer-webm: 4f35f7cbe854078d1ac9338744f61a02 -> 
  custom:container-muxer-webm: aa71ff27fc2769a1b78a27578f13a17b -> 
  custom:video-decoder-webm-vp8: 9c59270c3fd7afecdb556c50c9e8de78 -> 
  custom:SearchIndexIgnoredProperties: e643bd26f0fe6173181afceb89e7c659 -> 
  custom:AudioImporter_EditorPlatform: d09bf68614088b80899f8185d706f6e7 -> 
  custom:video-encoder-webm-vp8: eb34c28f22e8b96e1ab97ce403110664 -> 
  custom:audio-decoder-ogg-vorbis: bf7c407c2cedff20999df2af8eb42d56 -> 
  custom:audio-encoder-webm-vorbis: bf7c407c2cedff20999df2af8eb42d56 -> 
========================================================================
Received Import Request.
  Time since last request: 390468.112544 seconds.
  path: Assets/_Assets/KayKit Spooktober Seasonal Pack 1.1/Models/fbx/detailSingle_graveyard.fbx
  artifactKey: Guid(41df87a880316e84f9e5d0d07e67e9b7) Importer(815301076,1909f56bfc062723c751e8b465ee728b)
Start importing Assets/_Assets/KayKit Spooktober Seasonal Pack 1.1/Models/fbx/detailSingle_graveyard.fbx using Guid(41df87a880316e84f9e5d0d07e67e9b7) Importer(815301076,1909f56bfc062723c751e8b465ee728b) [PhysX] Initialized MultithreadedTaskDispatcher with 16 workers.
[PhysX] Initialized MultithreadedTaskDispatcher with 16 workers.
[PhysX] Initialized MultithreadedTaskDispatcher with 16 workers.
[PhysX] Initialized MultithreadedTaskDispatcher with 16 workers.
 -> (artifact id: 'dda0f7192a5c5227a9e6fda9facc6d5f') in 0.134165 seconds
Number of updated asset objects reloaded before import = 0
Number of asset objects unloaded after import = 8
========================================================================
Received Import Request.
  Time since last request: 0.095199 seconds.
  path: Assets/_Assets/KayKit Spooktober Seasonal Pack 1.1/Models/fbx/gravestone.fbx
  artifactKey: Guid(640e6a557c04f0947adf1fa3a8b6229f) Importer(815301076,1909f56bfc062723c751e8b465ee728b)
Start importing Assets/_Assets/KayKit Spooktober Seasonal Pack 1.1/Models/fbx/gravestone.fbx using Guid(640e6a557c04f0947adf1fa3a8b6229f) Importer(815301076,1909f56bfc062723c751e8b465ee728b) [PhysX] Initialized MultithreadedTaskDispatcher with 16 workers.
[PhysX] Initialized MultithreadedTaskDispatcher with 16 workers.
[PhysX] Initialized MultithreadedTaskDispatcher with 16 workers.
[PhysX] Initialized MultithreadedTaskDispatcher with 16 workers.
 -> (artifact id: '3fab353e5c7631c44ca2aa20c65c15c0') in 0.015138 seconds
Number of updated asset objects reloaded before import = 0
Number of asset objects unloaded after import = 8
========================================================================
Received Import Request.
  Time since last request: 0.816655 seconds.
  path: Assets/_Assets/KayKit Spooktober Seasonal Pack 1.1/Models/fbx/lampPost.fbx
  artifactKey: Guid(5d9239428d291b943b6f8ce9079667b6) Importer(815301076,1909f56bfc062723c751e8b465ee728b)
Start importing Assets/_Assets/KayKit Spooktober Seasonal Pack 1.1/Models/fbx/lampPost.fbx using Guid(5d9239428d291b943b6f8ce9079667b6) Importer(815301076,1909f56bfc062723c751e8b465ee728b) [PhysX] Initialized MultithreadedTaskDispatcher with 16 workers.
[PhysX] Initialized MultithreadedTaskDispatcher with 16 workers.
[PhysX] Initialized MultithreadedTaskDispatcher with 16 workers.
[PhysX] Initialized MultithreadedTaskDispatcher with 16 workers.
[PhysX] Initialized MultithreadedTaskDispatcher with 16 workers.
 -> (artifact id: '8a4fbd8edff2f45a7d41f856e987aac5') in 0.028964 seconds
Number of updated asset objects reloaded before import = 0
Number of asset objects unloaded after import = 9
========================================================================
Received Import Request.
  Time since last request: 1.329629 seconds.
  path: Assets/_Assets/KayKit Spooktober Seasonal Pack 1.1/Models/fbx/pathCobbled.fbx
  artifactKey: Guid(97dedbce960b3e1428ff9156d89486b8) Importer(815301076,1909f56bfc062723c751e8b465ee728b)
Start importing Assets/_Assets/KayKit Spooktober Seasonal Pack 1.1/Models/fbx/pathCobbled.fbx using Guid(97dedbce960b3e1428ff9156d89486b8) Importer(815301076,1909f56bfc062723c751e8b465ee728b) [PhysX] Initialized MultithreadedTaskDispatcher with 16 workers.
[PhysX] Initialized MultithreadedTaskDispatcher with 16 workers.
[PhysX] Initialized MultithreadedTaskDispatcher with 16 workers.
[PhysX] Initialized MultithreadedTaskDispatcher with 16 workers.
 -> (artifact id: '35fc9cf976bdfd5ca59e84e823d821b8') in 0.024202 seconds
Number of updated asset objects reloaded before import = 0
Number of asset objects unloaded after import = 8
========================================================================
Received Import Request.
  Time since last request: 1.703674 seconds.
  path: Assets/_Assets/KayKit Spooktober Seasonal Pack 1.1/Models/fbx/pumpkinSmall.fbx
  artifactKey: Guid(15c7479187cdff24a80f317abf16eb24) Importer(815301076,1909f56bfc062723c751e8b465ee728b)
Start importing Assets/_Assets/KayKit Spooktober Seasonal Pack 1.1/Models/fbx/pumpkinSmall.fbx using Guid(15c7479187cdff24a80f317abf16eb24) Importer(815301076,1909f56bfc062723c751e8b465ee728b) [PhysX] Initialized MultithreadedTaskDispatcher with 16 workers.
[PhysX] Initialized MultithreadedTaskDispatcher with 16 workers.
[PhysX] Initialized MultithreadedTaskDispatcher with 16 workers.
[PhysX] Initialized MultithreadedTaskDispatcher with 16 workers.
[PhysX] Initialized MultithreadedTaskDispatcher with 16 workers.
 -> (artifact id: '26fa237e941a1825ccd82748ca28ef66') in 0.030561 seconds
Number of updated asset objects reloaded before import = 0
Number of asset objects unloaded after import = 9
========================================================================
Received Import Request.
  Time since last request: 0.096230 seconds.
  path: Assets/_Assets/KayKit Spooktober Seasonal Pack 1.1/Models/fbx/tileHigh_graveyard.fbx
  artifactKey: Guid(c7dfd74f7c58c6349a4ecf015e27bae5) Importer(815301076,1909f56bfc062723c751e8b465ee728b)
Start importing Assets/_Assets/KayKit Spooktober Seasonal Pack 1.1/Models/fbx/tileHigh_graveyard.fbx using Guid(c7dfd74f7c58c6349a4ecf015e27bae5) Importer(815301076,1909f56bfc062723c751e8b465ee728b) [PhysX] Initialized MultithreadedTaskDispatcher with 16 workers.
[PhysX] Initialized MultithreadedTaskDispatcher with 16 workers.
[PhysX] Initialized MultithreadedTaskDispatcher with 16 workers.
[PhysX] Initialized MultithreadedTaskDispatcher with 16 workers.
[PhysX] Initialized MultithreadedTaskDispatcher with 16 workers.
 -> (artifact id: '9a02a9ca799ef1411bae5652cc921322') in 0.021844 seconds
Number of updated asset objects reloaded before import = 0
Number of asset objects unloaded after import = 9
========================================================================
Received Import Request.
  Time since last request: 0.705354 seconds.
  path: Assets/_Assets/KayKit Spooktober Seasonal Pack 1.1/Models/fbx/tileMedium_graveyard.fbx
  artifactKey: Guid(b1e46dc62a3514448ba39049481a79e3) Importer(815301076,1909f56bfc062723c751e8b465ee728b)
Start importing Assets/_Assets/KayKit Spooktober Seasonal Pack 1.1/Models/fbx/tileMedium_graveyard.fbx using Guid(b1e46dc62a3514448ba39049481a79e3) Importer(815301076,1909f56bfc062723c751e8b465ee728b) [PhysX] Initialized MultithreadedTaskDispatcher with 16 workers.
[PhysX] Initialized MultithreadedTaskDispatcher with 16 workers.
[PhysX] Initialized MultithreadedTaskDispatcher with 16 workers.
[PhysX] Initialized MultithreadedTaskDispatcher with 16 workers.
[PhysX] Initialized MultithreadedTaskDispatcher with 16 workers.
 -> (artifact id: 'd2f1fe9a8309c50d72536ec3082fe1a6') in 0.030375 seconds
Number of updated asset objects reloaded before import = 0
Number of asset objects unloaded after import = 9
========================================================================
Received Import Request.
  Time since last request: 264.647968 seconds.
  path: Assets/_Prefabs/_Interactables/TurretBase.prefab
  artifactKey: Guid(8ce26787d3ece2b4bbb0c38f5dc6260a) Importer(815301076,1909f56bfc062723c751e8b465ee728b)
Start importing Assets/_Prefabs/_Interactables/TurretBase.prefab using Guid(8ce26787d3ece2b4bbb0c38f5dc6260a) Importer(815301076,1909f56bfc062723c751e8b465ee728b) [PhysX] Initialized MultithreadedTaskDispatcher with 16 workers.
[PhysX] Initialized MultithreadedTaskDispatcher with 16 workers.
 -> (artifact id: 'fe077770a09aa76f42fe69f8da83fbd6') in 0.009670 seconds
Number of updated asset objects reloaded before import = 0
Number of asset objects unloaded after import = 16
========================================================================
Received Import Request.
  Time since last request: 27.319352 seconds.
  path: Assets/_Prefabs/Turret
  artifactKey: Guid(d75d3a195a558144489ed5557b11ad7c) Importer(815301076,1909f56bfc062723c751e8b465ee728b)
Start importing Assets/_Prefabs/Turret using Guid(d75d3a195a558144489ed5557b11ad7c) Importer(815301076,1909f56bfc062723c751e8b465ee728b) [PhysX] Initialized MultithreadedTaskDispatcher with 16 workers.
 -> (artifact id: 'a1422266c6ed836495191e738d6da038') in 0.000935 seconds
Number of updated asset objects reloaded before import = 0
Number of asset objects unloaded after import = 0
========================================================================
Received Import Request.
  Time since last request: 7.069686 seconds.
  path: Assets/_Prefabs/_Turret
  artifactKey: Guid(d75d3a195a558144489ed5557b11ad7c) Importer(815301076,1909f56bfc062723c751e8b465ee728b)
Start importing Assets/_Prefabs/_Turret using Guid(d75d3a195a558144489ed5557b11ad7c) Importer(815301076,1909f56bfc062723c751e8b465ee728b) [PhysX] Initialized MultithreadedTaskDispatcher with 16 workers.
 -> (artifact id: 'd31f7b16f10c93e9141f895de08139ca') in 0.000506 seconds
Number of updated asset objects reloaded before import = 0
Number of asset objects unloaded after import = 0
========================================================================
Received Import Request.
  Time since last request: 17.604206 seconds.
  path: Assets/_Prefabs/_Turret/TurretType1.prefab
  artifactKey: Guid(b63289095d2ab6849a20905485ded72f) Importer(815301076,1909f56bfc062723c751e8b465ee728b)
Start importing Assets/_Prefabs/_Turret/TurretType1.prefab using Guid(b63289095d2ab6849a20905485ded72f) Importer(815301076,1909f56bfc062723c751e8b465ee728b) [PhysX] Initialized MultithreadedTaskDispatcher with 16 workers.
 -> (artifact id: '68877585fca779efc0b378eb10aca394') in 0.002262 seconds
Number of updated asset objects reloaded before import = 0
Number of asset objects unloaded after import = 9
========================================================================
Received Import Request.
  Time since last request: 2.172024 seconds.
  path: Assets/_Prefabs/_Turret/TurretType2.prefab
  artifactKey: Guid(d65d15865fb4e4b438fee611e10ebf97) Importer(815301076,1909f56bfc062723c751e8b465ee728b)
Start importing Assets/_Prefabs/_Turret/TurretType2.prefab using Guid(d65d15865fb4e4b438fee611e10ebf97) Importer(815301076,1909f56bfc062723c751e8b465ee728b) [PhysX] Initialized MultithreadedTaskDispatcher with 16 workers.
 -> (artifact id: '5003751aec31c28e89684b893d0f043d') in 0.002253 seconds
Number of updated asset objects reloaded before import = 0
Number of asset objects unloaded after import = 9
========================================================================
Received Import Request.
  Time since last request: 1.980414 seconds.
  path: Assets/_Prefabs/_Turret/TurretType3.prefab
  artifactKey: Guid(d1799cf3ee96a694090424b91f47210f) Importer(815301076,1909f56bfc062723c751e8b465ee728b)
Start importing Assets/_Prefabs/_Turret/TurretType3.prefab using Guid(d1799cf3ee96a694090424b91f47210f) Importer(815301076,1909f56bfc062723c751e8b465ee728b) [PhysX] Initialized MultithreadedTaskDispatcher with 16 workers.
 -> (artifact id: 'e5cf3cb71920e547359a39f8bd7b5d97') in 0.002381 seconds
Number of updated asset objects reloaded before import = 0
Number of asset objects unloaded after import = 9
========================================================================
Received Import Request.
  Time since last request: 55.439717 seconds.
  path: Assets/_Prefabs/_Turret/TurretType1.prefab
  artifactKey: Guid(b63289095d2ab6849a20905485ded72f) Importer(815301076,1909f56bfc062723c751e8b465ee728b)
Start importing Assets/_Prefabs/_Turret/TurretType1.prefab using Guid(b63289095d2ab6849a20905485ded72f) Importer(815301076,1909f56bfc062723c751e8b465ee728b) [PhysX] Initialized MultithreadedTaskDispatcher with 16 workers.
[PhysX] Initialized MultithreadedTaskDispatcher with 16 workers.
 -> (artifact id: '9b33bd15082372e7051f773e4ebbde3e') in 0.006092 seconds
Number of updated asset objects reloaded before import = 0
Number of asset objects unloaded after import = 17
========================================================================
Received Import Request.
  Time since last request: 12.952055 seconds.
  path: Assets/_Prefabs/_Turret/TurretType2.prefab
  artifactKey: Guid(d65d15865fb4e4b438fee611e10ebf97) Importer(815301076,1909f56bfc062723c751e8b465ee728b)
Start importing Assets/_Prefabs/_Turret/TurretType2.prefab using Guid(d65d15865fb4e4b438fee611e10ebf97) Importer(815301076,1909f56bfc062723c751e8b465ee728b) [PhysX] Initialized MultithreadedTaskDispatcher with 16 workers.
[PhysX] Initialized MultithreadedTaskDispatcher with 16 workers.
 -> (artifact id: '97a9b9b1f5b6428060ee0265957f2cd8') in 0.005917 seconds
Number of updated asset objects reloaded before import = 0
Number of asset objects unloaded after import = 17
========================================================================
Received Import Request.
  Time since last request: 12.342194 seconds.
  path: Assets/_Prefabs/_Turret/TurretType3.prefab
  artifactKey: Guid(d1799cf3ee96a694090424b91f47210f) Importer(815301076,1909f56bfc062723c751e8b465ee728b)
Start importing Assets/_Prefabs/_Turret/TurretType3.prefab using Guid(d1799cf3ee96a694090424b91f47210f) Importer(815301076,1909f56bfc062723c751e8b465ee728b) [PhysX] Initialized MultithreadedTaskDispatcher with 16 workers.
[PhysX] Initialized MultithreadedTaskDispatcher with 16 workers.
 -> (artifact id: 'd85a9ae467b9ae4785e8ea6f1618d22d') in 0.006116 seconds
Number of updated asset objects reloaded before import = 0
Number of asset objects unloaded after import = 18
========================================================================
Received Import Request.
  Time since last request: 35.971357 seconds.
  path: Assets/_Prefabs/_Turret/ActiveTurret.prefab
  artifactKey: Guid(94bb2e0f80a09f34f96b1a5b829745bd) Importer(815301076,1909f56bfc062723c751e8b465ee728b)
Start importing Assets/_Prefabs/_Turret/ActiveTurret.prefab using Guid(94bb2e0f80a09f34f96b1a5b829745bd) Importer(815301076,1909f56bfc062723c751e8b465ee728b) [PhysX] Initialized MultithreadedTaskDispatcher with 16 workers.
[PhysX] Initialized MultithreadedTaskDispatcher with 16 workers.
 -> (artifact id: '17fd3c3bbdbd18bbe53f7f10b41861d1') in 0.010923 seconds
Number of updated asset objects reloaded before import = 0
Number of asset objects unloaded after import = 96
========================================================================
Received Import Request.
  Time since last request: 353.816530 seconds.
  path: Assets/_Assets/KayKit Dungeon Pack 1.0
  artifactKey: Guid(04e2985a02974dd4eab1e6661ede221c) Importer(815301076,1909f56bfc062723c751e8b465ee728b)
Start importing Assets/_Assets/KayKit Dungeon Pack 1.0 using Guid(04e2985a02974dd4eab1e6661ede221c) Importer(815301076,1909f56bfc062723c751e8b465ee728b) [PhysX] Initialized MultithreadedTaskDispatcher with 16 workers.
 -> (artifact id: '1929c8f9b7c8fdffd8f2c7eae404634d') in 0.000990 seconds
Number of updated asset objects reloaded before import = 0
Number of asset objects unloaded after import = 0
========================================================================
Received Import Request.
  Time since last request: 7.429739 seconds.
  path: Assets/_Assets/KayKit Spooktober Seasonal Pack 1.1
  artifactKey: Guid(1c6f2a76c1c307c4bb200d4bb382e97c) Importer(815301076,1909f56bfc062723c751e8b465ee728b)
Start importing Assets/_Assets/KayKit Spooktober Seasonal Pack 1.1 using Guid(1c6f2a76c1c307c4bb200d4bb382e97c) Importer(815301076,1909f56bfc062723c751e8b465ee728b) [PhysX] Initialized MultithreadedTaskDispatcher with 16 workers.
 -> (artifact id: 'b383cc9f3860115a09681b39d0868193') in 0.000607 seconds
Number of updated asset objects reloaded before import = 0
Number of asset objects unloaded after import = 0
========================================================================
Received Import Request.
  Time since last request: 3.208133 seconds.
  path: Assets/_Assets/KayKit Spooktober Seasonal Pack 1.1/Models
  artifactKey: Guid(89cd947c48cc6ab41a4191db7eeaec61) Importer(815301076,1909f56bfc062723c751e8b465ee728b)
Start importing Assets/_Assets/KayKit Spooktober Seasonal Pack 1.1/Models using Guid(89cd947c48cc6ab41a4191db7eeaec61) Importer(815301076,1909f56bfc062723c751e8b465ee728b) [PhysX] Initialized MultithreadedTaskDispatcher with 16 workers.
 -> (artifact id: 'a5786bb9c2bb30d8b19f99d2e1c4d0ff') in 0.000646 seconds
Number of updated asset objects reloaded before import = 0
Number of asset objects unloaded after import = 0
========================================================================
Received Import Request.
  Time since last request: 2.036967 seconds.
  path: Assets/_Assets/KayKit Spooktober Seasonal Pack 1.1/Models/fbx
  artifactKey: Guid(a9593d6011ed4c2428262f7051e61a0a) Importer(815301076,1909f56bfc062723c751e8b465ee728b)
Start importing Assets/_Assets/KayKit Spooktober Seasonal Pack 1.1/Models/fbx using Guid(a9593d6011ed4c2428262f7051e61a0a) Importer(815301076,1909f56bfc062723c751e8b465ee728b) [PhysX] Initialized MultithreadedTaskDispatcher with 16 workers.
 -> (artifact id: 'eb8726e5208713e58fa4309d4dd5bb65') in 0.000594 seconds
Number of updated asset objects reloaded before import = 0
Number of asset objects unloaded after import = 0
========================================================================
Received Import Request.
  Time since last request: 8.989318 seconds.
  path: Assets/_Assets/KayKit Spooktober Seasonal Pack 1.1/Models/fbx/tileSlopeMediumHigh_graveyard.fbx
  artifactKey: Guid(13e70ab2d0e87724ab7f1c03ee348add) Importer(815301076,1909f56bfc062723c751e8b465ee728b)
Start importing Assets/_Assets/KayKit Spooktober Seasonal Pack 1.1/Models/fbx/tileSlopeMediumHigh_graveyard.fbx using Guid(13e70ab2d0e87724ab7f1c03ee348add) Importer(815301076,1909f56bfc062723c751e8b465ee728b) [PhysX] Initialized MultithreadedTaskDispatcher with 16 workers.
[PhysX] Initialized MultithreadedTaskDispatcher with 16 workers.
[PhysX] Initialized MultithreadedTaskDispatcher with 16 workers.
[PhysX] Initialized MultithreadedTaskDispatcher with 16 workers.
[PhysX] Initialized MultithreadedTaskDispatcher with 16 workers.
 -> (artifact id: 'f017f87c52583eb4550fef17375f238f') in 0.034514 seconds
Number of updated asset objects reloaded before import = 0
Number of asset objects unloaded after import = 9
========================================================================
Received Import Request.
  Time since last request: 0.923426 seconds.
  path: Assets/_Assets/KayKit Spooktober Seasonal Pack 1.1/Models/fbx/treeB_graveyard.fbx
  artifactKey: Guid(1759b6c7b637f1741bd53ecf8c1dda1c) Importer(815301076,1909f56bfc062723c751e8b465ee728b)
Start importing Assets/_Assets/KayKit Spooktober Seasonal Pack 1.1/Models/fbx/treeB_graveyard.fbx using Guid(1759b6c7b637f1741bd53ecf8c1dda1c) Importer(815301076,1909f56bfc062723c751e8b465ee728b) [PhysX] Initialized MultithreadedTaskDispatcher with 16 workers.
[PhysX] Initialized MultithreadedTaskDispatcher with 16 workers.
[PhysX] Initialized MultithreadedTaskDispatcher with 16 workers.
[PhysX] Initialized MultithreadedTaskDispatcher with 16 workers.
 -> (artifact id: '0fc308543566fbd94deaf89248b85fbf') in 0.014143 seconds
Number of updated asset objects reloaded before import = 0
Number of asset objects unloaded after import = 8
========================================================================
Received Import Request.
  Time since last request: 0.000015 seconds.
  path: Assets/_Assets/KayKit Spooktober Seasonal Pack 1.1/Models/fbx/treeD_graveyard.fbx
  artifactKey: Guid(5475a3235eab2cc4cbfe09401b993f79) Importer(815301076,1909f56bfc062723c751e8b465ee728b)
Start importing Assets/_Assets/KayKit Spooktober Seasonal Pack 1.1/Models/fbx/treeD_graveyard.fbx using Guid(5475a3235eab2cc4cbfe09401b993f79) Importer(815301076,1909f56bfc062723c751e8b465ee728b) [PhysX] Initialized MultithreadedTaskDispatcher with 16 workers.
[PhysX] Initialized MultithreadedTaskDispatcher with 16 workers.
[PhysX] Initialized MultithreadedTaskDispatcher with 16 workers.
[PhysX] Initialized MultithreadedTaskDispatcher with 16 workers.
 -> (artifact id: '9e6f4f77ed62a143e5ad49634db6d2cc') in 0.010413 seconds
Number of updated asset objects reloaded before import = 0
Number of asset objects unloaded after import = 8
========================================================================
Received Import Request.
  Time since last request: 27.592955 seconds.
  path: ProjectSettings/TagManager.asset
  artifactKey: Guid(00000000000000003000000000000000) Importer(815301076,1909f56bfc062723c751e8b465ee728b)
Start importing ProjectSettings/TagManager.asset using Guid(00000000000000003000000000000000) Importer(815301076,1909f56bfc062723c751e8b465ee728b) [PhysX] Initialized MultithreadedTaskDispatcher with 16 workers.
 -> (artifact id: 'a2ed4f3eafcc2bc862c440eaeb831565') in 0.000911 seconds
Number of updated asset objects reloaded before import = 0
Number of asset objects unloaded after import = 0
========================================================================
Received Import Request.
  Time since last request: 36.280902 seconds.
  path: Assets/_Prefabs/_Floors/Floor_smallBrick.prefab
  artifactKey: Guid(7d0675a940743c645aa625d9da9ce678) Importer(815301076,1909f56bfc062723c751e8b465ee728b)
Start importing Assets/_Prefabs/_Floors/Floor_smallBrick.prefab using Guid(7d0675a940743c645aa625d9da9ce678) Importer(815301076,1909f56bfc062723c751e8b465ee728b) [PhysX] Initialized MultithreadedTaskDispatcher with 16 workers.
[PhysX] Initialized MultithreadedTaskDispatcher with 16 workers.
 -> (artifact id: 'dc8609c682669ed846337a3429e56223') in 0.015455 seconds
Number of updated asset objects reloaded before import = 0
Number of asset objects unloaded after import = 17
========================================================================
Received Import Request.
  Time since last request: 4.327512 seconds.
  path: Assets/_Prefabs/_Floors/Floor_medBrick.prefab
  artifactKey: Guid(43192206776ed434db54e26ee0fdecd8) Importer(815301076,1909f56bfc062723c751e8b465ee728b)
Start importing Assets/_Prefabs/_Floors/Floor_medBrick.prefab using Guid(43192206776ed434db54e26ee0fdecd8) Importer(815301076,1909f56bfc062723c751e8b465ee728b) [PhysX] Initialized MultithreadedTaskDispatcher with 16 workers.
[PhysX] Initialized MultithreadedTaskDispatcher with 16 workers.
 -> (artifact id: 'c3399bbab6ce0702d792faf02826777f') in 0.011487 seconds
Number of updated asset objects reloaded before import = 0
Number of asset objects unloaded after import = 17
========================================================================
Received Import Request.
  Time since last request: 80.388685 seconds.
  path: Assets/_Prefabs/_Enemy/Enemy1_Barbarian.prefab
  artifactKey: Guid(fb070d0c09bcc664eb9f31d63e2879e6) Importer(815301076,1909f56bfc062723c751e8b465ee728b)
Start importing Assets/_Prefabs/_Enemy/Enemy1_Barbarian.prefab using Guid(fb070d0c09bcc664eb9f31d63e2879e6) Importer(815301076,1909f56bfc062723c751e8b465ee728b) [PhysX] Initialized MultithreadedTaskDispatcher with 16 workers.
[PhysX] Initialized MultithreadedTaskDispatcher with 16 workers.
 -> (artifact id: '736f93b15d5b10a1e51cc76c29995a52') in 0.014273 seconds
Number of updated asset objects reloaded before import = 0
Number of asset objects unloaded after import = 59
========================================================================
Received Import Request.
  Time since last request: 4.403107 seconds.
  path: Assets/_Prefabs/_Enemy/Enemy2_Knight.prefab
  artifactKey: Guid(e87fa78a71cf9d94bb41f4e035444d9b) Importer(815301076,1909f56bfc062723c751e8b465ee728b)
Start importing Assets/_Prefabs/_Enemy/Enemy2_Knight.prefab using Guid(e87fa78a71cf9d94bb41f4e035444d9b) Importer(815301076,1909f56bfc062723c751e8b465ee728b) [PhysX] Initialized MultithreadedTaskDispatcher with 16 workers.
[PhysX] Initialized MultithreadedTaskDispatcher with 16 workers.
 -> (artifact id: '08b5305059b654432c3843056417e207') in 0.011627 seconds
Number of updated asset objects reloaded before import = 0
Number of asset objects unloaded after import = 69
========================================================================
Received Import Request.
  Time since last request: 3.173842 seconds.
  path: Assets/_Prefabs/_Enemy/Enemy3_Rogue.prefab
  artifactKey: Guid(bd25335b3b375104c8903b572d92eab1) Importer(815301076,1909f56bfc062723c751e8b465ee728b)
Start importing Assets/_Prefabs/_Enemy/Enemy3_Rogue.prefab using Guid(bd25335b3b375104c8903b572d92eab1) Importer(815301076,1909f56bfc062723c751e8b465ee728b) [PhysX] Initialized MultithreadedTaskDispatcher with 16 workers.
[PhysX] Initialized MultithreadedTaskDispatcher with 16 workers.
 -> (artifact id: 'f8cb4857efbf035cee3219e1d62ba56d') in 0.014875 seconds
Number of updated asset objects reloaded before import = 0
Number of asset objects unloaded after import = 57
========================================================================
Received Import Request.
  Time since last request: 5.849672 seconds.
  path: Assets/_Prefabs/_Enemy/Enemy4_Mage.prefab
  artifactKey: Guid(9512a442cf06f9940baf3e04017e6ff8) Importer(815301076,1909f56bfc062723c751e8b465ee728b)
Start importing Assets/_Prefabs/_Enemy/Enemy4_Mage.prefab using Guid(9512a442cf06f9940baf3e04017e6ff8) Importer(815301076,1909f56bfc062723c751e8b465ee728b) [PhysX] Initialized MultithreadedTaskDispatcher with 16 workers.
[PhysX] Initialized MultithreadedTaskDispatcher with 16 workers.
 -> (artifact id: '961ffd16dfbc3ca694a1b61c94a3bade') in 0.016455 seconds
Number of updated asset objects reloaded before import = 0
Number of asset objects unloaded after import = 68
========================================================================
Received Import Request.
  Time since last request: 2.768140 seconds.
  path: Assets/_Prefabs/_Enemy/Enemy4_Mage.prefab
  artifactKey: Guid(9512a442cf06f9940baf3e04017e6ff8) Importer(815301076,1909f56bfc062723c751e8b465ee728b)
Start importing Assets/_Prefabs/_Enemy/Enemy4_Mage.prefab using Guid(9512a442cf06f9940baf3e04017e6ff8) Importer(815301076,1909f56bfc062723c751e8b465ee728b) [PhysX] Initialized MultithreadedTaskDispatcher with 16 workers.
[PhysX] Initialized MultithreadedTaskDispatcher with 16 workers.
 -> (artifact id: '4bbb67d79eb1578c4815ac55404ba368') in 0.007294 seconds
Number of updated asset objects reloaded before import = 0
Number of asset objects unloaded after import = 68
========================================================================
Received Import Request.
  Time since last request: 7.317744 seconds.
  path: Assets/_Prefabs/_Interactables/TurretBase.prefab
  artifactKey: Guid(8ce26787d3ece2b4bbb0c38f5dc6260a) Importer(815301076,1909f56bfc062723c751e8b465ee728b)
Start importing Assets/_Prefabs/_Interactables/TurretBase.prefab using Guid(8ce26787d3ece2b4bbb0c38f5dc6260a) Importer(815301076,1909f56bfc062723c751e8b465ee728b) [PhysX] Initialized MultithreadedTaskDispatcher with 16 workers.
[PhysX] Initialized MultithreadedTaskDispatcher with 16 workers.
 -> (artifact id: 'a19a080476d58e27e31f102190e3dcfa') in 0.006204 seconds
Number of updated asset objects reloaded before import = 0
Number of asset objects unloaded after import = 16
========================================================================
Received Import Request.
  Time since last request: 4.364079 seconds.
  path: Assets/_Prefabs/_Interactables/Door.prefab
  artifactKey: Guid(af072103752d7c54bbf938d5c3cb70a6) Importer(815301076,1909f56bfc062723c751e8b465ee728b)
Start importing Assets/_Prefabs/_Interactables/Door.prefab using Guid(af072103752d7c54bbf938d5c3cb70a6) Importer(815301076,1909f56bfc062723c751e8b465ee728b) [PhysX] Initialized MultithreadedTaskDispatcher with 16 workers.
[PhysX] Initialized MultithreadedTaskDispatcher with 16 workers.
 -> (artifact id: '5443c1ab414263b82b04b98ea4b299c2') in 0.006804 seconds
Number of updated asset objects reloaded before import = 0
Number of asset objects unloaded after import = 17
========================================================================
Received Import Request.
  Time since last request: 9.501332 seconds.
  path: Assets/_Prefabs/_Player/Player.prefab
  artifactKey: Guid(245a775c21c634d4c9a2c9aada22852c) Importer(815301076,1909f56bfc062723c751e8b465ee728b)
Start importing Assets/_Prefabs/_Player/Player.prefab using Guid(245a775c21c634d4c9a2c9aada22852c) Importer(815301076,1909f56bfc062723c751e8b465ee728b) [PhysX] Initialized MultithreadedTaskDispatcher with 16 workers.
[PhysX] Initialized MultithreadedTaskDispatcher with 16 workers.
 -> (artifact id: '36b9878c46db00a1a429534ab10dc13f') in 0.015598 seconds
Number of updated asset objects reloaded before import = 0
Number of asset objects unloaded after import = 17
========================================================================
Received Import Request.
  Time since last request: 1.833405 seconds.
  path: Assets/_Prefabs/_Turret/ActiveTurret.prefab
  artifactKey: Guid(94bb2e0f80a09f34f96b1a5b829745bd) Importer(815301076,1909f56bfc062723c751e8b465ee728b)
Start importing Assets/_Prefabs/_Turret/ActiveTurret.prefab using Guid(94bb2e0f80a09f34f96b1a5b829745bd) Importer(815301076,1909f56bfc062723c751e8b465ee728b) [PhysX] Initialized MultithreadedTaskDispatcher with 16 workers.
[PhysX] Initialized MultithreadedTaskDispatcher with 16 workers.
 -> (artifact id: '6df54da163beb0339d24d3143eaae1ee') in 0.008708 seconds
Number of updated asset objects reloaded before import = 0
Number of asset objects unloaded after import = 96
========================================================================
Received Import Request.
  Time since last request: 15.822305 seconds.
  path: Assets/_Prefabs/_Walls/Wall_DoorClosed.prefab
  artifactKey: Guid(a49cdecf546443841a1eb9ab96e286c1) Importer(815301076,1909f56bfc062723c751e8b465ee728b)
Start importing Assets/_Prefabs/_Walls/Wall_DoorClosed.prefab using Guid(a49cdecf546443841a1eb9ab96e286c1) Importer(815301076,1909f56bfc062723c751e8b465ee728b) [PhysX] Initialized MultithreadedTaskDispatcher with 16 workers.
[PhysX] Initialized MultithreadedTaskDispatcher with 16 workers.
 -> (artifact id: '9bc9b7d2c2562e4b27004f59910bb7e5') in 0.013812 seconds
Number of updated asset objects reloaded before import = 0
Number of asset objects unloaded after import = 40
========================================================================
Received Import Request.
  Time since last request: 24.226168 seconds.
  path: Assets/_Prefabs/_Walls/Wall.prefab
  artifactKey: Guid(94c787ce81f6481469b75d0c68546e10) Importer(815301076,1909f56bfc062723c751e8b465ee728b)
Start importing Assets/_Prefabs/_Walls/Wall.prefab using Guid(94c787ce81f6481469b75d0c68546e10) Importer(815301076,1909f56bfc062723c751e8b465ee728b) [PhysX] Initialized MultithreadedTaskDispatcher with 16 workers.
[PhysX] Initialized MultithreadedTaskDispatcher with 16 workers.
 -> (artifact id: 'b1e3ff8530152b0fd35e3faf2e157926') in 0.011358 seconds
Number of updated asset objects reloaded before import = 0
Number of asset objects unloaded after import = 17
========================================================================
Received Import Request.
  Time since last request: 15.424997 seconds.
  path: Assets/_Prefabs/_Walls/Wall_Corner.prefab
  artifactKey: Guid(c4e44741136ca294eb45fcc55333f893) Importer(815301076,1909f56bfc062723c751e8b465ee728b)
Start importing Assets/_Prefabs/_Walls/Wall_Corner.prefab using Guid(c4e44741136ca294eb45fcc55333f893) Importer(815301076,1909f56bfc062723c751e8b465ee728b) [PhysX] Initialized MultithreadedTaskDispatcher with 16 workers.
[PhysX] Initialized MultithreadedTaskDispatcher with 16 workers.
 -> (artifact id: 'd04e6e93e2fad7a157ff60fd9a1aa2c7') in 0.008233 seconds
Number of updated asset objects reloaded before import = 0
Number of asset objects unloaded after import = 17
========================================================================
Received Import Request.
  Time since last request: 3.799428 seconds.
  path: Assets/_Prefabs/_Walls/Wall_DoorClosed.prefab
  artifactKey: Guid(a49cdecf546443841a1eb9ab96e286c1) Importer(815301076,1909f56bfc062723c751e8b465ee728b)
Start importing Assets/_Prefabs/_Walls/Wall_DoorClosed.prefab using Guid(a49cdecf546443841a1eb9ab96e286c1) Importer(815301076,1909f56bfc062723c751e8b465ee728b) [PhysX] Initialized MultithreadedTaskDispatcher with 16 workers.
[PhysX] Initialized MultithreadedTaskDispatcher with 16 workers.
 -> (artifact id: '4df23a99bdc24b78fd91a44ddda9d80d') in 0.012872 seconds
Number of updated asset objects reloaded before import = 0
Number of asset objects unloaded after import = 40
========================================================================
Received Import Request.
  Time since last request: 3.567956 seconds.
  path: Assets/_Prefabs/_Walls/Wall_WindowGate.prefab
  artifactKey: Guid(d6b035a7774bad548ad557f40e613918) Importer(815301076,1909f56bfc062723c751e8b465ee728b)
Start importing Assets/_Prefabs/_Walls/Wall_WindowGate.prefab using Guid(d6b035a7774bad548ad557f40e613918) Importer(815301076,1909f56bfc062723c751e8b465ee728b) [PhysX] Initialized MultithreadedTaskDispatcher with 16 workers.
[PhysX] Initialized MultithreadedTaskDispatcher with 16 workers.
 -> (artifact id: '36be2a183fb80d897f2ec95eaf17b563') in 0.009074 seconds
Number of updated asset objects reloaded before import = 0
Number of asset objects unloaded after import = 18
========================================================================
Received Import Request.
  Time since last request: 3.366819 seconds.
  path: Assets/_Prefabs/_Walls/Wall_Split.prefab
  artifactKey: Guid(d581da0d371ed6448bf1f2fc7ec7a130) Importer(815301076,1909f56bfc062723c751e8b465ee728b)
Start importing Assets/_Prefabs/_Walls/Wall_Split.prefab using Guid(d581da0d371ed6448bf1f2fc7ec7a130) Importer(815301076,1909f56bfc062723c751e8b465ee728b) [PhysX] Initialized MultithreadedTaskDispatcher with 16 workers.
[PhysX] Initialized MultithreadedTaskDispatcher with 16 workers.
 -> (artifact id: '609af8bf773639a0e800588cd4f79776') in 0.015688 seconds
Number of updated asset objects reloaded before import = 0
Number of asset objects unloaded after import = 17
========================================================================
Received Import Request.
  Time since last request: 3.752781 seconds.
  path: Assets/_Prefabs/_Walls/Wall_End.prefab
  artifactKey: Guid(eef664bec39134a479a943f2d35032bd) Importer(815301076,1909f56bfc062723c751e8b465ee728b)
Start importing Assets/_Prefabs/_Walls/Wall_End.prefab using Guid(eef664bec39134a479a943f2d35032bd) Importer(815301076,1909f56bfc062723c751e8b465ee728b) [PhysX] Initialized MultithreadedTaskDispatcher with 16 workers.
[PhysX] Initialized MultithreadedTaskDispatcher with 16 workers.
 -> (artifact id: '73e49474a4cd5fcbf83598ddb74fb244') in 0.008051 seconds
Number of updated asset objects reloaded before import = 0
Number of asset objects unloaded after import = 17
========================================================================
Received Import Request.
  Time since last request: 8806.578212 seconds.
  path: Assets/_Prefabs/_Walls/Wall_DoorClosed.prefab
  artifactKey: Guid(a49cdecf546443841a1eb9ab96e286c1) Importer(815301076,1909f56bfc062723c751e8b465ee728b)
Start importing Assets/_Prefabs/_Walls/Wall_DoorClosed.prefab using Guid(a49cdecf546443841a1eb9ab96e286c1) Importer(815301076,1909f56bfc062723c751e8b465ee728b) [PhysX] Initialized MultithreadedTaskDispatcher with 16 workers.
[PhysX] Initialized MultithreadedTaskDispatcher with 16 workers.
 -> (artifact id: 'bd542e33d875c4016e676bf1a1c058a2') in 0.038494 seconds
Number of updated asset objects reloaded before import = 0
Number of asset objects unloaded after import = 40
========================================================================
Received Import Request.
  Time since last request: 30.582248 seconds.
  path: Assets/_Prefabs/_Walls/Wall.prefab
  artifactKey: Guid(94c787ce81f6481469b75d0c68546e10) Importer(815301076,1909f56bfc062723c751e8b465ee728b)
Start importing Assets/_Prefabs/_Walls/Wall.prefab using Guid(94c787ce81f6481469b75d0c68546e10) Importer(815301076,1909f56bfc062723c751e8b465ee728b) [PhysX] Initialized MultithreadedTaskDispatcher with 16 workers.
[PhysX] Initialized MultithreadedTaskDispatcher with 16 workers.
 -> (artifact id: '1834bd43b8137b05a1b7c42e3dcc9067') in 0.007935 seconds
Number of updated asset objects reloaded before import = 0
Number of asset objects unloaded after import = 17
========================================================================
Received Import Request.
  Time since last request: 74.241223 seconds.
  path: Assets/_Prefabs/_Walls/Wall_Corner.prefab
  artifactKey: Guid(c4e44741136ca294eb45fcc55333f893) Importer(815301076,1909f56bfc062723c751e8b465ee728b)
Start importing Assets/_Prefabs/_Walls/Wall_Corner.prefab using Guid(c4e44741136ca294eb45fcc55333f893) Importer(815301076,1909f56bfc062723c751e8b465ee728b) [PhysX] Initialized MultithreadedTaskDispatcher with 16 workers.
[PhysX] Initialized MultithreadedTaskDispatcher with 16 workers.
 -> (artifact id: '5f677f9596cdb3f53b1394e3c7d9f44a') in 0.009965 seconds
Number of updated asset objects reloaded before import = 0
Number of asset objects unloaded after import = 17
========================================================================
Received Import Request.
  Time since last request: 562.462229 seconds.
  path: Assets/_Prefabs/_Walls/Wall_Section.prefab
  artifactKey: Guid(4999202d7c065db419f622b707cf4e18) Importer(815301076,1909f56bfc062723c751e8b465ee728b)
Start importing Assets/_Prefabs/_Walls/Wall_Section.prefab using Guid(4999202d7c065db419f622b707cf4e18) Importer(815301076,1909f56bfc062723c751e8b465ee728b) [PhysX] Initialized MultithreadedTaskDispatcher with 16 workers.
[PhysX] Initialized MultithreadedTaskDispatcher with 16 workers.
 -> (artifact id: 'bfd92db906a87b3460fa0de63ab0b7eb') in 0.020579 seconds
Number of updated asset objects reloaded before import = 0
Number of asset objects unloaded after import = 132
========================================================================
Received Import Request.
  Time since last request: 1478.489113 seconds.
  path: Assets/_Prefabs/_Walls/Wall_DoorClosed.prefab
  artifactKey: Guid(a49cdecf546443841a1eb9ab96e286c1) Importer(815301076,1909f56bfc062723c751e8b465ee728b)
Start importing Assets/_Prefabs/_Walls/Wall_DoorClosed.prefab using Guid(a49cdecf546443841a1eb9ab96e286c1) Importer(815301076,1909f56bfc062723c751e8b465ee728b) [PhysX] Initialized MultithreadedTaskDispatcher with 16 workers.
[PhysX] Initialized MultithreadedTaskDispatcher with 16 workers.
 -> (artifact id: '90472a9f3a73d896273cc0cbbd6adeda') in 0.012048 seconds
Number of updated asset objects reloaded before import = 0
Number of asset objects unloaded after import = 40
========================================================================
Received Import Request.
  Time since last request: 2.384609 seconds.
  path: Assets/_Prefabs/_Walls/Wall_DoorClosed.prefab
  artifactKey: Guid(a49cdecf546443841a1eb9ab96e286c1) Importer(815301076,1909f56bfc062723c751e8b465ee728b)
Start importing Assets/_Prefabs/_Walls/Wall_DoorClosed.prefab using Guid(a49cdecf546443841a1eb9ab96e286c1) Importer(815301076,1909f56bfc062723c751e8b465ee728b) [PhysX] Initialized MultithreadedTaskDispatcher with 16 workers.
[PhysX] Initialized MultithreadedTaskDispatcher with 16 workers.
 -> (artifact id: '9f60edd0d058c76d9332a9b967eba9aa') in 0.008509 seconds
Number of updated asset objects reloaded before import = 0
Number of asset objects unloaded after import = 40
========================================================================
Received Import Request.
  Time since last request: 4.420648 seconds.
  path: Assets/_Prefabs/_Walls/Wall_DoorClosed.prefab
  artifactKey: Guid(a49cdecf546443841a1eb9ab96e286c1) Importer(815301076,1909f56bfc062723c751e8b465ee728b)
Start importing Assets/_Prefabs/_Walls/Wall_DoorClosed.prefab using Guid(a49cdecf546443841a1eb9ab96e286c1) Importer(815301076,1909f56bfc062723c751e8b465ee728b) [PhysX] Initialized MultithreadedTaskDispatcher with 16 workers.
[PhysX] Initialized MultithreadedTaskDispatcher with 16 workers.
 -> (artifact id: '013b4be85cf6f9f4f38e21f4db4a77a9') in 0.008983 seconds
Number of updated asset objects reloaded before import = 0
Number of asset objects unloaded after import = 40
========================================================================
Received Import Request.
  Time since last request: 5.623271 seconds.
  path: Assets/_Prefabs/_Walls/Wall_DoorClosed.prefab
  artifactKey: Guid(a49cdecf546443841a1eb9ab96e286c1) Importer(815301076,1909f56bfc062723c751e8b465ee728b)
Start importing Assets/_Prefabs/_Walls/Wall_DoorClosed.prefab using Guid(a49cdecf546443841a1eb9ab96e286c1) Importer(815301076,1909f56bfc062723c751e8b465ee728b) [PhysX] Initialized MultithreadedTaskDispatcher with 16 workers.
[PhysX] Initialized MultithreadedTaskDispatcher with 16 workers.
 -> (artifact id: '26e67c9f36b64cf262c0a7f85d684579') in 0.007037 seconds
Number of updated asset objects reloaded before import = 0
Number of asset objects unloaded after import = 40
========================================================================
Received Import Request.
  Time since last request: 153.249977 seconds.
  path: Assets/_Prefabs/_Rooms
  artifactKey: Guid(98ee9d62cab7abe448988924d18deecc) Importer(815301076,1909f56bfc062723c751e8b465ee728b)
Start importing Assets/_Prefabs/_Rooms using Guid(98ee9d62cab7abe448988924d18deecc) Importer(815301076,1909f56bfc062723c751e8b465ee728b) [PhysX] Initialized MultithreadedTaskDispatcher with 16 workers.
 -> (artifact id: '6b9f3accdb50f9560c27d7c9ec38c077') in 0.000917 seconds
Number of updated asset objects reloaded before import = 0
Number of asset objects unloaded after import = 0
========================================================================
Received Import Request.
  Time since last request: 3.821472 seconds.
  path: Assets/_Prefabs/_Rooms/RoomA.prefab
  artifactKey: Guid(36124af7493da2b4abf2e093a1896c78) Importer(815301076,1909f56bfc062723c751e8b465ee728b)
Start importing Assets/_Prefabs/_Rooms/RoomA.prefab using Guid(36124af7493da2b4abf2e093a1896c78) Importer(815301076,1909f56bfc062723c751e8b465ee728b) [PhysX] Initialized MultithreadedTaskDispatcher with 16 workers.
[PhysX] Initialized MultithreadedTaskDispatcher with 16 workers.
 -> (artifact id: 'accdce0c3814e4928b0389a1fd849d50') in 0.023621 seconds
Number of updated asset objects reloaded before import = 0
Number of asset objects unloaded after import = 531
