Using pre-set license
Built from '2022.3/staging' branch; Version is '2022.3.41f1 (0f988161febf) revision 1022081'; Using compiler version '192829333'; Build Type 'Release'
OS: 'Windows 11  (10.0.26100) 64bit Core' Language: 'en' Physical Memory: 16163 MB
BatchMode: 1, IsHumanControllingUs: 0, StartBugReporterOnCrash: 0, Is64bit: 1, IsPro: 1

COMMAND LINE ARGUMENTS:
C:\Program Files\Unity\Hub\Editor\2022.3.41f1\Editor\Unity.exe
-adb2
-batchMode
-noUpm
-name
AssetImportWorker9
-projectPath
C:/Users/Austin Horn/Documents/GitHub/DungeonDefense/Dungeon Defense
-logFile
Logs/AssetImportWorker9.log
-srvPort
49413
Successfully changed project path to: C:/Users/Austin Horn/Documents/GitHub/DungeonDefense/Dungeon Defense
C:/Users/Austin Horn/Documents/GitHub/DungeonDefense/Dungeon Defense
[UnityMemory] Configuration Parameters - Can be set up in boot.config
    "memorysetup-bucket-allocator-granularity=16"
    "memorysetup-bucket-allocator-bucket-count=8"
    "memorysetup-bucket-allocator-block-size=33554432"
    "memorysetup-bucket-allocator-block-count=8"
    "memorysetup-main-allocator-block-size=16777216"
    "memorysetup-thread-allocator-block-size=16777216"
    "memorysetup-gfx-main-allocator-block-size=16777216"
    "memorysetup-gfx-thread-allocator-block-size=16777216"
    "memorysetup-cache-allocator-block-size=4194304"
    "memorysetup-typetree-allocator-block-size=2097152"
    "memorysetup-profiler-bucket-allocator-granularity=16"
    "memorysetup-profiler-bucket-allocator-bucket-count=8"
    "memorysetup-profiler-bucket-allocator-block-size=33554432"
    "memorysetup-profiler-bucket-allocator-block-count=8"
    "memorysetup-profiler-allocator-block-size=16777216"
    "memorysetup-profiler-editor-allocator-block-size=1048576"
    "memorysetup-temp-allocator-size-main=16777216"
    "memorysetup-job-temp-allocator-block-size=2097152"
    "memorysetup-job-temp-allocator-block-size-background=1048576"
    "memorysetup-job-temp-allocator-reduction-small-platforms=262144"
    "memorysetup-allocator-temp-initial-block-size-main=262144"
    "memorysetup-allocator-temp-initial-block-size-worker=262144"
    "memorysetup-temp-allocator-size-background-worker=32768"
    "memorysetup-temp-allocator-size-job-worker=262144"
    "memorysetup-temp-allocator-size-preload-manager=33554432"
    "memorysetup-temp-allocator-size-nav-mesh-worker=65536"
    "memorysetup-temp-allocator-size-audio-worker=65536"
    "memorysetup-temp-allocator-size-cloud-worker=32768"
    "memorysetup-temp-allocator-size-gi-baking-worker=262144"
    "memorysetup-temp-allocator-size-gfx=262144"
Player connection [32300]  Target information:

Player connection [32300]  * "[IP] 192.168.4.95 [Port] 0 [Flags] 2 [Guid] 3085220181 [EditorId] 3085220181 [Version] 1048832 [Id] WindowsEditor(7,LAPTOP-B5653K2S) [Debug] 1 [PackageName] WindowsEditor [ProjectName] Editor" 

Player connection [32300] Host joined multi-casting on [225.0.0.222:54997]...
Player connection [32300] Host joined alternative multi-casting on [225.0.0.222:34997]...
[PhysX] Initialized MultithreadedTaskDispatcher with 16 workers.
Refreshing native plugins compatible for Editor in 7.43 ms, found 3 plugins.
Preloading 0 native plugins for Editor in 0.00 ms.
Initialize engine version: 2022.3.41f1 (0f988161febf)
[Subsystems] Discovering subsystems at path C:/Program Files/Unity/Hub/Editor/2022.3.41f1/Editor/Data/Resources/UnitySubsystems
[Subsystems] Discovering subsystems at path C:/Users/Austin Horn/Documents/GitHub/DungeonDefense/Dungeon Defense/Assets
GfxDevice: creating device client; threaded=0; jobified=0
Direct3D:
    Version:  Direct3D 11.0 [level 11.1]
    Renderer: NVIDIA GeForce RTX 3060 Laptop GPU (ID=0x2520)
    Vendor:   NVIDIA
    VRAM:     5996 MB
    Driver:   32.0.15.7283
Initialize mono
Mono path[0] = 'C:/Program Files/Unity/Hub/Editor/2022.3.41f1/Editor/Data/Managed'
Mono path[1] = 'C:/Program Files/Unity/Hub/Editor/2022.3.41f1/Editor/Data/MonoBleedingEdge/lib/mono/unityjit-win32'
Mono config path = 'C:/Program Files/Unity/Hub/Editor/2022.3.41f1/Editor/Data/MonoBleedingEdge/etc'
Using monoOptions --debugger-agent=transport=dt_socket,embedding=1,server=y,suspend=n,address=127.0.0.1:56852
Begin MonoManager ReloadAssembly
Registering precompiled unity dll's ...
Register platform support module: C:/Program Files/Unity/Hub/Editor/2022.3.41f1/Editor/Data/PlaybackEngines/WebGLSupport/UnityEditor.WebGL.Extensions.dll
Register platform support module: C:/Program Files/Unity/Hub/Editor/2022.3.41f1/Editor/Data/PlaybackEngines/WindowsStandaloneSupport/UnityEditor.WindowsStandalone.Extensions.dll
Register platform support module: C:/Program Files/Unity/Hub/Editor/2022.3.41f1/Editor/Data/PlaybackEngines/MetroSupport/UnityEditor.UWP.Extensions.dll
Registered in 0.005871 seconds.
- Loaded All Assemblies, in  0.261 seconds
Native extension for UWP target not found
Native extension for WindowsStandalone target not found
Native extension for WebGL target not found
Mono: successfully reloaded assembly
- Finished resetting the current domain, in  0.196 seconds
Domain Reload Profiling: 456ms
	BeginReloadAssembly (78ms)
		ExecutionOrderSort (0ms)
		DisableScriptedObjects (0ms)
		BackupInstance (0ms)
		ReleaseScriptingObjects (0ms)
		CreateAndSetChildDomain (1ms)
	RebuildCommonClasses (25ms)
	RebuildNativeTypeToScriptingClass (8ms)
	initialDomainReloadingComplete (42ms)
	LoadAllAssembliesAndSetupDomain (106ms)
		LoadAssemblies (77ms)
		RebuildTransferFunctionScriptingTraits (0ms)
		AnalyzeDomain (105ms)
			TypeCache.Refresh (103ms)
				TypeCache.ScanAssembly (93ms)
			ScanForSourceGeneratedMonoScriptInfo (0ms)
			ResolveRequiredComponents (0ms)
	FinalizeReload (196ms)
		ReleaseScriptCaches (0ms)
		RebuildScriptCaches (0ms)
		SetupLoadedEditorAssemblies (162ms)
			LogAssemblyErrors (0ms)
			InitializePlatformSupportModulesInManaged (8ms)
			SetLoadedEditorAssemblies (4ms)
			RefreshPlugins (0ms)
			BeforeProcessingInitializeOnLoad (2ms)
			ProcessInitializeOnLoadAttributes (113ms)
			ProcessInitializeOnLoadMethodAttributes (35ms)
			AfterProcessingInitializeOnLoad (0ms)
			EditorAssembliesLoaded (0ms)
		ExecutionOrderSort2 (0ms)
		AwakeInstancesAfterBackupRestoration (0ms)
========================================================================
Worker process is ready to serve import requests
Caller must complete domain reload
Begin MonoManager ReloadAssembly
- Loaded All Assemblies, in  0.452 seconds
Native extension for UWP target not found
Native extension for WindowsStandalone target not found
Native extension for WebGL target not found
Package Manager log level set to [2]
[Package Manager] Server::EnsureServerProcessIsRunning -- launch failed, reason: Unity was launched with the -noUpm command-line argument
[Package Manager] UpmClient::Send -- Unable to send message (not connected to UPM process).
[Package Manager] Cannot connect to Unity Package Manager local server
Mono: successfully reloaded assembly
- Finished resetting the current domain, in  0.411 seconds
Domain Reload Profiling: 862ms
	BeginReloadAssembly (108ms)
		ExecutionOrderSort (0ms)
		DisableScriptedObjects (4ms)
		BackupInstance (0ms)
		ReleaseScriptingObjects (0ms)
		CreateAndSetChildDomain (17ms)
	RebuildCommonClasses (24ms)
	RebuildNativeTypeToScriptingClass (8ms)
	initialDomainReloadingComplete (28ms)
	LoadAllAssembliesAndSetupDomain (283ms)
		LoadAssemblies (210ms)
		RebuildTransferFunctionScriptingTraits (0ms)
		AnalyzeDomain (134ms)
			TypeCache.Refresh (117ms)
				TypeCache.ScanAssembly (105ms)
			ScanForSourceGeneratedMonoScriptInfo (11ms)
			ResolveRequiredComponents (4ms)
	FinalizeReload (411ms)
		ReleaseScriptCaches (0ms)
		RebuildScriptCaches (0ms)
		SetupLoadedEditorAssemblies (309ms)
			LogAssemblyErrors (0ms)
			InitializePlatformSupportModulesInManaged (6ms)
			SetLoadedEditorAssemblies (3ms)
			RefreshPlugins (0ms)
			BeforeProcessingInitializeOnLoad (45ms)
			ProcessInitializeOnLoadAttributes (238ms)
			ProcessInitializeOnLoadMethodAttributes (14ms)
			AfterProcessingInitializeOnLoad (4ms)
			EditorAssembliesLoaded (0ms)
		ExecutionOrderSort2 (0ms)
		AwakeInstancesAfterBackupRestoration (5ms)
Launched and connected shader compiler UnityShaderCompiler.exe after 0.04 seconds
Refreshing native plugins compatible for Editor in 2.83 ms, found 3 plugins.
Preloading 0 native plugins for Editor in 0.00 ms.
Unloading 3137 Unused Serialized files (Serialized files now loaded: 0)
Unloading 19 unused Assets / (54.5 KB). Loaded Objects now: 3604.
Memory consumption went from 126.0 MB to 125.9 MB.
Total: 3.496600 ms (FindLiveObjects: 0.232300 ms CreateObjectMapping: 0.081300 ms MarkObjects: 3.059700 ms  DeleteObjects: 0.122100 ms)

AssetImportParameters requested are different than current active one (requested -> active):
  custom:container-demuxer-ogg: 62fdf1f143b41e24485cea50d1cbac27 -> 
  custom:video-decoder-ogg-theora: a1e56fd34408186e4bbccfd4996cb3dc -> 
  custom:framework-win-MediaFoundation: 216162199b28c13a410421893ffa2e32 -> 
  custom:CustomObjectIndexerAttribute: 9a22284fe3817be447336de3de66b15e -> 
  custom:container-demuxer-webm: 4f35f7cbe854078d1ac9338744f61a02 -> 
  custom:container-muxer-webm: aa71ff27fc2769a1b78a27578f13a17b -> 
  custom:video-decoder-webm-vp8: 9c59270c3fd7afecdb556c50c9e8de78 -> 
  custom:SearchIndexIgnoredProperties: e643bd26f0fe6173181afceb89e7c659 -> 
  custom:AudioImporter_EditorPlatform: d09bf68614088b80899f8185d706f6e7 -> 
  custom:video-encoder-webm-vp8: eb34c28f22e8b96e1ab97ce403110664 -> 
  custom:audio-decoder-ogg-vorbis: bf7c407c2cedff20999df2af8eb42d56 -> 
  custom:audio-encoder-webm-vorbis: bf7c407c2cedff20999df2af8eb42d56 -> 
========================================================================
Received Import Request.
  Time since last request: 388355.049890 seconds.
  path: Assets/_Assets/KayKit Dungeon Pack 1.0/Models/fbx/bookcaseFilled_broken.fbx
  artifactKey: Guid(c255317b30fc5db44876836e8af14bf9) Importer(815301076,1909f56bfc062723c751e8b465ee728b)
Start importing Assets/_Assets/KayKit Dungeon Pack 1.0/Models/fbx/bookcaseFilled_broken.fbx using Guid(c255317b30fc5db44876836e8af14bf9) Importer(815301076,1909f56bfc062723c751e8b465ee728b) [PhysX] Initialized MultithreadedTaskDispatcher with 16 workers.
[PhysX] Initialized MultithreadedTaskDispatcher with 16 workers.
[PhysX] Initialized MultithreadedTaskDispatcher with 16 workers.
[PhysX] Initialized MultithreadedTaskDispatcher with 16 workers.
[PhysX] Initialized MultithreadedTaskDispatcher with 16 workers.
[PhysX] Initialized MultithreadedTaskDispatcher with 16 workers.
[PhysX] Initialized MultithreadedTaskDispatcher with 16 workers.
[PhysX] Initialized MultithreadedTaskDispatcher with 16 workers.
[PhysX] Initialized MultithreadedTaskDispatcher with 16 workers.
[PhysX] Initialized MultithreadedTaskDispatcher with 16 workers.
 -> (artifact id: 'b4c3c070e1d8a1aa14c40b63f0c16758') in 0.158942 seconds
Number of updated asset objects reloaded before import = 0
Number of asset objects unloaded after import = 14
========================================================================
Received Import Request.
  Time since last request: 5.374532 seconds.
  path: Assets/_Assets/KayKit Dungeon Pack 1.0/Models/fbx/chair.fbx
  artifactKey: Guid(10fdd8d6843e26244af347a6f80a2ba8) Importer(815301076,1909f56bfc062723c751e8b465ee728b)
Start importing Assets/_Assets/KayKit Dungeon Pack 1.0/Models/fbx/chair.fbx using Guid(10fdd8d6843e26244af347a6f80a2ba8) Importer(815301076,1909f56bfc062723c751e8b465ee728b) [PhysX] Initialized MultithreadedTaskDispatcher with 16 workers.
[PhysX] Initialized MultithreadedTaskDispatcher with 16 workers.
[PhysX] Initialized MultithreadedTaskDispatcher with 16 workers.
[PhysX] Initialized MultithreadedTaskDispatcher with 16 workers.
 -> (artifact id: '772ea410366462ff9fdbc51021d9a26e') in 0.021175 seconds
Number of updated asset objects reloaded before import = 0
Number of asset objects unloaded after import = 8
========================================================================
Received Import Request.
  Time since last request: 0.155057 seconds.
  path: Assets/_Assets/KayKit Dungeon Pack 1.0/Models/fbx/chest_rare.fbx
  artifactKey: Guid(e80f39777ba729a49a26e00344ba9c6b) Importer(815301076,1909f56bfc062723c751e8b465ee728b)
Start importing Assets/_Assets/KayKit Dungeon Pack 1.0/Models/fbx/chest_rare.fbx using Guid(e80f39777ba729a49a26e00344ba9c6b) Importer(815301076,1909f56bfc062723c751e8b465ee728b) [PhysX] Initialized MultithreadedTaskDispatcher with 16 workers.
[PhysX] Initialized MultithreadedTaskDispatcher with 16 workers.
[PhysX] Initialized MultithreadedTaskDispatcher with 16 workers.
[PhysX] Initialized MultithreadedTaskDispatcher with 16 workers.
[PhysX] Initialized MultithreadedTaskDispatcher with 16 workers.
 -> (artifact id: 'd991f86c286c3a6215f4f2d1cc624266') in 0.034607 seconds
Number of updated asset objects reloaded before import = 0
Number of asset objects unloaded after import = 9
========================================================================
Received Import Request.
  Time since last request: 0.194665 seconds.
  path: Assets/_Assets/KayKit Dungeon Pack 1.0/Models/fbx/chest_uncommon_mimic.fbx
  artifactKey: Guid(108bb62043eb29a47bfb443c73574563) Importer(815301076,1909f56bfc062723c751e8b465ee728b)
Start importing Assets/_Assets/KayKit Dungeon Pack 1.0/Models/fbx/chest_uncommon_mimic.fbx using Guid(108bb62043eb29a47bfb443c73574563) Importer(815301076,1909f56bfc062723c751e8b465ee728b) [PhysX] Initialized MultithreadedTaskDispatcher with 16 workers.
[PhysX] Initialized MultithreadedTaskDispatcher with 16 workers.
[PhysX] Initialized MultithreadedTaskDispatcher with 16 workers.
[PhysX] Initialized MultithreadedTaskDispatcher with 16 workers.
[PhysX] Initialized MultithreadedTaskDispatcher with 16 workers.
[PhysX] Initialized MultithreadedTaskDispatcher with 16 workers.
[PhysX] Initialized MultithreadedTaskDispatcher with 16 workers.
 -> (artifact id: '643d7dafb4015c93e6712c1190f85835') in 0.050759 seconds
Number of updated asset objects reloaded before import = 0
Number of asset objects unloaded after import = 11
========================================================================
Received Import Request.
  Time since last request: 2.988789 seconds.
  path: Assets/_Assets/KayKit Dungeon Pack 1.0/Models/fbx/chestTop_rare.fbx
  artifactKey: Guid(e6c9feee1ce67fb498a68c97d81b7094) Importer(815301076,1909f56bfc062723c751e8b465ee728b)
Start importing Assets/_Assets/KayKit Dungeon Pack 1.0/Models/fbx/chestTop_rare.fbx using Guid(e6c9feee1ce67fb498a68c97d81b7094) Importer(815301076,1909f56bfc062723c751e8b465ee728b) [PhysX] Initialized MultithreadedTaskDispatcher with 16 workers.
[PhysX] Initialized MultithreadedTaskDispatcher with 16 workers.
[PhysX] Initialized MultithreadedTaskDispatcher with 16 workers.
[PhysX] Initialized MultithreadedTaskDispatcher with 16 workers.
[PhysX] Initialized MultithreadedTaskDispatcher with 16 workers.
 -> (artifact id: '7bbb96aa05e0bba46469e2887b1df1bd') in 0.034547 seconds
Number of updated asset objects reloaded before import = 0
Number of asset objects unloaded after import = 9
========================================================================
Received Import Request.
  Time since last request: 2.156682 seconds.
  path: Assets/_Assets/KayKit Dungeon Pack 1.0/Models/fbx/chestTop_uncommon_mimic.fbx
  artifactKey: Guid(7e2d0d9de3a03774c98c0dda3b12c094) Importer(815301076,1909f56bfc062723c751e8b465ee728b)
Start importing Assets/_Assets/KayKit Dungeon Pack 1.0/Models/fbx/chestTop_uncommon_mimic.fbx using Guid(7e2d0d9de3a03774c98c0dda3b12c094) Importer(815301076,1909f56bfc062723c751e8b465ee728b) [PhysX] Initialized MultithreadedTaskDispatcher with 16 workers.
[PhysX] Initialized MultithreadedTaskDispatcher with 16 workers.
[PhysX] Initialized MultithreadedTaskDispatcher with 16 workers.
[PhysX] Initialized MultithreadedTaskDispatcher with 16 workers.
[PhysX] Initialized MultithreadedTaskDispatcher with 16 workers.
[PhysX] Initialized MultithreadedTaskDispatcher with 16 workers.
[PhysX] Initialized MultithreadedTaskDispatcher with 16 workers.
 -> (artifact id: 'ae2f73c7839afea0374f1ded3dc347e0') in 0.042973 seconds
Number of updated asset objects reloaded before import = 0
Number of asset objects unloaded after import = 11
========================================================================
Received Import Request.
  Time since last request: 2.980239 seconds.
  path: Assets/_Assets/KayKit Dungeon Pack 1.0/Models/fbx/coinsMedium.fbx
  artifactKey: Guid(aa03596f36ce98743be381022c528817) Importer(815301076,1909f56bfc062723c751e8b465ee728b)
Start importing Assets/_Assets/KayKit Dungeon Pack 1.0/Models/fbx/coinsMedium.fbx using Guid(aa03596f36ce98743be381022c528817) Importer(815301076,1909f56bfc062723c751e8b465ee728b) [PhysX] Initialized MultithreadedTaskDispatcher with 16 workers.
[PhysX] Initialized MultithreadedTaskDispatcher with 16 workers.
[PhysX] Initialized MultithreadedTaskDispatcher with 16 workers.
[PhysX] Initialized MultithreadedTaskDispatcher with 16 workers.
 -> (artifact id: 'e2032881368aaa249c6d9e10969d4117') in 0.030701 seconds
Number of updated asset objects reloaded before import = 0
Number of asset objects unloaded after import = 8
========================================================================
Received Import Request.
  Time since last request: 0.712620 seconds.
  path: Assets/_Assets/KayKit Dungeon Pack 1.0/Models/fbx/crateDark.fbx
  artifactKey: Guid(5973f222677d1a74f845a1d897ced774) Importer(815301076,1909f56bfc062723c751e8b465ee728b)
Start importing Assets/_Assets/KayKit Dungeon Pack 1.0/Models/fbx/crateDark.fbx using Guid(5973f222677d1a74f845a1d897ced774) Importer(815301076,1909f56bfc062723c751e8b465ee728b) [PhysX] Initialized MultithreadedTaskDispatcher with 16 workers.
[PhysX] Initialized MultithreadedTaskDispatcher with 16 workers.
[PhysX] Initialized MultithreadedTaskDispatcher with 16 workers.
[PhysX] Initialized MultithreadedTaskDispatcher with 16 workers.
[PhysX] Initialized MultithreadedTaskDispatcher with 16 workers.
 -> (artifact id: '02718e9c1b69805e597c81edc22ccab8') in 0.035491 seconds
Number of updated asset objects reloaded before import = 0
Number of asset objects unloaded after import = 9
========================================================================
Received Import Request.
  Time since last request: 0.267614 seconds.
  path: Assets/_Assets/KayKit Dungeon Pack 1.0/Models/fbx/cratePlatform_small.fbx
  artifactKey: Guid(3dc7c96ec3d9e2f4da9b55f63348a82e) Importer(815301076,1909f56bfc062723c751e8b465ee728b)
Start importing Assets/_Assets/KayKit Dungeon Pack 1.0/Models/fbx/cratePlatform_small.fbx using Guid(3dc7c96ec3d9e2f4da9b55f63348a82e) Importer(815301076,1909f56bfc062723c751e8b465ee728b) [PhysX] Initialized MultithreadedTaskDispatcher with 16 workers.
[PhysX] Initialized MultithreadedTaskDispatcher with 16 workers.
[PhysX] Initialized MultithreadedTaskDispatcher with 16 workers.
[PhysX] Initialized MultithreadedTaskDispatcher with 16 workers.
[PhysX] Initialized MultithreadedTaskDispatcher with 16 workers.
 -> (artifact id: '96b76015a66f30a43c9c89c973c71226') in 0.037508 seconds
Number of updated asset objects reloaded before import = 0
Number of asset objects unloaded after import = 9
========================================================================
Received Import Request.
  Time since last request: 3.473843 seconds.
  path: Assets/_Assets/KayKit Dungeon Pack 1.0/Models/fbx/dagger_uncommon.fbx
  artifactKey: Guid(060994ca5c451e24595ff1b095361717) Importer(815301076,1909f56bfc062723c751e8b465ee728b)
Start importing Assets/_Assets/KayKit Dungeon Pack 1.0/Models/fbx/dagger_uncommon.fbx using Guid(060994ca5c451e24595ff1b095361717) Importer(815301076,1909f56bfc062723c751e8b465ee728b) [PhysX] Initialized MultithreadedTaskDispatcher with 16 workers.
[PhysX] Initialized MultithreadedTaskDispatcher with 16 workers.
[PhysX] Initialized MultithreadedTaskDispatcher with 16 workers.
[PhysX] Initialized MultithreadedTaskDispatcher with 16 workers.
[PhysX] Initialized MultithreadedTaskDispatcher with 16 workers.
[PhysX] Initialized MultithreadedTaskDispatcher with 16 workers.
 -> (artifact id: '1770043a5c2f411d575a93006d32f8fc') in 0.020353 seconds
Number of updated asset objects reloaded before import = 0
Number of asset objects unloaded after import = 10
========================================================================
Received Import Request.
  Time since last request: 475.130694 seconds.
  path: Assets/_Assets/KayKit Dungeon Pack 1.0/Models/fbx/door_gate.fbx
  artifactKey: Guid(36487617c035c2545b52a89602cbc6fa) Importer(815301076,1909f56bfc062723c751e8b465ee728b)
Start importing Assets/_Assets/KayKit Dungeon Pack 1.0/Models/fbx/door_gate.fbx using Guid(36487617c035c2545b52a89602cbc6fa) Importer(815301076,1909f56bfc062723c751e8b465ee728b) [PhysX] Initialized MultithreadedTaskDispatcher with 16 workers.
[PhysX] Initialized MultithreadedTaskDispatcher with 16 workers.
[PhysX] Initialized MultithreadedTaskDispatcher with 16 workers.
[PhysX] Initialized MultithreadedTaskDispatcher with 16 workers.
[PhysX] Initialized MultithreadedTaskDispatcher with 16 workers.
 -> (artifact id: 'c9bf7fe26ec7c1f2fde2aa538a136839') in 0.032446 seconds
Number of updated asset objects reloaded before import = 0
Number of asset objects unloaded after import = 9
========================================================================
Received Import Request.
  Time since last request: 0.071008 seconds.
  path: Assets/_Assets/KayKit Dungeon Pack 1.0/Models/fbx/floorDecoration_tilesSmall.fbx
  artifactKey: Guid(5a40d30791f3016448a4b6d4faa02db2) Importer(815301076,1909f56bfc062723c751e8b465ee728b)
Start importing Assets/_Assets/KayKit Dungeon Pack 1.0/Models/fbx/floorDecoration_tilesSmall.fbx using Guid(5a40d30791f3016448a4b6d4faa02db2) Importer(815301076,1909f56bfc062723c751e8b465ee728b) [PhysX] Initialized MultithreadedTaskDispatcher with 16 workers.
[PhysX] Initialized MultithreadedTaskDispatcher with 16 workers.
[PhysX] Initialized MultithreadedTaskDispatcher with 16 workers.
[PhysX] Initialized MultithreadedTaskDispatcher with 16 workers.
 -> (artifact id: 'f8eb8e38e5d1656cc54a0e4867d09f3f') in 0.016513 seconds
Number of updated asset objects reloaded before import = 0
Number of asset objects unloaded after import = 8
========================================================================
Received Import Request.
  Time since last request: 3.413975 seconds.
  path: Assets/_Assets/KayKit Dungeon Pack 1.0/Models/fbx/floorDecoration_woodRight.fbx
  artifactKey: Guid(c4534c52ab991924f94db86326c7511c) Importer(815301076,1909f56bfc062723c751e8b465ee728b)
Start importing Assets/_Assets/KayKit Dungeon Pack 1.0/Models/fbx/floorDecoration_woodRight.fbx using Guid(c4534c52ab991924f94db86326c7511c) Importer(815301076,1909f56bfc062723c751e8b465ee728b) [PhysX] Initialized MultithreadedTaskDispatcher with 16 workers.
[PhysX] Initialized MultithreadedTaskDispatcher with 16 workers.
[PhysX] Initialized MultithreadedTaskDispatcher with 16 workers.
[PhysX] Initialized MultithreadedTaskDispatcher with 16 workers.
 -> (artifact id: '47e8d6a8ab588f2d41f9061c21891cfb') in 0.015581 seconds
Number of updated asset objects reloaded before import = 0
Number of asset objects unloaded after import = 8
========================================================================
Received Import Request.
  Time since last request: 0.000014 seconds.
  path: Assets/_Assets/KayKit Dungeon Pack 1.0/Models/fbx/hammer_common.fbx
  artifactKey: Guid(c952fcc189cb68242986852b6794927d) Importer(815301076,1909f56bfc062723c751e8b465ee728b)
Start importing Assets/_Assets/KayKit Dungeon Pack 1.0/Models/fbx/hammer_common.fbx using Guid(c952fcc189cb68242986852b6794927d) Importer(815301076,1909f56bfc062723c751e8b465ee728b) [PhysX] Initialized MultithreadedTaskDispatcher with 16 workers.
[PhysX] Initialized MultithreadedTaskDispatcher with 16 workers.
[PhysX] Initialized MultithreadedTaskDispatcher with 16 workers.
[PhysX] Initialized MultithreadedTaskDispatcher with 16 workers.
[PhysX] Initialized MultithreadedTaskDispatcher with 16 workers.
 -> (artifact id: '5a4ebac47b5588393bf4b698897dedc6') in 0.024722 seconds
Number of updated asset objects reloaded before import = 0
Number of asset objects unloaded after import = 9
========================================================================
Received Import Request.
  Time since last request: 14.902564 seconds.
  path: Assets/_Assets/KayKit Dungeon Pack 1.0/Models/fbx/hammer_uncommon.fbx
  artifactKey: Guid(e990fe70b7add2649984ecc63cae279d) Importer(815301076,1909f56bfc062723c751e8b465ee728b)
Start importing Assets/_Assets/KayKit Dungeon Pack 1.0/Models/fbx/hammer_uncommon.fbx using Guid(e990fe70b7add2649984ecc63cae279d) Importer(815301076,1909f56bfc062723c751e8b465ee728b) [PhysX] Initialized MultithreadedTaskDispatcher with 16 workers.
[PhysX] Initialized MultithreadedTaskDispatcher with 16 workers.
[PhysX] Initialized MultithreadedTaskDispatcher with 16 workers.
[PhysX] Initialized MultithreadedTaskDispatcher with 16 workers.
[PhysX] Initialized MultithreadedTaskDispatcher with 16 workers.
[PhysX] Initialized MultithreadedTaskDispatcher with 16 workers.
 -> (artifact id: 'f743c14ae8feffa92a72ff7fda0b6cf4') in 0.028944 seconds
Number of updated asset objects reloaded before import = 0
Number of asset objects unloaded after import = 10
========================================================================
Received Import Request.
  Time since last request: 0.054135 seconds.
  path: Assets/_Assets/KayKit Dungeon Pack 1.0/Models/fbx/mug.fbx
  artifactKey: Guid(e4af49dfc5285e24bbc8a33fd6c54643) Importer(815301076,1909f56bfc062723c751e8b465ee728b)
Start importing Assets/_Assets/KayKit Dungeon Pack 1.0/Models/fbx/mug.fbx using Guid(e4af49dfc5285e24bbc8a33fd6c54643) Importer(815301076,1909f56bfc062723c751e8b465ee728b) [PhysX] Initialized MultithreadedTaskDispatcher with 16 workers.
[PhysX] Initialized MultithreadedTaskDispatcher with 16 workers.
[PhysX] Initialized MultithreadedTaskDispatcher with 16 workers.
[PhysX] Initialized MultithreadedTaskDispatcher with 16 workers.
[PhysX] Initialized MultithreadedTaskDispatcher with 16 workers.
 -> (artifact id: '76814b882414c0a5540894561a699ade') in 0.023390 seconds
Number of updated asset objects reloaded before import = 0
Number of asset objects unloaded after import = 9
========================================================================
Received Import Request.
  Time since last request: 21.029150 seconds.
  path: Assets/_Assets/KayKit Dungeon Pack 1.0/Models/fbx/plate.fbx
  artifactKey: Guid(f6a6b4fb49181954a8b22db1e4ecf1d5) Importer(815301076,1909f56bfc062723c751e8b465ee728b)
Start importing Assets/_Assets/KayKit Dungeon Pack 1.0/Models/fbx/plate.fbx using Guid(f6a6b4fb49181954a8b22db1e4ecf1d5) Importer(815301076,1909f56bfc062723c751e8b465ee728b) [PhysX] Initialized MultithreadedTaskDispatcher with 16 workers.
[PhysX] Initialized MultithreadedTaskDispatcher with 16 workers.
[PhysX] Initialized MultithreadedTaskDispatcher with 16 workers.
[PhysX] Initialized MultithreadedTaskDispatcher with 16 workers.
 -> (artifact id: 'b1d467b3d06f88963dcaae7f54b01c8e') in 0.018348 seconds
Number of updated asset objects reloaded before import = 0
Number of asset objects unloaded after import = 8
========================================================================
Received Import Request.
  Time since last request: 0.000014 seconds.
  path: Assets/_Assets/KayKit Dungeon Pack 1.0/Models/fbx/plateFull.fbx
  artifactKey: Guid(6448b93428c2b464db88fe57ef58a4ee) Importer(815301076,1909f56bfc062723c751e8b465ee728b)
Start importing Assets/_Assets/KayKit Dungeon Pack 1.0/Models/fbx/plateFull.fbx using Guid(6448b93428c2b464db88fe57ef58a4ee) Importer(815301076,1909f56bfc062723c751e8b465ee728b) [PhysX] Initialized MultithreadedTaskDispatcher with 16 workers.
[PhysX] Initialized MultithreadedTaskDispatcher with 16 workers.
[PhysX] Initialized MultithreadedTaskDispatcher with 16 workers.
[PhysX] Initialized MultithreadedTaskDispatcher with 16 workers.
[PhysX] Initialized MultithreadedTaskDispatcher with 16 workers.
 -> (artifact id: '8c55191a1831ec6e19f31187c3c4e1c9') in 0.023788 seconds
Number of updated asset objects reloaded before import = 0
Number of asset objects unloaded after import = 9
========================================================================
Received Import Request.
  Time since last request: 0.077653 seconds.
  path: Assets/_Assets/KayKit Dungeon Pack 1.0/Models/fbx/potA.fbx
  artifactKey: Guid(fa22fcdf388224a44ba98d3c02fe5a29) Importer(815301076,1909f56bfc062723c751e8b465ee728b)
Start importing Assets/_Assets/KayKit Dungeon Pack 1.0/Models/fbx/potA.fbx using Guid(fa22fcdf388224a44ba98d3c02fe5a29) Importer(815301076,1909f56bfc062723c751e8b465ee728b) [PhysX] Initialized MultithreadedTaskDispatcher with 16 workers.
[PhysX] Initialized MultithreadedTaskDispatcher with 16 workers.
[PhysX] Initialized MultithreadedTaskDispatcher with 16 workers.
[PhysX] Initialized MultithreadedTaskDispatcher with 16 workers.
 -> (artifact id: '95fc331bb95022c5647f80568ce51583') in 0.016472 seconds
Number of updated asset objects reloaded before import = 0
Number of asset objects unloaded after import = 8
========================================================================
Received Import Request.
  Time since last request: 0.000015 seconds.
  path: Assets/_Assets/KayKit Dungeon Pack 1.0/Models/fbx/potA_decorated.fbx
  artifactKey: Guid(eba0156e6f221e34f9119e3156525a1c) Importer(815301076,1909f56bfc062723c751e8b465ee728b)
Start importing Assets/_Assets/KayKit Dungeon Pack 1.0/Models/fbx/potA_decorated.fbx using Guid(eba0156e6f221e34f9119e3156525a1c) Importer(815301076,1909f56bfc062723c751e8b465ee728b) [PhysX] Initialized MultithreadedTaskDispatcher with 16 workers.
[PhysX] Initialized MultithreadedTaskDispatcher with 16 workers.
[PhysX] Initialized MultithreadedTaskDispatcher with 16 workers.
[PhysX] Initialized MultithreadedTaskDispatcher with 16 workers.
[PhysX] Initialized MultithreadedTaskDispatcher with 16 workers.
 -> (artifact id: '9b678baac9b63a87b2751a94ed0b7f25') in 0.026501 seconds
Number of updated asset objects reloaded before import = 0
Number of asset objects unloaded after import = 9
========================================================================
Received Import Request.
  Time since last request: 0.496531 seconds.
  path: Assets/_Assets/KayKit Dungeon Pack 1.0/Models/fbx/potB_decorated.fbx
  artifactKey: Guid(f3455349ad805be44b117caa73cf6a24) Importer(815301076,1909f56bfc062723c751e8b465ee728b)
Start importing Assets/_Assets/KayKit Dungeon Pack 1.0/Models/fbx/potB_decorated.fbx using Guid(f3455349ad805be44b117caa73cf6a24) Importer(815301076,1909f56bfc062723c751e8b465ee728b) [PhysX] Initialized MultithreadedTaskDispatcher with 16 workers.
[PhysX] Initialized MultithreadedTaskDispatcher with 16 workers.
[PhysX] Initialized MultithreadedTaskDispatcher with 16 workers.
[PhysX] Initialized MultithreadedTaskDispatcher with 16 workers.
[PhysX] Initialized MultithreadedTaskDispatcher with 16 workers.
 -> (artifact id: 'f5b84052b06df3c7ed5f5fe020abc47e') in 0.021278 seconds
Number of updated asset objects reloaded before import = 0
Number of asset objects unloaded after import = 9
========================================================================
Received Import Request.
  Time since last request: 0.030821 seconds.
  path: Assets/_Assets/KayKit Dungeon Pack 1.0/Models/fbx/potionLarge_blue.fbx
  artifactKey: Guid(c72ce0f07070e7446adacb310f96453b) Importer(815301076,1909f56bfc062723c751e8b465ee728b)
Start importing Assets/_Assets/KayKit Dungeon Pack 1.0/Models/fbx/potionLarge_blue.fbx using Guid(c72ce0f07070e7446adacb310f96453b) Importer(815301076,1909f56bfc062723c751e8b465ee728b) [PhysX] Initialized MultithreadedTaskDispatcher with 16 workers.
[PhysX] Initialized MultithreadedTaskDispatcher with 16 workers.
[PhysX] Initialized MultithreadedTaskDispatcher with 16 workers.
[PhysX] Initialized MultithreadedTaskDispatcher with 16 workers.
[PhysX] Initialized MultithreadedTaskDispatcher with 16 workers.
[PhysX] Initialized MultithreadedTaskDispatcher with 16 workers.
 -> (artifact id: '6911f195db5bc3aba12c6f4c77510376') in 0.050539 seconds
Number of updated asset objects reloaded before import = 0
Number of asset objects unloaded after import = 10
========================================================================
Received Import Request.
  Time since last request: 1.136456 seconds.
  path: Assets/_Assets/KayKit Dungeon Pack 1.0/Models/fbx/potionMedium_blue.fbx
  artifactKey: Guid(efa603f0c6f400b4b9041f23c979cfae) Importer(815301076,1909f56bfc062723c751e8b465ee728b)
Start importing Assets/_Assets/KayKit Dungeon Pack 1.0/Models/fbx/potionMedium_blue.fbx using Guid(efa603f0c6f400b4b9041f23c979cfae) Importer(815301076,1909f56bfc062723c751e8b465ee728b) [PhysX] Initialized MultithreadedTaskDispatcher with 16 workers.
[PhysX] Initialized MultithreadedTaskDispatcher with 16 workers.
[PhysX] Initialized MultithreadedTaskDispatcher with 16 workers.
[PhysX] Initialized MultithreadedTaskDispatcher with 16 workers.
[PhysX] Initialized MultithreadedTaskDispatcher with 16 workers.
[PhysX] Initialized MultithreadedTaskDispatcher with 16 workers.
 -> (artifact id: 'c98a005a8fc9bb6d6a1a8f7519a4ccfd') in 0.026553 seconds
Number of updated asset objects reloaded before import = 0
Number of asset objects unloaded after import = 10
========================================================================
Received Import Request.
  Time since last request: 0.000016 seconds.
  path: Assets/_Assets/KayKit Dungeon Pack 1.0/Models/fbx/potionMedium_green.fbx
  artifactKey: Guid(5b7bcd6917365834681f0d71d4e1d0a4) Importer(815301076,1909f56bfc062723c751e8b465ee728b)
Start importing Assets/_Assets/KayKit Dungeon Pack 1.0/Models/fbx/potionMedium_green.fbx using Guid(5b7bcd6917365834681f0d71d4e1d0a4) Importer(815301076,1909f56bfc062723c751e8b465ee728b) [PhysX] Initialized MultithreadedTaskDispatcher with 16 workers.
[PhysX] Initialized MultithreadedTaskDispatcher with 16 workers.
[PhysX] Initialized MultithreadedTaskDispatcher with 16 workers.
[PhysX] Initialized MultithreadedTaskDispatcher with 16 workers.
[PhysX] Initialized MultithreadedTaskDispatcher with 16 workers.
[PhysX] Initialized MultithreadedTaskDispatcher with 16 workers.
 -> (artifact id: '5912fca125bf31f1b4643b7d6901f89d') in 0.030616 seconds
Number of updated asset objects reloaded before import = 0
Number of asset objects unloaded after import = 10
========================================================================
Received Import Request.
  Time since last request: 0.025984 seconds.
  path: Assets/_Assets/KayKit Dungeon Pack 1.0/Models/fbx/potionSmall_blue.fbx
  artifactKey: Guid(6bcc6dca1003a2148bef2b2213e10315) Importer(815301076,1909f56bfc062723c751e8b465ee728b)
Start importing Assets/_Assets/KayKit Dungeon Pack 1.0/Models/fbx/potionSmall_blue.fbx using Guid(6bcc6dca1003a2148bef2b2213e10315) Importer(815301076,1909f56bfc062723c751e8b465ee728b) [PhysX] Initialized MultithreadedTaskDispatcher with 16 workers.
[PhysX] Initialized MultithreadedTaskDispatcher with 16 workers.
[PhysX] Initialized MultithreadedTaskDispatcher with 16 workers.
[PhysX] Initialized MultithreadedTaskDispatcher with 16 workers.
[PhysX] Initialized MultithreadedTaskDispatcher with 16 workers.
[PhysX] Initialized MultithreadedTaskDispatcher with 16 workers.
 -> (artifact id: '374d5cee25b92798677ba5cec353006e') in 0.032655 seconds
Number of updated asset objects reloaded before import = 0
Number of asset objects unloaded after import = 10
========================================================================
Received Import Request.
  Time since last request: 1.377899 seconds.
  path: Assets/_Assets/KayKit Dungeon Pack 1.0/Models/fbx/pots.fbx
  artifactKey: Guid(7a0927a1cebdef842a916dbdc9e4a1c7) Importer(815301076,1909f56bfc062723c751e8b465ee728b)
Start importing Assets/_Assets/KayKit Dungeon Pack 1.0/Models/fbx/pots.fbx using Guid(7a0927a1cebdef842a916dbdc9e4a1c7) Importer(815301076,1909f56bfc062723c751e8b465ee728b) [PhysX] Initialized MultithreadedTaskDispatcher with 16 workers.
[PhysX] Initialized MultithreadedTaskDispatcher with 16 workers.
[PhysX] Initialized MultithreadedTaskDispatcher with 16 workers.
[PhysX] Initialized MultithreadedTaskDispatcher with 16 workers.
 -> (artifact id: '7aa6f55c63f6d2fa7183271bf1807af9') in 0.013252 seconds
Number of updated asset objects reloaded before import = 0
Number of asset objects unloaded after import = 8
========================================================================
Received Import Request.
  Time since last request: 0.000015 seconds.
  path: Assets/_Assets/KayKit Dungeon Pack 1.0/Models/fbx/quiver_empty.fbx
  artifactKey: Guid(64c91641df6fc7a4aab675796283a9b8) Importer(815301076,1909f56bfc062723c751e8b465ee728b)
Start importing Assets/_Assets/KayKit Dungeon Pack 1.0/Models/fbx/quiver_empty.fbx using Guid(64c91641df6fc7a4aab675796283a9b8) Importer(815301076,1909f56bfc062723c751e8b465ee728b) [PhysX] Initialized MultithreadedTaskDispatcher with 16 workers.
[PhysX] Initialized MultithreadedTaskDispatcher with 16 workers.
[PhysX] Initialized MultithreadedTaskDispatcher with 16 workers.
[PhysX] Initialized MultithreadedTaskDispatcher with 16 workers.
[PhysX] Initialized MultithreadedTaskDispatcher with 16 workers.
 -> (artifact id: '848268361f3eca8393f85cf6f98685f5') in 0.013294 seconds
Number of updated asset objects reloaded before import = 0
Number of asset objects unloaded after import = 9
========================================================================
Received Import Request.
  Time since last request: 0.035859 seconds.
  path: Assets/_Assets/KayKit Dungeon Pack 1.0/Models/fbx/quiver_half_full.fbx
  artifactKey: Guid(0edd9119fe67f454aa7b8ef9d1bb2e84) Importer(815301076,1909f56bfc062723c751e8b465ee728b)
Start importing Assets/_Assets/KayKit Dungeon Pack 1.0/Models/fbx/quiver_half_full.fbx using Guid(0edd9119fe67f454aa7b8ef9d1bb2e84) Importer(815301076,1909f56bfc062723c751e8b465ee728b) [PhysX] Initialized MultithreadedTaskDispatcher with 16 workers.
[PhysX] Initialized MultithreadedTaskDispatcher with 16 workers.
[PhysX] Initialized MultithreadedTaskDispatcher with 16 workers.
[PhysX] Initialized MultithreadedTaskDispatcher with 16 workers.
[PhysX] Initialized MultithreadedTaskDispatcher with 16 workers.
[PhysX] Initialized MultithreadedTaskDispatcher with 16 workers.
 -> (artifact id: 'a487e184e587a2b0c08c01b897c1c03c') in 0.017316 seconds
Number of updated asset objects reloaded before import = 0
Number of asset objects unloaded after import = 10
========================================================================
Received Import Request.
  Time since last request: 0.038155 seconds.
  path: Assets/_Assets/KayKit Dungeon Pack 1.0/Models/fbx/scaffold_high_cornerLeft.fbx
  artifactKey: Guid(cbd4296dd3b2cc747a53aa01c11a60b9) Importer(815301076,1909f56bfc062723c751e8b465ee728b)
Start importing Assets/_Assets/KayKit Dungeon Pack 1.0/Models/fbx/scaffold_high_cornerLeft.fbx using Guid(cbd4296dd3b2cc747a53aa01c11a60b9) Importer(815301076,1909f56bfc062723c751e8b465ee728b) [PhysX] Initialized MultithreadedTaskDispatcher with 16 workers.
[PhysX] Initialized MultithreadedTaskDispatcher with 16 workers.
[PhysX] Initialized MultithreadedTaskDispatcher with 16 workers.
[PhysX] Initialized MultithreadedTaskDispatcher with 16 workers.
 -> (artifact id: '36f72892e4778b245286a6f3cf0e06df') in 0.011864 seconds
Number of updated asset objects reloaded before import = 0
Number of asset objects unloaded after import = 8
========================================================================
Received Import Request.
  Time since last request: 1.371544 seconds.
  path: Assets/_Assets/KayKit Dungeon Pack 1.0/Models/fbx/scaffold_low.fbx
  artifactKey: Guid(e231fb2c14c70f44f8fdf7b97888e387) Importer(815301076,1909f56bfc062723c751e8b465ee728b)
Start importing Assets/_Assets/KayKit Dungeon Pack 1.0/Models/fbx/scaffold_low.fbx using Guid(e231fb2c14c70f44f8fdf7b97888e387) Importer(815301076,1909f56bfc062723c751e8b465ee728b) [PhysX] Initialized MultithreadedTaskDispatcher with 16 workers.
[PhysX] Initialized MultithreadedTaskDispatcher with 16 workers.
[PhysX] Initialized MultithreadedTaskDispatcher with 16 workers.
[PhysX] Initialized MultithreadedTaskDispatcher with 16 workers.
 -> (artifact id: 'e8b8296364b241d04959f6d7b71d4e29') in 0.016259 seconds
Number of updated asset objects reloaded before import = 0
Number of asset objects unloaded after import = 8
========================================================================
Received Import Request.
  Time since last request: 0.706165 seconds.
  path: Assets/_Assets/KayKit Dungeon Pack 1.0/Models/fbx/scaffold_low_cornerRight.fbx
  artifactKey: Guid(68993aa3c32505a429112c36ad0305bc) Importer(815301076,1909f56bfc062723c751e8b465ee728b)
Start importing Assets/_Assets/KayKit Dungeon Pack 1.0/Models/fbx/scaffold_low_cornerRight.fbx using Guid(68993aa3c32505a429112c36ad0305bc) Importer(815301076,1909f56bfc062723c751e8b465ee728b) [PhysX] Initialized MultithreadedTaskDispatcher with 16 workers.
[PhysX] Initialized MultithreadedTaskDispatcher with 16 workers.
[PhysX] Initialized MultithreadedTaskDispatcher with 16 workers.
[PhysX] Initialized MultithreadedTaskDispatcher with 16 workers.
 -> (artifact id: 'ff3f9ce1dc08f0d0c77cd718c19c9c55') in 0.020672 seconds
Number of updated asset objects reloaded before import = 0
Number of asset objects unloaded after import = 8
========================================================================
Received Import Request.
  Time since last request: 0.000016 seconds.
  path: Assets/_Assets/KayKit Dungeon Pack 1.0/Models/fbx/scaffold_low_railing.fbx
  artifactKey: Guid(fb9547fe5d65fba488ade32cd64ed67b) Importer(815301076,1909f56bfc062723c751e8b465ee728b)
Start importing Assets/_Assets/KayKit Dungeon Pack 1.0/Models/fbx/scaffold_low_railing.fbx using Guid(fb9547fe5d65fba488ade32cd64ed67b) Importer(815301076,1909f56bfc062723c751e8b465ee728b) [PhysX] Initialized MultithreadedTaskDispatcher with 16 workers.
[PhysX] Initialized MultithreadedTaskDispatcher with 16 workers.
[PhysX] Initialized MultithreadedTaskDispatcher with 16 workers.
[PhysX] Initialized MultithreadedTaskDispatcher with 16 workers.
 -> (artifact id: '2606b7b4e4d976062bdefd5594ec3842') in 0.014186 seconds
Number of updated asset objects reloaded before import = 0
Number of asset objects unloaded after import = 8
========================================================================
Received Import Request.
  Time since last request: 0.832129 seconds.
  path: Assets/_Assets/KayKit Dungeon Pack 1.0/Models/fbx/scaffold_medium_cornerBoth.fbx
  artifactKey: Guid(866b6af1cb72023478ae68cd312f4f75) Importer(815301076,1909f56bfc062723c751e8b465ee728b)
Start importing Assets/_Assets/KayKit Dungeon Pack 1.0/Models/fbx/scaffold_medium_cornerBoth.fbx using Guid(866b6af1cb72023478ae68cd312f4f75) Importer(815301076,1909f56bfc062723c751e8b465ee728b) [PhysX] Initialized MultithreadedTaskDispatcher with 16 workers.
[PhysX] Initialized MultithreadedTaskDispatcher with 16 workers.
[PhysX] Initialized MultithreadedTaskDispatcher with 16 workers.
[PhysX] Initialized MultithreadedTaskDispatcher with 16 workers.
 -> (artifact id: 'e584d50aaaa1fd2d40e3539b403e00bb') in 0.019204 seconds
Number of updated asset objects reloaded before import = 0
Number of asset objects unloaded after import = 8
========================================================================
Received Import Request.
  Time since last request: 0.069335 seconds.
  path: Assets/_Assets/KayKit Dungeon Pack 1.0/Models/fbx/scaffold_medium_railing.fbx
  artifactKey: Guid(150bfe3f62d611e418a9e3b6ba888023) Importer(815301076,1909f56bfc062723c751e8b465ee728b)
Start importing Assets/_Assets/KayKit Dungeon Pack 1.0/Models/fbx/scaffold_medium_railing.fbx using Guid(150bfe3f62d611e418a9e3b6ba888023) Importer(815301076,1909f56bfc062723c751e8b465ee728b) [PhysX] Initialized MultithreadedTaskDispatcher with 16 workers.
[PhysX] Initialized MultithreadedTaskDispatcher with 16 workers.
[PhysX] Initialized MultithreadedTaskDispatcher with 16 workers.
[PhysX] Initialized MultithreadedTaskDispatcher with 16 workers.
 -> (artifact id: '4269b48d0ccbae0614418a784cdc18c1') in 0.018499 seconds
Number of updated asset objects reloaded before import = 0
Number of asset objects unloaded after import = 8
========================================================================
Received Import Request.
  Time since last request: 1.772461 seconds.
  path: Assets/_Assets/KayKit Dungeon Pack 1.0/Models/fbx/scaffold_small_high_cornerRight.fbx
  artifactKey: Guid(72f1ca88e0edb08449fe95a2fc23a354) Importer(815301076,1909f56bfc062723c751e8b465ee728b)
Start importing Assets/_Assets/KayKit Dungeon Pack 1.0/Models/fbx/scaffold_small_high_cornerRight.fbx using Guid(72f1ca88e0edb08449fe95a2fc23a354) Importer(815301076,1909f56bfc062723c751e8b465ee728b) [PhysX] Initialized MultithreadedTaskDispatcher with 16 workers.
[PhysX] Initialized MultithreadedTaskDispatcher with 16 workers.
[PhysX] Initialized MultithreadedTaskDispatcher with 16 workers.
[PhysX] Initialized MultithreadedTaskDispatcher with 16 workers.
 -> (artifact id: 'c166c34376716632c9f80e8bc0c3d5ca') in 0.015482 seconds
Number of updated asset objects reloaded before import = 0
Number of asset objects unloaded after import = 8
========================================================================
Received Import Request.
  Time since last request: 0.695091 seconds.
  path: Assets/_Assets/KayKit Dungeon Pack 1.0/Models/fbx/scaffold_small_high_railing_long.fbx
  artifactKey: Guid(9811d1c49a969ff40bd8b81182773b5b) Importer(815301076,1909f56bfc062723c751e8b465ee728b)
Start importing Assets/_Assets/KayKit Dungeon Pack 1.0/Models/fbx/scaffold_small_high_railing_long.fbx using Guid(9811d1c49a969ff40bd8b81182773b5b) Importer(815301076,1909f56bfc062723c751e8b465ee728b) [PhysX] Initialized MultithreadedTaskDispatcher with 16 workers.
[PhysX] Initialized MultithreadedTaskDispatcher with 16 workers.
[PhysX] Initialized MultithreadedTaskDispatcher with 16 workers.
[PhysX] Initialized MultithreadedTaskDispatcher with 16 workers.
 -> (artifact id: '09ff7d906d495e96b9c65d12a212dfdf') in 0.018679 seconds
Number of updated asset objects reloaded before import = 0
Number of asset objects unloaded after import = 8
========================================================================
Received Import Request.
  Time since last request: 0.846036 seconds.
  path: Assets/_Assets/KayKit Dungeon Pack 1.0/Models/fbx/scaffold_small_low_cornerRight.fbx
  artifactKey: Guid(59ca6dfa3f9e6a04ba8aefc46036e066) Importer(815301076,1909f56bfc062723c751e8b465ee728b)
Start importing Assets/_Assets/KayKit Dungeon Pack 1.0/Models/fbx/scaffold_small_low_cornerRight.fbx using Guid(59ca6dfa3f9e6a04ba8aefc46036e066) Importer(815301076,1909f56bfc062723c751e8b465ee728b) [PhysX] Initialized MultithreadedTaskDispatcher with 16 workers.
[PhysX] Initialized MultithreadedTaskDispatcher with 16 workers.
[PhysX] Initialized MultithreadedTaskDispatcher with 16 workers.
[PhysX] Initialized MultithreadedTaskDispatcher with 16 workers.
 -> (artifact id: 'ba8fd14ed1ed5b5ae446ae93664aa0cf') in 0.016636 seconds
Number of updated asset objects reloaded before import = 0
Number of asset objects unloaded after import = 8
========================================================================
Received Import Request.
  Time since last request: 0.000013 seconds.
  path: Assets/_Assets/KayKit Dungeon Pack 1.0/Models/fbx/scaffold_small_low_long.fbx
  artifactKey: Guid(f5b8c2586e3a11947846062f312b6926) Importer(815301076,1909f56bfc062723c751e8b465ee728b)
Start importing Assets/_Assets/KayKit Dungeon Pack 1.0/Models/fbx/scaffold_small_low_long.fbx using Guid(f5b8c2586e3a11947846062f312b6926) Importer(815301076,1909f56bfc062723c751e8b465ee728b) [PhysX] Initialized MultithreadedTaskDispatcher with 16 workers.
[PhysX] Initialized MultithreadedTaskDispatcher with 16 workers.
[PhysX] Initialized MultithreadedTaskDispatcher with 16 workers.
[PhysX] Initialized MultithreadedTaskDispatcher with 16 workers.
 -> (artifact id: 'e0b034e2c4aaca281ca1b9d28dcce6c1') in 0.020492 seconds
Number of updated asset objects reloaded before import = 0
Number of asset objects unloaded after import = 8
========================================================================
Received Import Request.
  Time since last request: 0.136763 seconds.
  path: Assets/_Assets/KayKit Dungeon Pack 1.0/Models/fbx/scaffold_small_low_railing_long.fbx
  artifactKey: Guid(24c85e8a61b0723428e9b36b25cfdd1b) Importer(815301076,1909f56bfc062723c751e8b465ee728b)
Start importing Assets/_Assets/KayKit Dungeon Pack 1.0/Models/fbx/scaffold_small_low_railing_long.fbx using Guid(24c85e8a61b0723428e9b36b25cfdd1b) Importer(815301076,1909f56bfc062723c751e8b465ee728b) [PhysX] Initialized MultithreadedTaskDispatcher with 16 workers.
[PhysX] Initialized MultithreadedTaskDispatcher with 16 workers.
[PhysX] Initialized MultithreadedTaskDispatcher with 16 workers.
[PhysX] Initialized MultithreadedTaskDispatcher with 16 workers.
 -> (artifact id: 'e3b08c1c566de190b5899fec443f6ea0') in 0.017350 seconds
Number of updated asset objects reloaded before import = 0
Number of asset objects unloaded after import = 8
========================================================================
Received Import Request.
  Time since last request: 1.110294 seconds.
  path: Assets/_Assets/KayKit Dungeon Pack 1.0/Models/fbx/scaffold_small_medium_cornerRight.fbx
  artifactKey: Guid(d50d38716878e3a469f59162b2a90e5b) Importer(815301076,1909f56bfc062723c751e8b465ee728b)
Start importing Assets/_Assets/KayKit Dungeon Pack 1.0/Models/fbx/scaffold_small_medium_cornerRight.fbx using Guid(d50d38716878e3a469f59162b2a90e5b) Importer(815301076,1909f56bfc062723c751e8b465ee728b) [PhysX] Initialized MultithreadedTaskDispatcher with 16 workers.
[PhysX] Initialized MultithreadedTaskDispatcher with 16 workers.
[PhysX] Initialized MultithreadedTaskDispatcher with 16 workers.
[PhysX] Initialized MultithreadedTaskDispatcher with 16 workers.
 -> (artifact id: '19480bf19f701b9c17a864945f06136e') in 0.017282 seconds
Number of updated asset objects reloaded before import = 0
Number of asset objects unloaded after import = 8
========================================================================
Received Import Request.
  Time since last request: 0.005910 seconds.
  path: Assets/_Assets/KayKit Dungeon Pack 1.0/Models/fbx/scaffold_small_medium_long.fbx
  artifactKey: Guid(3358d845ee4c5c44d9678303a8f8a6d7) Importer(815301076,1909f56bfc062723c751e8b465ee728b)
Start importing Assets/_Assets/KayKit Dungeon Pack 1.0/Models/fbx/scaffold_small_medium_long.fbx using Guid(3358d845ee4c5c44d9678303a8f8a6d7) Importer(815301076,1909f56bfc062723c751e8b465ee728b) [PhysX] Initialized MultithreadedTaskDispatcher with 16 workers.
[PhysX] Initialized MultithreadedTaskDispatcher with 16 workers.
[PhysX] Initialized MultithreadedTaskDispatcher with 16 workers.
[PhysX] Initialized MultithreadedTaskDispatcher with 16 workers.
 -> (artifact id: '0692056c797967c31d4d84438458d6eb') in 0.019700 seconds
Number of updated asset objects reloaded before import = 0
Number of asset objects unloaded after import = 8
========================================================================
Received Import Request.
  Time since last request: 0.000015 seconds.
  path: Assets/_Assets/KayKit Dungeon Pack 1.0/Models/fbx/scaffold_stairs.fbx
  artifactKey: Guid(db5ee7fd747cb204ab72ddfa0b2aba4d) Importer(815301076,1909f56bfc062723c751e8b465ee728b)
Start importing Assets/_Assets/KayKit Dungeon Pack 1.0/Models/fbx/scaffold_stairs.fbx using Guid(db5ee7fd747cb204ab72ddfa0b2aba4d) Importer(815301076,1909f56bfc062723c751e8b465ee728b) [PhysX] Initialized MultithreadedTaskDispatcher with 16 workers.
[PhysX] Initialized MultithreadedTaskDispatcher with 16 workers.
[PhysX] Initialized MultithreadedTaskDispatcher with 16 workers.
[PhysX] Initialized MultithreadedTaskDispatcher with 16 workers.
 -> (artifact id: '9f166de10bf07a5e126f3ec6dce95e49') in 0.021384 seconds
Number of updated asset objects reloaded before import = 0
Number of asset objects unloaded after import = 8
========================================================================
Received Import Request.
  Time since last request: 0.003593 seconds.
  path: Assets/_Assets/KayKit Dungeon Pack 1.0/Models/fbx/shield_common.fbx
  artifactKey: Guid(eb01214c5fcd38244854490b5fc9cbf8) Importer(815301076,1909f56bfc062723c751e8b465ee728b)
Start importing Assets/_Assets/KayKit Dungeon Pack 1.0/Models/fbx/shield_common.fbx using Guid(eb01214c5fcd38244854490b5fc9cbf8) Importer(815301076,1909f56bfc062723c751e8b465ee728b) [PhysX] Initialized MultithreadedTaskDispatcher with 16 workers.
[PhysX] Initialized MultithreadedTaskDispatcher with 16 workers.
[PhysX] Initialized MultithreadedTaskDispatcher with 16 workers.
[PhysX] Initialized MultithreadedTaskDispatcher with 16 workers.
[PhysX] Initialized MultithreadedTaskDispatcher with 16 workers.
[PhysX] Initialized MultithreadedTaskDispatcher with 16 workers.
 -> (artifact id: '6a15c9a42ca7a6424df9818031b27fb6') in 0.032994 seconds
Number of updated asset objects reloaded before import = 0
Number of asset objects unloaded after import = 10
========================================================================
Received Import Request.
  Time since last request: 0.531546 seconds.
  path: Assets/_Assets/KayKit Dungeon Pack 1.0/Models/fbx/staff_common.fbx
  artifactKey: Guid(bce51234079c53f47a957654b6d36b56) Importer(815301076,1909f56bfc062723c751e8b465ee728b)
Start importing Assets/_Assets/KayKit Dungeon Pack 1.0/Models/fbx/staff_common.fbx using Guid(bce51234079c53f47a957654b6d36b56) Importer(815301076,1909f56bfc062723c751e8b465ee728b) [PhysX] Initialized MultithreadedTaskDispatcher with 16 workers.
[PhysX] Initialized MultithreadedTaskDispatcher with 16 workers.
[PhysX] Initialized MultithreadedTaskDispatcher with 16 workers.
[PhysX] Initialized MultithreadedTaskDispatcher with 16 workers.
[PhysX] Initialized MultithreadedTaskDispatcher with 16 workers.
 -> (artifact id: '9e385355b0cce8d7f08b5ef931e6f34f') in 0.015774 seconds
Number of updated asset objects reloaded before import = 0
Number of asset objects unloaded after import = 9
========================================================================
Received Import Request.
  Time since last request: 0.000017 seconds.
  path: Assets/_Assets/KayKit Dungeon Pack 1.0/Models/fbx/staff_rare.fbx
  artifactKey: Guid(5d278a175d4e2e143909b500ff87e185) Importer(815301076,1909f56bfc062723c751e8b465ee728b)
Start importing Assets/_Assets/KayKit Dungeon Pack 1.0/Models/fbx/staff_rare.fbx using Guid(5d278a175d4e2e143909b500ff87e185) Importer(815301076,1909f56bfc062723c751e8b465ee728b) [PhysX] Initialized MultithreadedTaskDispatcher with 16 workers.
[PhysX] Initialized MultithreadedTaskDispatcher with 16 workers.
[PhysX] Initialized MultithreadedTaskDispatcher with 16 workers.
[PhysX] Initialized MultithreadedTaskDispatcher with 16 workers.
[PhysX] Initialized MultithreadedTaskDispatcher with 16 workers.
[PhysX] Initialized MultithreadedTaskDispatcher with 16 workers.
 -> (artifact id: '005757701a99e7c20455b150b8a6d434') in 0.018882 seconds
Number of updated asset objects reloaded before import = 0
Number of asset objects unloaded after import = 10
========================================================================
Received Import Request.
  Time since last request: 0.322253 seconds.
  path: Assets/_Assets/KayKit Dungeon Pack 1.0/Models/fbx/stairs.fbx
  artifactKey: Guid(64f3cde0d4ee01c49a0e435c206c2900) Importer(815301076,1909f56bfc062723c751e8b465ee728b)
Start importing Assets/_Assets/KayKit Dungeon Pack 1.0/Models/fbx/stairs.fbx using Guid(64f3cde0d4ee01c49a0e435c206c2900) Importer(815301076,1909f56bfc062723c751e8b465ee728b) [PhysX] Initialized MultithreadedTaskDispatcher with 16 workers.
[PhysX] Initialized MultithreadedTaskDispatcher with 16 workers.
[PhysX] Initialized MultithreadedTaskDispatcher with 16 workers.
[PhysX] Initialized MultithreadedTaskDispatcher with 16 workers.
 -> (artifact id: '0203ae65115ca8d37fc380d679a2785e') in 0.012952 seconds
Number of updated asset objects reloaded before import = 0
Number of asset objects unloaded after import = 8
========================================================================
Received Import Request.
  Time since last request: 0.000013 seconds.
  path: Assets/_Assets/KayKit Dungeon Pack 1.0/Models/fbx/stairs_wide.fbx
  artifactKey: Guid(7b31c276314429f47bea35a378c737af) Importer(815301076,1909f56bfc062723c751e8b465ee728b)
Start importing Assets/_Assets/KayKit Dungeon Pack 1.0/Models/fbx/stairs_wide.fbx using Guid(7b31c276314429f47bea35a378c737af) Importer(815301076,1909f56bfc062723c751e8b465ee728b) [PhysX] Initialized MultithreadedTaskDispatcher with 16 workers.
[PhysX] Initialized MultithreadedTaskDispatcher with 16 workers.
[PhysX] Initialized MultithreadedTaskDispatcher with 16 workers.
[PhysX] Initialized MultithreadedTaskDispatcher with 16 workers.
 -> (artifact id: 'cd35e9d1f7187eb1ec524587444d2e0e') in 0.010639 seconds
Number of updated asset objects reloaded before import = 0
Number of asset objects unloaded after import = 8
========================================================================
Received Import Request.
  Time since last request: 1.917741 seconds.
  path: Assets/_Assets/KayKit Dungeon Pack 1.0/Models/fbx/sword_rare.fbx
  artifactKey: Guid(e817cb2ed249e6a41a843d64e8a5b31d) Importer(815301076,1909f56bfc062723c751e8b465ee728b)
Start importing Assets/_Assets/KayKit Dungeon Pack 1.0/Models/fbx/sword_rare.fbx using Guid(e817cb2ed249e6a41a843d64e8a5b31d) Importer(815301076,1909f56bfc062723c751e8b465ee728b) [PhysX] Initialized MultithreadedTaskDispatcher with 16 workers.
[PhysX] Initialized MultithreadedTaskDispatcher with 16 workers.
[PhysX] Initialized MultithreadedTaskDispatcher with 16 workers.
[PhysX] Initialized MultithreadedTaskDispatcher with 16 workers.
[PhysX] Initialized MultithreadedTaskDispatcher with 16 workers.
[PhysX] Initialized MultithreadedTaskDispatcher with 16 workers.
[PhysX] Initialized MultithreadedTaskDispatcher with 16 workers.
 -> (artifact id: 'bb9aef249b6634b5938cb3a169e9f95b') in 0.022534 seconds
Number of updated asset objects reloaded before import = 0
Number of asset objects unloaded after import = 11
========================================================================
Received Import Request.
  Time since last request: 0.736004 seconds.
  path: Assets/_Assets/KayKit Dungeon Pack 1.0/Models/fbx/tableMedium.fbx
  artifactKey: Guid(3f3d4b8451bb46a468ec376ada88a778) Importer(815301076,1909f56bfc062723c751e8b465ee728b)
Start importing Assets/_Assets/KayKit Dungeon Pack 1.0/Models/fbx/tableMedium.fbx using Guid(3f3d4b8451bb46a468ec376ada88a778) Importer(815301076,1909f56bfc062723c751e8b465ee728b) [PhysX] Initialized MultithreadedTaskDispatcher with 16 workers.
[PhysX] Initialized MultithreadedTaskDispatcher with 16 workers.
[PhysX] Initialized MultithreadedTaskDispatcher with 16 workers.
[PhysX] Initialized MultithreadedTaskDispatcher with 16 workers.
 -> (artifact id: '222cc680e1a2362f2472592760396817') in 0.020613 seconds
Number of updated asset objects reloaded before import = 0
Number of asset objects unloaded after import = 8
========================================================================
Received Import Request.
  Time since last request: 0.062162 seconds.
  path: Assets/_Assets/KayKit Dungeon Pack 1.0/Models/fbx/tileBrickA_medium.fbx
  artifactKey: Guid(1b2f5034f364abe4a828be1c942897c6) Importer(815301076,1909f56bfc062723c751e8b465ee728b)
Start importing Assets/_Assets/KayKit Dungeon Pack 1.0/Models/fbx/tileBrickA_medium.fbx using Guid(1b2f5034f364abe4a828be1c942897c6) Importer(815301076,1909f56bfc062723c751e8b465ee728b) [PhysX] Initialized MultithreadedTaskDispatcher with 16 workers.
[PhysX] Initialized MultithreadedTaskDispatcher with 16 workers.
[PhysX] Initialized MultithreadedTaskDispatcher with 16 workers.
[PhysX] Initialized MultithreadedTaskDispatcher with 16 workers.
[PhysX] Initialized MultithreadedTaskDispatcher with 16 workers.
 -> (artifact id: '471e2083681ba259ed4066a3b87ebd05') in 0.015083 seconds
Number of updated asset objects reloaded before import = 0
Number of asset objects unloaded after import = 9
========================================================================
Received Import Request.
  Time since last request: 1.374218 seconds.
  path: Assets/_Assets/KayKit Dungeon Pack 1.0/Models/fbx/tileBrickB_largeCrackedA.fbx
  artifactKey: Guid(56fec92aa2960ff4eaece29e152a4369) Importer(815301076,1909f56bfc062723c751e8b465ee728b)
Start importing Assets/_Assets/KayKit Dungeon Pack 1.0/Models/fbx/tileBrickB_largeCrackedA.fbx using Guid(56fec92aa2960ff4eaece29e152a4369) Importer(815301076,1909f56bfc062723c751e8b465ee728b) [PhysX] Initialized MultithreadedTaskDispatcher with 16 workers.
[PhysX] Initialized MultithreadedTaskDispatcher with 16 workers.
[PhysX] Initialized MultithreadedTaskDispatcher with 16 workers.
[PhysX] Initialized MultithreadedTaskDispatcher with 16 workers.
 -> (artifact id: 'a705c0fa43bf12d092dd8143a4d385d4') in 0.011722 seconds
Number of updated asset objects reloaded before import = 0
Number of asset objects unloaded after import = 8
========================================================================
Received Import Request.
  Time since last request: 5.691254 seconds.
  path: Assets/_Assets/KayKit Dungeon Pack 1.0/Models/fbx/tileBrickB_small.fbx
  artifactKey: Guid(5e9b388cd4b152240a5bff6af510583c) Importer(815301076,1909f56bfc062723c751e8b465ee728b)
Start importing Assets/_Assets/KayKit Dungeon Pack 1.0/Models/fbx/tileBrickB_small.fbx using Guid(5e9b388cd4b152240a5bff6af510583c) Importer(815301076,1909f56bfc062723c751e8b465ee728b) [PhysX] Initialized MultithreadedTaskDispatcher with 16 workers.
[PhysX] Initialized MultithreadedTaskDispatcher with 16 workers.
[PhysX] Initialized MultithreadedTaskDispatcher with 16 workers.
[PhysX] Initialized MultithreadedTaskDispatcher with 16 workers.
 -> (artifact id: 'ed90de285204be6c8c1abbb2ce04dd35') in 0.020177 seconds
Number of updated asset objects reloaded before import = 0
Number of asset objects unloaded after import = 8
========================================================================
Received Import Request.
  Time since last request: 22.154271 seconds.
  path: Assets/_Assets/KayKit Dungeon Pack 1.0/Models/fbx/tileSpikes_shallow.fbx
  artifactKey: Guid(ab39026a2a89b884490d2063a47dccd7) Importer(815301076,1909f56bfc062723c751e8b465ee728b)
Start importing Assets/_Assets/KayKit Dungeon Pack 1.0/Models/fbx/tileSpikes_shallow.fbx using Guid(ab39026a2a89b884490d2063a47dccd7) Importer(815301076,1909f56bfc062723c751e8b465ee728b) [PhysX] Initialized MultithreadedTaskDispatcher with 16 workers.
[PhysX] Initialized MultithreadedTaskDispatcher with 16 workers.
[PhysX] Initialized MultithreadedTaskDispatcher with 16 workers.
[PhysX] Initialized MultithreadedTaskDispatcher with 16 workers.
[PhysX] Initialized MultithreadedTaskDispatcher with 16 workers.
[PhysX] Initialized MultithreadedTaskDispatcher with 16 workers.
 -> (artifact id: '4989a2c2cf48a0cb39e5e8f3a6a6f252') in 0.037791 seconds
Number of updated asset objects reloaded before import = 0
Number of asset objects unloaded after import = 10
========================================================================
Received Import Request.
  Time since last request: 0.032167 seconds.
  path: Assets/_Assets/KayKit Dungeon Pack 1.0/Models/fbx/trapdoor.fbx
  artifactKey: Guid(a9205558ff5db3c47ac27452461694aa) Importer(815301076,1909f56bfc062723c751e8b465ee728b)
Start importing Assets/_Assets/KayKit Dungeon Pack 1.0/Models/fbx/trapdoor.fbx using Guid(a9205558ff5db3c47ac27452461694aa) Importer(815301076,1909f56bfc062723c751e8b465ee728b) [PhysX] Initialized MultithreadedTaskDispatcher with 16 workers.
[PhysX] Initialized MultithreadedTaskDispatcher with 16 workers.
[PhysX] Initialized MultithreadedTaskDispatcher with 16 workers.
[PhysX] Initialized MultithreadedTaskDispatcher with 16 workers.
[PhysX] Initialized MultithreadedTaskDispatcher with 16 workers.
 -> (artifact id: '922dd3e5c0d4f98a64f71699618a0ce0') in 0.041568 seconds
Number of updated asset objects reloaded before import = 0
Number of asset objects unloaded after import = 9
========================================================================
Received Import Request.
  Time since last request: 0.080304 seconds.
  path: Assets/_Assets/KayKit Dungeon Pack 1.0/Models/fbx/wall_door.fbx
  artifactKey: Guid(ddc8d7e768df03c429ac557d20b03346) Importer(815301076,1909f56bfc062723c751e8b465ee728b)
Start importing Assets/_Assets/KayKit Dungeon Pack 1.0/Models/fbx/wall_door.fbx using Guid(ddc8d7e768df03c429ac557d20b03346) Importer(815301076,1909f56bfc062723c751e8b465ee728b) [PhysX] Initialized MultithreadedTaskDispatcher with 16 workers.
[PhysX] Initialized MultithreadedTaskDispatcher with 16 workers.
[PhysX] Initialized MultithreadedTaskDispatcher with 16 workers.
[PhysX] Initialized MultithreadedTaskDispatcher with 16 workers.
[PhysX] Initialized MultithreadedTaskDispatcher with 16 workers.
 -> (artifact id: '17b35c56afbbece7d5f22584ed4c2807') in 0.023873 seconds
Number of updated asset objects reloaded before import = 0
Number of asset objects unloaded after import = 9
========================================================================
Received Import Request.
  Time since last request: 71.134370 seconds.
  path: Assets/_Assets/KayKit Dungeon Pack 1.0/Models/fbx/wall_end_broken.fbx
  artifactKey: Guid(d43e4d7b9c76cc345a9c879e035ef271) Importer(815301076,1909f56bfc062723c751e8b465ee728b)
Start importing Assets/_Assets/KayKit Dungeon Pack 1.0/Models/fbx/wall_end_broken.fbx using Guid(d43e4d7b9c76cc345a9c879e035ef271) Importer(815301076,1909f56bfc062723c751e8b465ee728b) [PhysX] Initialized MultithreadedTaskDispatcher with 16 workers.
[PhysX] Initialized MultithreadedTaskDispatcher with 16 workers.
[PhysX] Initialized MultithreadedTaskDispatcher with 16 workers.
[PhysX] Initialized MultithreadedTaskDispatcher with 16 workers.
[PhysX] Initialized MultithreadedTaskDispatcher with 16 workers.
 -> (artifact id: '1f8fdec561a8139a0574b4bff726fa19') in 0.026808 seconds
Number of updated asset objects reloaded before import = 0
Number of asset objects unloaded after import = 9
========================================================================
Received Import Request.
  Time since last request: 9.588569 seconds.
  path: Assets/_Assets/KayKit Dungeon Pack 1.0/Models/fbx/wall_gateDoor.fbx
  artifactKey: Guid(9a8b9690026a11e4fabe1bb7e0433d23) Importer(815301076,1909f56bfc062723c751e8b465ee728b)
Start importing Assets/_Assets/KayKit Dungeon Pack 1.0/Models/fbx/wall_gateDoor.fbx using Guid(9a8b9690026a11e4fabe1bb7e0433d23) Importer(815301076,1909f56bfc062723c751e8b465ee728b) [PhysX] Initialized MultithreadedTaskDispatcher with 16 workers.
[PhysX] Initialized MultithreadedTaskDispatcher with 16 workers.
[PhysX] Initialized MultithreadedTaskDispatcher with 16 workers.
[PhysX] Initialized MultithreadedTaskDispatcher with 16 workers.
[PhysX] Initialized MultithreadedTaskDispatcher with 16 workers.
[PhysX] Initialized MultithreadedTaskDispatcher with 16 workers.
 -> (artifact id: '8acb7fbb24c5441c1cf890e45d9e1433') in 0.029136 seconds
Number of updated asset objects reloaded before import = 0
Number of asset objects unloaded after import = 10
========================================================================
Received Import Request.
  Time since last request: 0.081699 seconds.
  path: Assets/_Assets/KayKit Dungeon Pack 1.0/Models/fbx/wallCorner.fbx
  artifactKey: Guid(8df631b964afc3b48910e3e446a2e17a) Importer(815301076,1909f56bfc062723c751e8b465ee728b)
Start importing Assets/_Assets/KayKit Dungeon Pack 1.0/Models/fbx/wallCorner.fbx using Guid(8df631b964afc3b48910e3e446a2e17a) Importer(815301076,1909f56bfc062723c751e8b465ee728b) [PhysX] Initialized MultithreadedTaskDispatcher with 16 workers.
[PhysX] Initialized MultithreadedTaskDispatcher with 16 workers.
[PhysX] Initialized MultithreadedTaskDispatcher with 16 workers.
[PhysX] Initialized MultithreadedTaskDispatcher with 16 workers.
[PhysX] Initialized MultithreadedTaskDispatcher with 16 workers.
 -> (artifact id: '4890e95e5231a3b74355b9ff9c1ddc1c') in 0.024595 seconds
Number of updated asset objects reloaded before import = 0
Number of asset objects unloaded after import = 9
========================================================================
Received Import Request.
  Time since last request: 0.000017 seconds.
  path: Assets/_Assets/KayKit Dungeon Pack 1.0/Models/fbx/wallDecorationA.fbx
  artifactKey: Guid(f166eebe21e31804392e9ac253932cdc) Importer(815301076,1909f56bfc062723c751e8b465ee728b)
Start importing Assets/_Assets/KayKit Dungeon Pack 1.0/Models/fbx/wallDecorationA.fbx using Guid(f166eebe21e31804392e9ac253932cdc) Importer(815301076,1909f56bfc062723c751e8b465ee728b) [PhysX] Initialized MultithreadedTaskDispatcher with 16 workers.
[PhysX] Initialized MultithreadedTaskDispatcher with 16 workers.
[PhysX] Initialized MultithreadedTaskDispatcher with 16 workers.
[PhysX] Initialized MultithreadedTaskDispatcher with 16 workers.
[PhysX] Initialized MultithreadedTaskDispatcher with 16 workers.
 -> (artifact id: '07dd00f748228bc48b201ea07bfab5ca') in 0.018963 seconds
Number of updated asset objects reloaded before import = 0
Number of asset objects unloaded after import = 9
========================================================================
Received Import Request.
  Time since last request: 31.090870 seconds.
  path: Assets/_Assets/KayKit Dungeon Pack 1.0/Models/fbx/wallIntersection.fbx
  artifactKey: Guid(9f33beb6266dc674dac7a1601cdb0468) Importer(815301076,1909f56bfc062723c751e8b465ee728b)
Start importing Assets/_Assets/KayKit Dungeon Pack 1.0/Models/fbx/wallIntersection.fbx using Guid(9f33beb6266dc674dac7a1601cdb0468) Importer(815301076,1909f56bfc062723c751e8b465ee728b) [PhysX] Initialized MultithreadedTaskDispatcher with 16 workers.
[PhysX] Initialized MultithreadedTaskDispatcher with 16 workers.
[PhysX] Initialized MultithreadedTaskDispatcher with 16 workers.
[PhysX] Initialized MultithreadedTaskDispatcher with 16 workers.
[PhysX] Initialized MultithreadedTaskDispatcher with 16 workers.
 -> (artifact id: 'c956aff76e73461d8aa2a5aeb0096a6f') in 0.027637 seconds
Number of updated asset objects reloaded before import = 0
Number of asset objects unloaded after import = 9
========================================================================
Received Import Request.
  Time since last request: 0.525049 seconds.
  path: Assets/_Assets/KayKit Dungeon Pack 1.0/Models/fbx/wallSingle_corner.fbx
  artifactKey: Guid(37778263831ce244a8492964f0ea2b35) Importer(815301076,1909f56bfc062723c751e8b465ee728b)
Start importing Assets/_Assets/KayKit Dungeon Pack 1.0/Models/fbx/wallSingle_corner.fbx using Guid(37778263831ce244a8492964f0ea2b35) Importer(815301076,1909f56bfc062723c751e8b465ee728b) [PhysX] Initialized MultithreadedTaskDispatcher with 16 workers.
[PhysX] Initialized MultithreadedTaskDispatcher with 16 workers.
[PhysX] Initialized MultithreadedTaskDispatcher with 16 workers.
[PhysX] Initialized MultithreadedTaskDispatcher with 16 workers.
[PhysX] Initialized MultithreadedTaskDispatcher with 16 workers.
 -> (artifact id: '114ef9f085ba5a428b9b3752590be5b9') in 0.023480 seconds
Number of updated asset objects reloaded before import = 0
Number of asset objects unloaded after import = 9
========================================================================
Received Import Request.
  Time since last request: 12.118482 seconds.
  path: Assets/_Assets/KayKit Dungeon Pack 1.0/Models/fbx/wallSingle_door.fbx
  artifactKey: Guid(1cd86011b0162e5439515e2db188624d) Importer(815301076,1909f56bfc062723c751e8b465ee728b)
Start importing Assets/_Assets/KayKit Dungeon Pack 1.0/Models/fbx/wallSingle_door.fbx using Guid(1cd86011b0162e5439515e2db188624d) Importer(815301076,1909f56bfc062723c751e8b465ee728b) [PhysX] Initialized MultithreadedTaskDispatcher with 16 workers.
[PhysX] Initialized MultithreadedTaskDispatcher with 16 workers.
[PhysX] Initialized MultithreadedTaskDispatcher with 16 workers.
[PhysX] Initialized MultithreadedTaskDispatcher with 16 workers.
[PhysX] Initialized MultithreadedTaskDispatcher with 16 workers.
 -> (artifact id: '2b3b9f15ab917c2a2f351905bf0adc39') in 0.024517 seconds
Number of updated asset objects reloaded before import = 0
Number of asset objects unloaded after import = 9
========================================================================
Received Import Request.
  Time since last request: 0.000016 seconds.
  path: Assets/_Assets/KayKit Dungeon Pack 1.0/Models/fbx/wallSingle_split.fbx
  artifactKey: Guid(ea0ad76237842b5498f3719b1c47c151) Importer(815301076,1909f56bfc062723c751e8b465ee728b)
Start importing Assets/_Assets/KayKit Dungeon Pack 1.0/Models/fbx/wallSingle_split.fbx using Guid(ea0ad76237842b5498f3719b1c47c151) Importer(815301076,1909f56bfc062723c751e8b465ee728b) [PhysX] Initialized MultithreadedTaskDispatcher with 16 workers.
[PhysX] Initialized MultithreadedTaskDispatcher with 16 workers.
[PhysX] Initialized MultithreadedTaskDispatcher with 16 workers.
[PhysX] Initialized MultithreadedTaskDispatcher with 16 workers.
[PhysX] Initialized MultithreadedTaskDispatcher with 16 workers.
 -> (artifact id: 'c4400d1dc4f56217c14df61f8aea8c46') in 0.032339 seconds
Number of updated asset objects reloaded before import = 0
Number of asset objects unloaded after import = 9
========================================================================
Received Import Request.
  Time since last request: 0.334097 seconds.
  path: Assets/_Assets/KayKit Dungeon Pack 1.0/Models/fbx/wallSingle_windowGate.fbx
  artifactKey: Guid(6efc321b489b81a4baf3f5ded3af1fcc) Importer(815301076,1909f56bfc062723c751e8b465ee728b)
Start importing Assets/_Assets/KayKit Dungeon Pack 1.0/Models/fbx/wallSingle_windowGate.fbx using Guid(6efc321b489b81a4baf3f5ded3af1fcc) Importer(815301076,1909f56bfc062723c751e8b465ee728b) [PhysX] Initialized MultithreadedTaskDispatcher with 16 workers.
[PhysX] Initialized MultithreadedTaskDispatcher with 16 workers.
[PhysX] Initialized MultithreadedTaskDispatcher with 16 workers.
[PhysX] Initialized MultithreadedTaskDispatcher with 16 workers.
[PhysX] Initialized MultithreadedTaskDispatcher with 16 workers.
[PhysX] Initialized MultithreadedTaskDispatcher with 16 workers.
 -> (artifact id: 'faddb3274b8fb73460a8615d607f5015') in 0.036368 seconds
Number of updated asset objects reloaded before import = 0
Number of asset objects unloaded after import = 10
========================================================================
Received Import Request.
  Time since last request: 1406.262596 seconds.
  path: Assets/_Assets/KayKit Spooktober Seasonal Pack 1.1/Models/fbx/candleLarge.fbx
  artifactKey: Guid(940d6d2fc9dd49741bc62742bca6850f) Importer(815301076,1909f56bfc062723c751e8b465ee728b)
Start importing Assets/_Assets/KayKit Spooktober Seasonal Pack 1.1/Models/fbx/candleLarge.fbx using Guid(940d6d2fc9dd49741bc62742bca6850f) Importer(815301076,1909f56bfc062723c751e8b465ee728b) [PhysX] Initialized MultithreadedTaskDispatcher with 16 workers.
[PhysX] Initialized MultithreadedTaskDispatcher with 16 workers.
[PhysX] Initialized MultithreadedTaskDispatcher with 16 workers.
[PhysX] Initialized MultithreadedTaskDispatcher with 16 workers.
[PhysX] Initialized MultithreadedTaskDispatcher with 16 workers.
[PhysX] Initialized MultithreadedTaskDispatcher with 16 workers.
 -> (artifact id: '40dad00ce458c2f3c81479d7a5d0ffd4') in 0.029522 seconds
Number of updated asset objects reloaded before import = 0
Number of asset objects unloaded after import = 10
========================================================================
Received Import Request.
  Time since last request: 0.000021 seconds.
  path: Assets/_Assets/KayKit Spooktober Seasonal Pack 1.1/Models/fbx/coffinA_bottom.fbx
  artifactKey: Guid(07357bd248a51b74d95dd40279b3b96c) Importer(815301076,1909f56bfc062723c751e8b465ee728b)
Start importing Assets/_Assets/KayKit Spooktober Seasonal Pack 1.1/Models/fbx/coffinA_bottom.fbx using Guid(07357bd248a51b74d95dd40279b3b96c) Importer(815301076,1909f56bfc062723c751e8b465ee728b) [PhysX] Initialized MultithreadedTaskDispatcher with 16 workers.
[PhysX] Initialized MultithreadedTaskDispatcher with 16 workers.
[PhysX] Initialized MultithreadedTaskDispatcher with 16 workers.
[PhysX] Initialized MultithreadedTaskDispatcher with 16 workers.
[PhysX] Initialized MultithreadedTaskDispatcher with 16 workers.
[PhysX] Initialized MultithreadedTaskDispatcher with 16 workers.
 -> (artifact id: '19515980de43dd0217d3c68ab89cea0f') in 0.042984 seconds
Number of updated asset objects reloaded before import = 0
Number of asset objects unloaded after import = 10
========================================================================
Received Import Request.
  Time since last request: 0.000021 seconds.
  path: Assets/_Assets/KayKit Spooktober Seasonal Pack 1.1/Models/fbx/candyCorn.fbx
  artifactKey: Guid(b066acd147fdb6b42b14dc26f5e79005) Importer(815301076,1909f56bfc062723c751e8b465ee728b)
Start importing Assets/_Assets/KayKit Spooktober Seasonal Pack 1.1/Models/fbx/candyCorn.fbx using Guid(b066acd147fdb6b42b14dc26f5e79005) Importer(815301076,1909f56bfc062723c751e8b465ee728b) [PhysX] Initialized MultithreadedTaskDispatcher with 16 workers.
[PhysX] Initialized MultithreadedTaskDispatcher with 16 workers.
[PhysX] Initialized MultithreadedTaskDispatcher with 16 workers.
[PhysX] Initialized MultithreadedTaskDispatcher with 16 workers.
[PhysX] Initialized MultithreadedTaskDispatcher with 16 workers.
[PhysX] Initialized MultithreadedTaskDispatcher with 16 workers.
 -> (artifact id: '0eeb190f419ae1c86ab841f2c0efaa63') in 0.037773 seconds
Number of updated asset objects reloaded before import = 0
Number of asset objects unloaded after import = 10
========================================================================
Received Import Request.
  Time since last request: 0.000027 seconds.
  path: Assets/_Assets/KayKit Spooktober Seasonal Pack 1.1/Models/fbx/candyC.fbx
  artifactKey: Guid(3ef6c18257686cd4c90f4f0c22027a5b) Importer(815301076,1909f56bfc062723c751e8b465ee728b)
Start importing Assets/_Assets/KayKit Spooktober Seasonal Pack 1.1/Models/fbx/candyC.fbx using Guid(3ef6c18257686cd4c90f4f0c22027a5b) Importer(815301076,1909f56bfc062723c751e8b465ee728b) [PhysX] Initialized MultithreadedTaskDispatcher with 16 workers.
[PhysX] Initialized MultithreadedTaskDispatcher with 16 workers.
[PhysX] Initialized MultithreadedTaskDispatcher with 16 workers.
[PhysX] Initialized MultithreadedTaskDispatcher with 16 workers.
[PhysX] Initialized MultithreadedTaskDispatcher with 16 workers.
 -> (artifact id: '04f3c6ef626c27688bfa587b050c2add') in 0.018040 seconds
Number of updated asset objects reloaded before import = 0
Number of asset objects unloaded after import = 9
========================================================================
Received Import Request.
  Time since last request: 0.000017 seconds.
  path: Assets/_Assets/KayKit Spooktober Seasonal Pack 1.1/Models/fbx/candyA.fbx
  artifactKey: Guid(1e5e146b6cab1c142bb0dad7cbd94097) Importer(815301076,1909f56bfc062723c751e8b465ee728b)
Start importing Assets/_Assets/KayKit Spooktober Seasonal Pack 1.1/Models/fbx/candyA.fbx using Guid(1e5e146b6cab1c142bb0dad7cbd94097) Importer(815301076,1909f56bfc062723c751e8b465ee728b) [PhysX] Initialized MultithreadedTaskDispatcher with 16 workers.
[PhysX] Initialized MultithreadedTaskDispatcher with 16 workers.
[PhysX] Initialized MultithreadedTaskDispatcher with 16 workers.
[PhysX] Initialized MultithreadedTaskDispatcher with 16 workers.
[PhysX] Initialized MultithreadedTaskDispatcher with 16 workers.
 -> (artifact id: '42bf766806ece314a318d0bd1e53623a') in 0.015116 seconds
Number of updated asset objects reloaded before import = 0
Number of asset objects unloaded after import = 9
========================================================================
Received Import Request.
  Time since last request: 0.000020 seconds.
  path: Assets/_Assets/KayKit Spooktober Seasonal Pack 1.1/Models/fbx/coffinA_top.fbx
  artifactKey: Guid(5c5a3446272979d47a8e8b3f5db19782) Importer(815301076,1909f56bfc062723c751e8b465ee728b)
Start importing Assets/_Assets/KayKit Spooktober Seasonal Pack 1.1/Models/fbx/coffinA_top.fbx using Guid(5c5a3446272979d47a8e8b3f5db19782) Importer(815301076,1909f56bfc062723c751e8b465ee728b) [PhysX] Initialized MultithreadedTaskDispatcher with 16 workers.
[PhysX] Initialized MultithreadedTaskDispatcher with 16 workers.
[PhysX] Initialized MultithreadedTaskDispatcher with 16 workers.
[PhysX] Initialized MultithreadedTaskDispatcher with 16 workers.
[PhysX] Initialized MultithreadedTaskDispatcher with 16 workers.
[PhysX] Initialized MultithreadedTaskDispatcher with 16 workers.
 -> (artifact id: '9231a7ae4f84ee9533e81d69ad8f5d33') in 0.016527 seconds
Number of updated asset objects reloaded before import = 0
Number of asset objects unloaded after import = 10
========================================================================
Received Import Request.
  Time since last request: 0.000017 seconds.
  path: Assets/_Assets/KayKit Spooktober Seasonal Pack 1.1/Models/fbx/candyBucket.fbx
  artifactKey: Guid(bf740dc9f32c7c34db84c9928c2d828e) Importer(815301076,1909f56bfc062723c751e8b465ee728b)
Start importing Assets/_Assets/KayKit Spooktober Seasonal Pack 1.1/Models/fbx/candyBucket.fbx using Guid(bf740dc9f32c7c34db84c9928c2d828e) Importer(815301076,1909f56bfc062723c751e8b465ee728b) [PhysX] Initialized MultithreadedTaskDispatcher with 16 workers.
[PhysX] Initialized MultithreadedTaskDispatcher with 16 workers.
[PhysX] Initialized MultithreadedTaskDispatcher with 16 workers.
[PhysX] Initialized MultithreadedTaskDispatcher with 16 workers.
[PhysX] Initialized MultithreadedTaskDispatcher with 16 workers.
[PhysX] Initialized MultithreadedTaskDispatcher with 16 workers.
[PhysX] Initialized MultithreadedTaskDispatcher with 16 workers.
[PhysX] Initialized MultithreadedTaskDispatcher with 16 workers.
[PhysX] Initialized MultithreadedTaskDispatcher with 16 workers.
 -> (artifact id: '25cfc4b8ee6de69eda8149087b9fc4de') in 0.032475 seconds
Number of updated asset objects reloaded before import = 0
Number of asset objects unloaded after import = 13
========================================================================
Received Import Request.
  Time since last request: 0.000018 seconds.
  path: Assets/_Assets/KayKit Spooktober Seasonal Pack 1.1/Models/fbx/candleSmall.fbx
  artifactKey: Guid(b37d48a84ba75134fab5e4d1a4f3b71e) Importer(815301076,1909f56bfc062723c751e8b465ee728b)
Start importing Assets/_Assets/KayKit Spooktober Seasonal Pack 1.1/Models/fbx/candleSmall.fbx using Guid(b37d48a84ba75134fab5e4d1a4f3b71e) Importer(815301076,1909f56bfc062723c751e8b465ee728b) [PhysX] Initialized MultithreadedTaskDispatcher with 16 workers.
[PhysX] Initialized MultithreadedTaskDispatcher with 16 workers.
[PhysX] Initialized MultithreadedTaskDispatcher with 16 workers.
[PhysX] Initialized MultithreadedTaskDispatcher with 16 workers.
[PhysX] Initialized MultithreadedTaskDispatcher with 16 workers.
[PhysX] Initialized MultithreadedTaskDispatcher with 16 workers.
 -> (artifact id: 'f0c100e20b0ccdffeafd2b7c9dc56d20') in 0.019486 seconds
Number of updated asset objects reloaded before import = 0
Number of asset objects unloaded after import = 10
========================================================================
Received Import Request.
  Time since last request: 3.481224 seconds.
  path: Assets/_Assets/KayKit Spooktober Seasonal Pack 1.1/Models/fbx/fencePost.fbx
  artifactKey: Guid(4cb2e366a3307e148b018cb19b22b9bc) Importer(815301076,1909f56bfc062723c751e8b465ee728b)
Start importing Assets/_Assets/KayKit Spooktober Seasonal Pack 1.1/Models/fbx/fencePost.fbx using Guid(4cb2e366a3307e148b018cb19b22b9bc) Importer(815301076,1909f56bfc062723c751e8b465ee728b) [PhysX] Initialized MultithreadedTaskDispatcher with 16 workers.
[PhysX] Initialized MultithreadedTaskDispatcher with 16 workers.
[PhysX] Initialized MultithreadedTaskDispatcher with 16 workers.
[PhysX] Initialized MultithreadedTaskDispatcher with 16 workers.
 -> (artifact id: 'b1767b73f82b85eb4b4a64602f14322b') in 0.016856 seconds
Number of updated asset objects reloaded before import = 0
Number of asset objects unloaded after import = 8
========================================================================
Received Import Request.
  Time since last request: 0.000019 seconds.
  path: Assets/_Assets/KayKit Spooktober Seasonal Pack 1.1/Models/fbx/fenceSingle.fbx
  artifactKey: Guid(cc2606c13a2327d42866d922850476fe) Importer(815301076,1909f56bfc062723c751e8b465ee728b)
Start importing Assets/_Assets/KayKit Spooktober Seasonal Pack 1.1/Models/fbx/fenceSingle.fbx using Guid(cc2606c13a2327d42866d922850476fe) Importer(815301076,1909f56bfc062723c751e8b465ee728b) [PhysX] Initialized MultithreadedTaskDispatcher with 16 workers.
[PhysX] Initialized MultithreadedTaskDispatcher with 16 workers.
[PhysX] Initialized MultithreadedTaskDispatcher with 16 workers.
[PhysX] Initialized MultithreadedTaskDispatcher with 16 workers.
[PhysX] Initialized MultithreadedTaskDispatcher with 16 workers.
 -> (artifact id: 'e6046555756c7eac12e126fda182c1ee') in 0.016989 seconds
Number of updated asset objects reloaded before import = 0
Number of asset objects unloaded after import = 9
Editor requested this worker to shutdown with reason: Scaling down because of idle timeout
TcpMessagingSession - receive error: operation aborted. errorcode: 995, details: The I/O operation has been aborted because of either a thread exit or an application request.
AssetImportWorker is now disconnected from the server
Process exiting
Exiting without the bug reporter. Application will terminate with return code 0